#
# A fatal error has been detected by the Java Runtime Environment:
#
#  EXCEPTION_ACCESS_VIOLATION (0xc0000005) at pc=0x00007ffb563cb3c6, pid=11484, tid=3004
#
# JRE version: Java(TM) SE Runtime Environment (23.0+37) (build 23+37-2369)
# Java VM: Java HotSpot(TM) 64-Bit Server VM (23+37-2369, mixed mode, sharing, tiered, compressed oops, compressed class ptrs, g1 gc, windows-amd64)
# Problematic frame:
# C  [awt.dll+0xdb3c6]
#
# No core dump will be written. Minidumps are not enabled by default on client versions of Windows
#
# If you would like to submit a bug report, please visit:
#   https://bugreport.java.com/bugreport/crash.jsp
# The crash happened outside the Java Virtual Machine in native code.
# See problematic frame for where to report the bug.
#

---------------  S U M M A R Y ------------

Command Line: -Dfile.encoding=UTF-8 --module-path=C:\Users\ergik\Documents\NetBeansProjects\bank management\build\classes bank.management.Transactions

Host: Intel(R) Core(TM) i5-7300U CPU @ 2.60GHz, 4 cores, 15G,  Windows 10 , 64 bit Build 19041 (10.0.19041.5678)
Time: Thu Apr 17 21:56:33 2025 Central Europe Daylight Time elapsed time: 3027.391204 seconds (0d 0h 50m 27s)

---------------  T H R E A D  ---------------

Current thread (0x000002064570afa0):  JavaThread "AWT-EventQueue-0"        [_thread_in_native, id=3004, stack(0x0000008b72100000,0x0000008b72200000) (1024K)]

Stack: [0x0000008b72100000,0x0000008b72200000],  sp=0x0000008b721feaf0,  free space=1018k
Native frames: (J=compiled Java code, j=interpreted, Vv=VM code, C=native code)
C  [awt.dll+0xdb3c6]  (no source info available)
C  [awt.dll+0xdcc02]  (no source info available)
C  0x0000020664c0d207  (no source info available)

The last pc belongs to native method entry point (kind = native) (printed below).
Java frames: (J=compiled Java code, j=interpreted, Vv=VM code)
j  sun.awt.Win32GraphicsDevice.initNativeScale(I)V+0 java.desktop@23
j  sun.awt.Win32GraphicsDevice.initScaleFactors()V+60 java.desktop@23
j  sun.awt.Win32GraphicsDevice.displayChanged()V+16 java.desktop@23
j  sun.awt.Win32GraphicsEnvironment.displayChanged()V+271 java.desktop@23
j  sun.awt.windows.WToolkit.lambda$displayChanged$4()V+15 java.desktop@23
j  sun.awt.windows.WToolkit$$Lambda+0x00000206010fe6b8.run()V+0 java.desktop@23
j  java.awt.event.InvocationEvent.dispatch()V+47 java.desktop@23
j  java.awt.EventQueue.dispatchEventImpl(Ljava/awt/AWTEvent;Ljava/lang/Object;)V+21 java.desktop@23
j  java.awt.EventQueue$4.run()Ljava/lang/Void;+32 java.desktop@23
j  java.awt.EventQueue$4.run()Ljava/lang/Object;+1 java.desktop@23
J 789 c1 java.security.AccessController.doPrivileged(Ljava/security/PrivilegedAction;Ljava/security/AccessControlContext;)Ljava/lang/Object; java.base@23 (17 bytes) @ 0x000002065d7b8dec [0x000002065d7b8c00+0x00000000000001ec]
j  java.security.ProtectionDomain$JavaSecurityAccessImpl.doIntersectionPrivilege(Ljava/security/PrivilegedAction;Ljava/security/AccessControlContext;Ljava/security/AccessControlContext;)Ljava/lang/Object;+18 java.base@23
j  java.awt.EventQueue.dispatchEvent(Ljava/awt/AWTEvent;)V+46 java.desktop@23
j  java.awt.EventDispatchThread.pumpOneEventForFilters(I)V+81 java.desktop@23
j  java.awt.EventDispatchThread.pumpEventsForFilter(ILjava/awt/Conditional;Ljava/awt/EventFilter;)V+35 java.desktop@23
j  java.awt.EventDispatchThread.pumpEventsForHierarchy(ILjava/awt/Conditional;Ljava/awt/Component;)V+11 java.desktop@23
j  java.awt.EventDispatchThread.pumpEvents(ILjava/awt/Conditional;)V+4 java.desktop@23
j  java.awt.EventDispatchThread.pumpEvents(Ljava/awt/Conditional;)V+3 java.desktop@23
j  java.awt.EventDispatchThread.run()V+9 java.desktop@23
v  ~StubRoutines::call_stub 0x0000020664c00fcd

siginfo: EXCEPTION_ACCESS_VIOLATION (0xc0000005), reading address 0x0000000000000081


Registers:
RAX=0x0000000000000031, RBX=0x000002064579b090, RCX=0x0000000000000031, RDX=0x0000000000000000
RSP=0x0000008b721feaf0, RBP=0x0000008b721febd0, RSI=0x0000000000000000, RDI=0x0000000000000000
R8 =0x0000000000000001, R9 =0x00000000000000dd, R10=0x0000020664c0d1d8, R11=0x0000000000000100
R12=0x0000000000000000, R13=0x0000020641235558, R14=0x0000008b721febf8, R15=0x000002064570afa0
RIP=0x00007ffb563cb3c6, EFLAGS=0x0000000000010206


Register to memory mapping:

RAX=0x0000000000000031 is an unknown value
RBX=0x000002064579b090 points into unknown readable memory: 0x00000206456dfa00 | 00 fa 6d 45 06 02 00 00
RCX=0x0000000000000031 is an unknown value
RDX=0x0 is null
RSP=0x0000008b721feaf0 is pointing into the stack for thread: 0x000002064570afa0
RBP=0x0000008b721febd0 is pointing into the stack for thread: 0x000002064570afa0
RSI=0x0 is null
RDI=0x0 is null
R8 =0x0000000000000001 is an unknown value
R9 =0x00000000000000dd is an unknown value
R10=0x0000020664c0d1d8 is at code_begin+1016 in an Interpreter codelet
native method entry point (kind = native)  [0x0000020664c0cde0, 0x0000020664c0d938]  2904 bytes
R11=0x0000000000000100 is an unknown value
R12=0x0 is null
R13={method} {0x0000020641235560} 'initNativeScale' '(I)V' in 'sun/awt/Win32GraphicsDevice'
R14=0x0000008b721febf8 is pointing into the stack for thread: 0x000002064570afa0
R15=0x000002064570afa0 is a thread

Top of Stack: (sp=0x0000008b721feaf0)
0x0000008b721feaf0:   0000020641609e98 00007ffb02cb19ec
0x0000008b721feb00:   000002064579b090 0000000000000000
0x0000008b721feb10:   000002064579b090 00007ffb563ccc02
0x0000008b721feb20:   00007ffb56429838 0000020641235558
0x0000008b721feb30:   0000008b721febe0 0000020673995110
0x0000008b721feb40:   0000020664c0889a 0000020664c0d207
0x0000008b721feb50:   0000020641235558 0000020664c1b207
0x0000008b721feb60:   000002064570afa0 0000020664c0889a
0x0000008b721feb70:   0000000000000000 00007ffb03123c39
0x0000008b721feb80:   0000008b721fecc0 fffffffffffffff7
0x0000008b721feb90:   0000000000000000 0000000000000005
0x0000008b721feba0:   0000020641238c50 0000000000000000
0x0000008b721febb0:   0000000711d68420 0000020641235558
0x0000008b721febc0:   0000000000000000 0000008b721febf0
0x0000008b721febd0:   0000008b721fec48 0000020664c08700
0x0000008b721febe0:   0000000000000000 0000020664c0a5d7
0x0000008b721febf0:   0000000000000000 0000000711d77710
0x0000008b721fec00:   fffffffffffffff7 0000020641235bac
0x0000008b721fec10:   0000000000000002 0000020641238c50
0x0000008b721fec20:   0000000000000000 0000000711d68420
0x0000008b721fec30:   0000020641235bf8 fffffffffffffff5
0x0000008b721fec40:   0000008b721fec58 0000008b721feca8
0x0000008b721fec50:   0000020664c08700 0000000711d77710
0x0000008b721fec60:   fffffffffffffff7 0000020641237470
0x0000008b721fec70:   0000000000000003 0000020641238c50
0x0000008b721fec80:   0000000000000000 0000000711d68420
0x0000008b721fec90:   00000206412374b8 fffffffffffffff6
0x0000008b721feca0:   0000008b721fecc0 0000008b721fed10
0x0000008b721fecb0:   0000020664c08700 0000000000000000
0x0000008b721fecc0:   0000000711d77710 fffffffffffffff7
0x0000008b721fecd0:   000002064118fd5f 0000000000000008
0x0000008b721fece0:   0000020641194020 0000000000000000 

Instructions: (pc=0x00007ffb563cb3c6)
0x00007ffb563cb2c6:   11 45 d4 0f 11 45 e4 0f 11 45 f4 89 45 04 c7 45
0x00007ffb563cb2d6:   a0 68 00 00 00 0f 11 44 24 34 0f 11 44 24 44 0f
0x00007ffb563cb2e6:   11 44 24 54 0f 11 44 24 64 0f 11 44 24 74 0f 11
0x00007ffb563cb2f6:   45 84 89 45 94 c7 44 24 30 68 00 00 00 48 8d 55
0x00007ffb563cb306:   a0 49 8b ce ff 15 08 76 06 00 85 c0 74 41 48 8d
0x00007ffb563cb316:   54 24 30 48 8b ce ff 15 f6 75 06 00 85 c0 74 2f
0x00007ffb563cb326:   48 8d 54 24 34 48 8d 4d a4 ff 15 0b 75 06 00 85
0x00007ffb563cb336:   c0 74 1c 48 8d 54 24 44 48 8d 4d b4 ff 15 f8 74
0x00007ffb563cb346:   06 00 85 c0 74 09 8b 44 24 54 39 45 c4 74 11 ff
0x00007ffb563cb356:   c7 3b 7b 0c 0f 8c 40 ff ff ff 8b 3d 1a b0 06 00
0x00007ffb563cb366:   48 8b cb e8 f2 ca f4 ff 90 8b c7 48 8b 4d 10 48
0x00007ffb563cb376:   33 cc e8 93 01 01 00 4c 8d 9c 24 20 01 00 00 49
0x00007ffb563cb386:   8b 5b 28 49 8b 73 30 49 8b e3 41 5e 5f 5d c3 cc
0x00007ffb563cb396:   cc cc cc cc cc cc cc cc cc cc 48 8b 41 08 48 8b
0x00007ffb563cb3a6:   80 18 0c 00 00 c3 cc cc cc cc 48 8b 41 08 48 05
0x00007ffb563cb3b6:   00 04 00 00 c3 cc cc cc cc cc 40 53 48 83 ec 20
0x00007ffb563cb3c6:   83 79 50 00 48 8b d9 75 56 48 8b 49 28 4c 8d 44
0x00007ffb563cb3d6:   24 38 48 8d 54 24 30 c7 44 24 30 00 00 80 bf c7
0x00007ffb563cb3e6:   44 24 38 00 00 80 bf e8 1e e1 00 00 f3 0f 10 54
0x00007ffb563cb3f6:   24 30 0f 57 c0 0f 2f d0 76 25 f3 0f 10 4c 24 38
0x00007ffb563cb406:   0f 2f c8 76 1a f3 0f 5e 15 f9 a8 02 00 f3 0f 5e
0x00007ffb563cb416:   0d f1 a8 02 00 f3 0f 11 53 48 f3 0f 11 4b 4c 48
0x00007ffb563cb426:   83 c4 20 5b c3 cc cc cc cc cc 48 89 5c 24 10 48
0x00007ffb563cb436:   89 74 24 18 57 41 56 41 57 48 83 ec 40 48 8b d9
0x00007ffb563cb446:   48 83 79 18 00 75 14 b9 28 04 00 00 e8 19 97 00
0x00007ffb563cb456:   00 48 89 43 18 c7 00 28 00 00 00 48 8b 43 18 33
0x00007ffb563cb466:   ff 66 89 78 0e 48 8b 4b 28 e8 5c 03 00 00 48 8b
0x00007ffb563cb476:   f0 41 bf 01 00 00 00 45 8b c7 41 8b d7 48 8b c8
0x00007ffb563cb486:   ff 15 34 71 06 00 4c 8b f0 89 7c 24 30 48 8b 4b
0x00007ffb563cb496:   18 48 89 4c 24 28 48 89 7c 24 20 45 8b cf 45 33
0x00007ffb563cb4a6:   c0 48 8b d0 48 8b ce ff 15 2d 70 06 00 48 8b 53
0x00007ffb563cb4b6:   30 48 8b 0b 8b 05 c4 ae 06 00 83 79 04 08 0f 8e 


Stack slot to memory mapping:

stack at sp + 0 slots: 0x0000020641609e98 is pointing into metadata
stack at sp + 1 slots: 0x00007ffb02cb19ec jvm.dll
stack at sp + 2 slots: 0x000002064579b090 points into unknown readable memory: 0x00000206456dfa00 | 00 fa 6d 45 06 02 00 00
stack at sp + 3 slots: 0x0 is null
stack at sp + 4 slots: 0x000002064579b090 points into unknown readable memory: 0x00000206456dfa00 | 00 fa 6d 45 06 02 00 00
stack at sp + 5 slots: 0x00007ffb563ccc02 awt.dll
stack at sp + 6 slots: 0x00007ffb56429838 awt.dll
stack at sp + 7 slots: {method} {0x0000020641235560} 'initNativeScale' '(I)V' in 'sun/awt/Win32GraphicsDevice'

Lock stack of current Java thread (top to bottom):

native method entry point (kind = native)  [0x0000020664c0cde0, 0x0000020664c0d938]  2904 bytes
[MachCode]
  0x0000020664c0cde0: 488b 4b08 | 0fb7 492e | 584c 8d74 | ccf8 6800 | 0000 0068 | 0000 0000 | 5055 488b | ec41 5568 
  0x0000020664c0ce00: 0000 0000 | 4c8b 6b08 | 4d8d 6d38 | 5348 8b53 | 0848 8b52 | 0848 8b52 | 1848 8b52 | 7048 8b12 
  0x0000020664c0ce20: 5248 8b53 | 1048 85d2 | 0f84 0700 | 0000 4881 | c210 0100 | 0052 488b | 5308 488b | 5208 488b 
  0x0000020664c0ce40: 5210 5249 | 8bc6 482b | c548 c1e8 | 0350 6800 | 0000 0068 | f7ff ffff | 41c6 8771 | 0400 0001 
  0x0000020664c0ce60: 488b 4310 | 4885 c074 | 208b 88cc | 0000 0083 | c102 8988 | cc00 0000 | 2388 e000 | 0000 0f84 
  0x0000020664c0ce80: 000a 0000 | e9cf 0000 | 0048 8b43 | 1848 85c0 | 0f85 b000 | 0000 e805 | 0000 00e9 | 9900 0000 
  0x0000020664c0cea0: 488b d348 | 8d44 2408 | 4c89 6dc0 | 498b cfc5 | f877 4989 | afb0 0300 | 0049 8987 | a003 0000 
  0x0000020664c0cec0: 4883 ec20 | 40f6 c40f | 0f84 1900 | 0000 4883 | ec08 48b8 | 9026 e602 | fb7f 0000 | ffd0 4883 
  0x0000020664c0cee0: c408 e90c | 0000 0048 | b890 26e6 | 02fb 7f00 | 00ff d048 | 83c4 2049 | c787 a003 | 0000 0000 
  0x0000020664c0cf00: 0000 49c7 | 87b0 0300 | 0000 0000 | 0049 c787 | a803 0000 | 0000 0000 | c5f8 7749 | 837f 0800 
  0x0000020664c0cf20: 0f84 0500 | 0000 e995 | 3fff ff4c | 8b6d c04c | 8b75 c84e | 8d74 f500 | c348 8b43 | 1848 85c0 
  0x0000020664c0cf40: 0f84 1200 | 0000 8b48 | 0883 c102 | 8948 0823 | 481c 0f84 | 2c09 0000 | 493b a7e8 | 0400 000f 
  0x0000020664c0cf60: 8748 0000 | 0089 8424 | 00f0 ffff | 8984 2400 | e0ff ff89 | 8424 00d0 | ffff 8984 | 2400 c0ff 
  0x0000020664c0cf80: ff89 8424 | 00b0 ffff | 8984 2400 | a0ff ff89 | 8424 0090 | ffff 8984 | 2400 80ff | ff49 3ba7 
  0x0000020664c0cfa0: e004 0000 | 7607 4989 | a7e8 0400 | 0041 c687 | 7104 0000 | 0049 ba41 | ad6d 03fb | 7f00 0041 
  0x0000020664c0cfc0: 803a 000f | 843e 0000 | 0048 8b55 | e849 8bcf | 4883 ec20 | 40f6 c40f | 0f84 1900 | 0000 4883 
  0x0000020664c0cfe0: ec08 48b8 | 00ee 1d03 | fb7f 0000 | ffd0 4883 | c408 e90c | 0000 0048 | b800 ee1d | 03fb 7f00 
  0x0000020664c0d000: 00ff d048 | 83c4 2048 | 8b5d e84c | 8b5b 0845 | 0fb7 5b2e | 41c1 e303 | 492b e348 | 83ec 2048 
  0x0000020664c0d020: 83e4 f04c | 8b5b 604d | 85db 0f85 | ab00 0000 | e805 0000 | 00e9 9900 | 0000 488b | d348 8d44 
  0x0000020664c0d040: 2408 4c89 | 6dc0 498b | cfc5 f877 | 4989 afb0 | 0300 0049 | 8987 a003 | 0000 4883 | ec20 40f6 
  0x0000020664c0d060: c40f 0f84 | 1900 0000 | 4883 ec08 | 48b8 f04d | e602 fb7f | 0000 ffd0 | 4883 c408 | e90c 0000 
  0x0000020664c0d080: 0048 b8f0 | 4de6 02fb | 7f00 00ff | d048 83c4 | 2049 c787 | a003 0000 | 0000 0000 | 49c7 87b0 
  0x0000020664c0d0a0: 0300 0000 | 0000 0049 | c787 a803 | 0000 0000 | 0000 c5f8 | 7749 837f | 0800 0f84 | 0500 0000 
  0x0000020664c0d0c0: e9fb 3dff | ff4c 8b6d | c04c 8b75 | c84e 8d74 | f500 c348 | 8b5d e84c | 8b5b 6041 | ffd3 488b 
  0x0000020664c0d0e0: 5de8 4889 | 4518 448b | 5b28 41f6 | c308 0f84 | 1b00 0000 | 4c8b 5b08 | 4d8b 5b08 | 4d8b 5b18 
  0x0000020664c0d100: 4d8b 5b70 | 4d8b 1b4c | 895d 1048 | 8d55 1048 | 8b43 5849 | ba50 3c1e | 03fb 7f00 | 0049 3bc2 
  0x0000020664c0d120: 0f85 ab00 | 0000 e805 | 0000 00e9 | 9900 0000 | 488b d348 | 8d44 2408 | 4c89 6dc0 | 498b cfc5 
  0x0000020664c0d140: f877 4989 | afb0 0300 | 0049 8987 | a003 0000 | 4883 ec20 | 40f6 c40f | 0f84 1900 | 0000 4883 
  0x0000020664c0d160: ec08 48b8 | f04d e602 | fb7f 0000 | ffd0 4883 | c408 e90c | 0000 0048 | b8f0 4de6 | 02fb 7f00 
  0x0000020664c0d180: 00ff d048 | 83c4 2049 | c787 a003 | 0000 0000 | 0000 49c7 | 87b0 0300 | 0000 0000 | 0049 c787 
  0x0000020664c0d1a0: a803 0000 | 0000 0000 | c5f8 7749 | 837f 0800 | 0f84 0500 | 0000 e905 | 3dff ff4c | 8b6d c04c 
  0x0000020664c0d1c0: 8b75 c84e | 8d74 f500 | c348 8b5d | e848 8b43 | 5849 8d8f | c003 0000 | c5f8 7749 | 89af b003 
  0x0000020664c0d1e0: 0000 49ba | d8d1 c064 | 0602 0000 | 4d89 97a8 | 0300 0049 | 89a7 a003 | 0000 41c7 | 8744 0400 
  0x0000020664c0d200: 0004 0000 | 00ff d0c5 | f877 4883 | ec10 c5fb | 1104 2448 | 83ec 1048 | 8904 2448 | c744 2408 
  0x0000020664c0d220: 0000 0000 | 41c7 8744 | 0400 0005 | 0000 00f0 | 8344 24c0 | 0049 3baf | 4804 0000 | 0f87 0e00 
  0x0000020664c0d240: 0000 4183 | bf40 0400 | 0000 0f84 | 2000 0000 | 498b cf4c | 8be4 4883 | ec20 4883 | e4f0 48b8 
  0x0000020664c0d260: 90a9 e702 | fb7f 0000 | ffd0 498b | e44d 33e4 | 41c7 8744 | 0400 0008 | 0000 0049 | c787 a003 
  0x0000020664c0d280: 0000 0000 | 0000 49c7 | 87b0 0300 | 0000 0000 | 0049 c787 | a803 0000 | 0000 0000 | c5f8 774d 
  0x0000020664c0d2a0: 8b9f 3004 | 0000 41c7 | 8300 0100 | 0000 0000 | 0049 bbda | a5c0 6406 | 0200 004c | 3b5d 180f 
  0x0000020664c0d2c0: 8524 0200 | 0048 8b04 | 2448 83c4 | 1048 85c0 | 0f84 fe01 | 0000 a803 | 0f85 0800 | 0000 488b 
  0x0000020664c0d2e0: 00e9 ee01 | 0000 a801 | 0f85 0900 | 0000 488b | 40fe e9dd | 0100 0048 | 8b40 ff41 | 807f 3800 
  0x0000020664c0d300: 0f84 ce01 | 0000 4883 | f800 0f84 | c401 0000 | 4d8b 5f28 | 4983 fb00 | 0f84 1400 | 0000 4983 
  0x0000020664c0d320: eb08 4d89 | 5f28 4d03 | 5f30 4989 | 03e9 a201 | 0000 4881 | ecd0 0000 | 0048 8904 | 2448 894c 
  0x0000020664c0d340: 2408 4889 | 5424 1048 | 8974 2418 | 4889 7c24 | 204c 8944 | 2428 4c89 | 4c24 304c | 8954 2438 
  0x0000020664c0d360: 4c89 5c24 | 40c5 fb11 | 4424 50c5 | fb11 4c24 | 58c5 fb11 | 5424 60c5 | fb11 5c24 | 68c5 fb11 
  0x0000020664c0d380: 6424 70c5 | fb11 6c24 | 78c5 fb11 | b424 8000 | 0000 c5fb | 11bc 2488 | 0000 00c5 | 7b11 8424 
  0x0000020664c0d3a0: 9000 0000 | c57b 118c | 2498 0000 | 00c5 7b11 | 9424 a000 | 0000 c57b | 119c 24a8 | 0000 00c5 
  0x0000020664c0d3c0: 7b11 a424 | b000 0000 | c57b 11ac | 24b8 0000 | 00c5 7b11 | b424 c000 | 0000 c57b | 11bc 24c8 
  0x0000020664c0d3e0: 0000 0049 | 8bd7 488b | c848 83ec | 2040 f6c4 | 0f0f 8419 | 0000 0048 | 83ec 0848 | b8e0 07db 
  0x0000020664c0d400: 02fb 7f00 | 00ff d048 | 83c4 08e9 | 0c00 0000 | 48b8 e007 | db02 fb7f | 0000 ffd0 | 4883 c420 
  0x0000020664c0d420: c57b 10bc | 24c8 0000 | 00c5 7b10 | b424 c000 | 0000 c57b | 10ac 24b8 | 0000 00c5 | 7b10 a424 
  0x0000020664c0d440: b000 0000 | c57b 109c | 24a8 0000 | 00c5 7b10 | 9424 a000 | 0000 c57b | 108c 2498 | 0000 00c5 
  0x0000020664c0d460: 7b10 8424 | 9000 0000 | c5fb 10bc | 2488 0000 | 00c5 fb10 | b424 8000 | 0000 c5fb | 106c 2478 
  0x0000020664c0d480: c5fb 1064 | 2470 c5fb | 105c 2468 | c5fb 1054 | 2460 c5fb | 104c 2458 | c5fb 1044 | 2450 4c8b 
  0x0000020664c0d4a0: 5c24 404c | 8b54 2438 | 4c8b 4c24 | 304c 8b44 | 2428 488b | 7c24 2048 | 8b74 2418 | 488b 5424 
  0x0000020664c0d4c0: 1048 8b4c | 2408 488b | 0424 4881 | c4d0 0000 | 00c5 f877 | 4889 4510 | 4883 ec10 | 4889 0424 
  0x0000020664c0d4e0: 48c7 4424 | 0800 0000 | 0041 83bf | c804 0000 | 020f 85bf | 0000 0048 | 81ec 8000 | 0000 4889 
  0x0000020664c0d500: 4424 7848 | 894c 2470 | 4889 5424 | 6848 895c | 2460 4889 | 6c24 5048 | 8974 2448 | 4889 7c24 
  0x0000020664c0d520: 404c 8944 | 2438 4c89 | 4c24 304c | 8954 2428 | 4c89 5c24 | 204c 8964 | 2418 4c89 | 6c24 104c 
  0x0000020664c0d540: 8974 2408 | 4c89 3c24 | 4c8b e448 | 83ec 2048 | 83e4 f048 | b8b0 221e | 03fb 7f00 | 00ff d049 
  0x0000020664c0d560: 8be4 4c8b | 3c24 4c8b | 7424 084c | 8b6c 2410 | 4c8b 6424 | 184c 8b5c | 2420 4c8b | 5424 284c 
  0x0000020664c0d580: 8b4c 2430 | 4c8b 4424 | 3848 8b7c | 2440 488b | 7424 4848 | 8b6c 2450 | 488b 5c24 | 6048 8b54 
  0x0000020664c0d5a0: 2468 488b | 4c24 7048 | 8b44 2478 | 4881 c480 | 0000 004d | 33e4 488b | 5de8 4c8b | 6b08 4d8d 
  0x0000020664c0d5c0: 6d38 4983 | 7f08 000f | 84bb 0000 | 00e8 0500 | 0000 e996 | 0000 0048 | 8d44 2408 | 4c89 6dc0 
  0x0000020664c0d5e0: 498b cfc5 | f877 4989 | afb0 0300 | 0049 8987 | a003 0000 | 4883 ec20 | 40f6 c40f | 0f84 1900 
  0x0000020664c0d600: 0000 4883 | ec08 48b8 | 006c e602 | fb7f 0000 | ffd0 4883 | c408 e90c | 0000 0048 | b800 6ce6 
  0x0000020664c0d620: 02fb 7f00 | 00ff d048 | 83c4 2049 | c787 a003 | 0000 0000 | 0000 49c7 | 87b0 0300 | 0000 0000 
  0x0000020664c0d640: 0049 c787 | a803 0000 | 0000 0000 | c5f8 7749 | 837f 0800 | 0f84 0500 | 0000 e961 | 38ff ff4c 
  0x0000020664c0d660: 8b6d c04c | 8b75 c84e | 8d74 f500 | c348 b940 | d545 03fb | 7f00 0048 | 83e4 f048 | b860 4a0c 
  0x0000020664c0d680: 03fb 7f00 | 00ff d0f4 | 448b 5b28 | 41f6 c320 | 0f84 7901 | 0000 488d | 55a8 4c8b | 5a08 4d85 
  0x0000020664c0d6a0: db0f 85bb | 0000 00e8 | 0500 0000 | e996 0000 | 0048 8d44 | 2408 4c89 | 6dc0 498b | cfc5 f877 
  0x0000020664c0d6c0: 4989 afb0 | 0300 0049 | 8987 a003 | 0000 4883 | ec20 40f6 | c40f 0f84 | 1900 0000 | 4883 ec08 
  0x0000020664c0d6e0: 48b8 306b | e602 fb7f | 0000 ffd0 | 4883 c408 | e90c 0000 | 0048 b830 | 6be6 02fb | 7f00 00ff 
  0x0000020664c0d700: d048 83c4 | 2049 c787 | a003 0000 | 0000 0000 | 49c7 87b0 | 0300 0000 | 0000 0049 | c787 a803 
  0x0000020664c0d720: 0000 0000 | 0000 c5f8 | 7749 837f | 0800 0f84 | 0500 0000 | e987 37ff | ff4c 8b6d | c04c 8b75 
  0x0000020664c0d740: c84e 8d74 | f500 c348 | b940 d545 | 03fb 7f00 | 0048 83e4 | f048 b860 | 4a0c 03fb | 7f00 00ff 
  0x0000020664c0d760: d0f4 4c89 | 6dc0 4c8b | 4a08 48c7 | 4208 0000 | 0000 458b | 8718 0600 | 004f 3b4c | 07f8 0f85 
  0x0000020664c0d780: 4900 0000 | 4183 af18 | 0600 0008 | 4f3b 4c07 | f00f 842a | 0000 0049 | 8b01 a802 | 0f85 1200 
  0x0000020664c0d7a0: 0000 4c8b | c049 83c8 | 01f0 4d0f | b101 0f84 | 0d00 0000 | 4183 8718 | 0600 0008 | e90c 0000 
  0x0000020664c0d7c0: 0049 ff8f | 5005 0000 | e93e 0000 | 004c 894a | 0848 8bca | 4883 ec20 | 40f6 c40f | 0f84 1900 
  0x0000020664c0d7e0: 0000 4883 | ec08 48b8 | f03d e602 | fb7f 0000 | ffd0 4883 | c408 e90c | 0000 0048 | b8f0 3de6 
  0x0000020664c0d800: 02fb 7f00 | 00ff d048 | 83c4 204c | 8b6d c049 | ba41 ad6d | 03fb 7f00 | 0041 803a | 000f 843e 
  0x0000020664c0d820: 0000 0048 | 8b55 e849 | 8bcf 4883 | ec20 40f6 | c40f 0f84 | 1900 0000 | 4883 ec08 | 48b8 00ee 
  0x0000020664c0d840: 1d03 fb7f | 0000 ffd0 | 4883 c408 | e90c 0000 | 0048 b800 | ee1d 03fb | 7f00 00ff | d048 83c4 
  0x0000020664c0d860: 2048 8b04 | 2448 83c4 | 10c5 fb10 | 0424 4883 | c410 4c8b | 5d18 41ff | d34c 8b5d | f8c9 5f49 
  0x0000020664c0d880: 8be3 ffe7 | ba00 0000 | 00e8 0500 | 0000 e996 | 0000 0048 | 8d44 2408 | 4c89 6dc0 | 498b cfc5 
  0x0000020664c0d8a0: f877 4989 | afb0 0300 | 0049 8987 | a003 0000 | 4883 ec20 | 40f6 c40f | 0f84 1900 | 0000 4883 
  0x0000020664c0d8c0: ec08 48b8 | a031 e602 | fb7f 0000 | ffd0 4883 | c408 e90c | 0000 0048 | b8a0 31e6 | 02fb 7f00 
  0x0000020664c0d8e0: 00ff d048 | 83c4 2049 | c787 a003 | 0000 0000 | 0000 49c7 | 87b0 0300 | 0000 0000 | 0049 c787 
  0x0000020664c0d900: a803 0000 | 0000 0000 | c5f8 7749 | 837f 0800 | 0f84 0500 | 0000 e9a5 | 35ff ff4c | 8b6d c04c 
  0x0000020664c0d920: 8b75 c84e | 8d74 f500 | c348 8b5d | e8e9 26f6 | ffff 660f | 1f44 0000 
[/MachCode]

Compiled method (c1) 3028945  789       3       java.security.AccessController::doPrivileged (17 bytes)
 total in heap  [0x000002065d7b8a88,0x000002065d7b9010] = 1416
 relocation     [0x000002065d7b8b60,0x000002065d7b8bf8] = 152
 main code      [0x000002065d7b8c00,0x000002065d7b8f80] = 896
 stub code      [0x000002065d7b8f80,0x000002065d7b8ff8] = 120
 metadata       [0x000002065d7b8ff8,0x000002065d7b9010] = 24
 immutable data [0x0000020645696d10,0x0000020645696ea8] = 408
 dependencies   [0x0000020645696d10,0x0000020645696d18] = 8
 nul chk table  [0x0000020645696d18,0x0000020645696d28] = 16
 scopes pcs     [0x0000020645696d28,0x0000020645696de8] = 192
 scopes data    [0x0000020645696de8,0x0000020645696ea8] = 192

[Constant Pool (empty)]

[MachCode]
[Verified Entry Point]
  # {method} {0x000002060049b038} 'doPrivileged' '(Ljava/security/PrivilegedAction;Ljava/security/AccessControlContext;)Ljava/lang/Object;' in 'java/security/AccessController'
  # parm0:    rdx:rdx   = 'java/security/PrivilegedAction'
  # parm1:    r8:r8     = 'java/security/AccessControlContext'
  #           [sp+0x80]  (sp of caller)
  0x000002065d7b8c00: 8984 2400 | 80ff ff55 | 4883 ec70 | 4181 7f20 | 0100 0000 

  0x000002065d7b8c14: ;   {runtime_call StubRoutines (final stubs)}
  0x000002065d7b8c14: 7405 e825 

  0x000002065d7b8c18: ;   {metadata(method data for {method} {0x000002060049b038} 'doPrivileged' '(Ljava/security/PrivilegedAction;Ljava/security/AccessControlContext;)Ljava/lang/Object;' in 'java/security/AccessController')}
  0x000002065d7b8c18: eb47 0748 | be20 7b51 | 4106 0200 | 008b becc | 0000 0083 | c702 89be | cc00 0000 | 81e7 fe07 
  0x000002065d7b8c38: 0000 85ff | 0f84 7402 | 0000 4c89 | 4424 4048 | 8954 2448 

  0x000002065d7b8c4c: ;   {metadata(method data for {method} {0x000002060049b038} 'doPrivileged' '(Ljava/security/PrivilegedAction;Ljava/security/AccessControlContext;)Ljava/lang/Object;' in 'java/security/AccessController')}
  0x000002065d7b8c4c: 48be 207b | 5141 0602 | 0000 4883 | 8618 0100 

  0x000002065d7b8c5c: ;   {static_call}
  0x000002065d7b8c5c: 0001 90e8 

  0x000002065d7b8c60: ; ImmutableOopMap {[64]=Oop [72]=Oop }
                      ;*invokestatic getCallerClass {reexecute=0 rethrow=0 return_oop=0}
                      ; - java.security.AccessController::doPrivileged@0 (line 398)
  0x000002065d7b8c60: cc9e 9f07 

  0x000002065d7b8c64: ;   {other}
  0x000002065d7b8c64: 0f1f 8400 | dc01 0000 | 4889 4424 

  0x000002065d7b8c70: ;   {metadata(method data for {method} {0x000002060049b038} 'doPrivileged' '(Ljava/security/PrivilegedAction;Ljava/security/AccessControlContext;)Ljava/lang/Object;' in 'java/security/AccessController')}
  0x000002065d7b8c70: 5048 ba20 | 7b51 4106 | 0200 0048 | 8382 2801 | 0000 0148 | 8b54 2440 | 4c8b c00f 

  0x000002065d7b8c8c: ;   {static_call}
  0x000002065d7b8c8c: 1f40 00e8 

  0x000002065d7b8c90: ; ImmutableOopMap {[72]=Oop [80]=Oop }
                      ;*invokestatic checkContext {reexecute=0 rethrow=0 return_oop=0}
                      ; - java.security.AccessController::doPrivileged@6 (line 399)
  0x000002065d7b8c90: 8cf7 ffff 

  0x000002065d7b8c94: ;   {other}
  0x000002065d7b8c94: 0f1f 8400 | 0c02 0001 | 4889 4424 

  0x000002065d7b8ca0: ;   {metadata(method data for {method} {0x000002060049b038} 'doPrivileged' '(Ljava/security/PrivilegedAction;Ljava/security/AccessControlContext;)Ljava/lang/Object;' in 'java/security/AccessController')}
  0x000002065d7b8ca0: 5848 ba20 | 7b51 4106 | 0200 0048 | 8382 3801 

  0x000002065d7b8cb0: ;   {metadata(method data for {method} {0x000002060049b2c0} 'executePrivileged' '(Ljava/security/PrivilegedAction;Ljava/security/AccessControlContext;Ljava/lang/Class;)Ljava/lang/Object;' in 'java/security/AccessController')}
  0x000002065d7b8cb0: 0000 0148 | bab0 250f | 4106 0200 | 008b b2cc | 0000 0083 | c602 89b2 | cc00 0000 | 81e6 feff 
  0x000002065d7b8cd0: 1f00 85f6 | 0f84 fd01 | 0000 4885 

  0x000002065d7b8cdc: ;   {metadata(method data for {method} {0x000002060049b2c0} 'executePrivileged' '(Ljava/security/PrivilegedAction;Ljava/security/AccessControlContext;Ljava/lang/Class;)Ljava/lang/Object;' in 'java/security/AccessController')}
  0x000002065d7b8cdc: c048 bab0 | 250f 4106 | 0200 00be | 1801 0000 | 7405 be28 | 0100 0048 | 8b3c 3248 | 8d7f 0148 
  0x000002065d7b8cfc: 893c 320f | 8427 0000 

  0x000002065d7b8d04: ;   {metadata(method data for {method} {0x000002060049b2c0} 'executePrivileged' '(Ljava/security/PrivilegedAction;Ljava/security/AccessControlContext;Ljava/lang/Class;)Ljava/lang/Object;' in 'java/security/AccessController')}
  0x000002065d7b8d04: 0048 bab0 | 250f 4106 | 0200 0048 | 8382 3801 | 0000 0148 | 8bd0 0f1f 

  0x000002065d7b8d1c: ;   {static_call}
  0x000002065d7b8d1c: 4400 00e8 

  0x000002065d7b8d20: ; ImmutableOopMap {[72]=Oop [80]=Oop [88]=Oop }
                      ;*invokestatic ensureMaterializedForStackWalk {reexecute=0 rethrow=0 return_oop=0}
                      ; - java.security.AccessController::executePrivileged@5 (line 774)
                      ; - java.security.AccessController::doPrivileged@13 (line 400)
  0x000002065d7b8d20: 0cda 9f07 

  0x000002065d7b8d24: ;   {other}
  0x000002065d7b8d24: 0f1f 8400 | 9c02 0002 

  0x000002065d7b8d2c: ;   {metadata(method data for {method} {0x000002060049b2c0} 'executePrivileged' '(Ljava/security/PrivilegedAction;Ljava/security/AccessControlContext;Ljava/lang/Class;)Ljava/lang/Object;' in 'java/security/AccessController')}
  0x000002065d7b8d2c: 48ba b025 | 0f41 0602 | 0000 ff82 | 4801 0000 | 488b 5424 | 4848 3b02 

  0x000002065d7b8d44: ;   {metadata(method data for {method} {0x000002060049b2c0} 'executePrivileged' '(Ljava/security/PrivilegedAction;Ljava/security/AccessControlContext;Ljava/lang/Class;)Ljava/lang/Object;' in 'java/security/AccessController')}
  0x000002065d7b8d44: 488b f248 | bfb0 250f | 4106 0200 | 008b 7608 | 49ba 0000 | 0000 0602 | 0000 4903 | f248 3bb7 
  0x000002065d7b8d64: b001 0000 | 750d 4883 | 87b8 0100 | 0001 e960 | 0000 0048 | 3bb7 c001 | 0000 750d | 4883 87c8 
  0x000002065d7b8d84: 0100 0001 | e94a 0000 | 0048 83bf | b001 0000 | 0075 1748 | 89b7 b001 | 0000 48c7 | 87b8 0100 
  0x000002065d7b8da4: 0001 0000 | 00e9 2900 | 0000 4883 | bfc0 0100 | 0000 7517 | 4889 b7c0 | 0100 0048 | c787 c801 
  0x000002065d7b8dc4: 0000 0100 | 0000 e908 | 0000 0048 | 8387 a801 | 0000 0166 | 0f1f 4400 | 0048 b820 | dc6c 4506 
  0x000002065d7b8de4: ;   {virtual_call}
  0x000002065d7b8de4: 0200 00e8 

  0x000002065d7b8de8: ; ImmutableOopMap {[80]=Oop [88]=Oop }
                      ;*invokeinterface run {reexecute=0 rethrow=0 return_oop=0}
                      ; - java.security.AccessController::executePrivileged@29 (line 778)
                      ; - java.security.AccessController::doPrivileged@13 (line 400)
  0x000002065d7b8de8: a474 5607 

  0x000002065d7b8dec: ;   {other}
  0x000002065d7b8dec: 0f1f 8400 | 6403 0003 

  0x000002065d7b8df4: ;   {metadata(method data for {method} {0x000002060049b2c0} 'executePrivileged' '(Ljava/security/PrivilegedAction;Ljava/security/AccessControlContext;Ljava/lang/Class;)Ljava/lang/Object;' in 'java/security/AccessController')}
  0x000002065d7b8df4: 48ba b025 | 0f41 0602 | 0000 ff82 | d801 0000 

  0x000002065d7b8e04: ;   {metadata(method data for {method} {0x000002060049b2c0} 'executePrivileged' '(Ljava/security/PrivilegedAction;Ljava/security/AccessControlContext;Ljava/lang/Class;)Ljava/lang/Object;' in 'java/security/AccessController')}
  0x000002065d7b8e04: 48ba b025 | 0f41 0602 | 0000 4883 | 8238 0200 | 0001 488b | d048 8944 

  0x000002065d7b8e1c: ;   {static_call}
  0x000002065d7b8e1c: 2460 90e8 

  0x000002065d7b8e20: ; ImmutableOopMap {[80]=Oop [88]=Oop [96]=Oop }
                      ;*invokestatic ensureMaterializedForStackWalk {reexecute=0 rethrow=0 return_oop=0}
                      ; - java.security.AccessController::executePrivileged@56 (line 786)
                      ; - java.security.AccessController::doPrivileged@13 (line 400)
  0x000002065d7b8e20: 0cd9 9f07 

  0x000002065d7b8e24: ;   {other}
  0x000002065d7b8e24: 0f1f 8400 | 9c03 0004 

  0x000002065d7b8e2c: ;   {metadata(method data for {method} {0x000002060049b2c0} 'executePrivileged' '(Ljava/security/PrivilegedAction;Ljava/security/AccessControlContext;Ljava/lang/Class;)Ljava/lang/Object;' in 'java/security/AccessController')}
  0x000002065d7b8e2c: 48b8 b025 | 0f41 0602 | 0000 4883 | 8048 0200 

  0x000002065d7b8e3c: ;   {metadata(method data for {method} {0x0000020600195798} 'reachabilityFence' '(Ljava/lang/Object;)V' in 'java/lang/ref/Reference')}
  0x000002065d7b8e3c: 0001 48b8 | e048 0c41 | 0602 0000 | 8bb0 cc00 | 0000 83c6 | 0289 b0cc | 0000 0081 | e6fe ff1f 
  0x000002065d7b8e5c: 0085 f60f | 8498 0000 

  0x000002065d7b8e64: ;   {metadata(method data for {method} {0x000002060049b2c0} 'executePrivileged' '(Ljava/security/PrivilegedAction;Ljava/security/AccessControlContext;Ljava/lang/Class;)Ljava/lang/Object;' in 'java/security/AccessController')}
  0x000002065d7b8e64: 0048 b8b0 | 250f 4106 | 0200 0048 | 8380 5802 

  0x000002065d7b8e74: ;   {metadata(method data for {method} {0x0000020600195798} 'reachabilityFence' '(Ljava/lang/Object;)V' in 'java/lang/ref/Reference')}
  0x000002065d7b8e74: 0000 0148 | b8e0 480c | 4106 0200 | 008b b0cc | 0000 0083 | c602 89b0 | cc00 0000 | 81e6 feff 
  0x000002065d7b8e94: 1f00 85f6 | 0f84 8000 | 0000 488b | 4424 6048 | 83c4 705d 

  0x000002065d7b8ea8: ;   {poll_return}
  0x000002065d7b8ea8: 493b a748 | 0400 000f | 878a 0000 

  0x000002065d7b8eb4: ;   {metadata({method} {0x000002060049b038} 'doPrivileged' '(Ljava/security/PrivilegedAction;Ljava/security/AccessControlContext;)Ljava/lang/Object;' in 'java/security/AccessController')}
  0x000002065d7b8eb4: 00c3 49ba | 30b0 4900 | 0602 0000 | 4c89 5424 | 0848 c704 | 24ff ffff 

  0x000002065d7b8ecc: ;   {runtime_call counter_overflow Runtime1 stub}
  0x000002065d7b8ecc: ffe8 8ecd 

  0x000002065d7b8ed0: ; ImmutableOopMap {rdx=Oop r8=Oop }
                      ;*synchronization entry
                      ; - java.security.AccessController::doPrivileged@-1 (line 398)
  0x000002065d7b8ed0: 5507 e96b 

  0x000002065d7b8ed4: ;   {metadata({method} {0x000002060049b2c0} 'executePrivileged' '(Ljava/security/PrivilegedAction;Ljava/security/AccessControlContext;Ljava/lang/Class;)Ljava/lang/Object;' in 'java/security/AccessController')}
  0x000002065d7b8ed4: fdff ff49 | bab8 b249 | 0006 0200 | 004c 8954 | 2408 48c7 | 0424 ffff 

  0x000002065d7b8eec: ;   {runtime_call counter_overflow Runtime1 stub}
  0x000002065d7b8eec: ffff e86d 

  0x000002065d7b8ef0: ; ImmutableOopMap {rax=Oop [72]=Oop [80]=Oop [88]=Oop }
                      ;*synchronization entry
                      ; - java.security.AccessController::executePrivileged@-1 (line 773)
                      ; - java.security.AccessController::doPrivileged@13 (line 400)
  0x000002065d7b8ef0: cd55 07e9 | e2fd ffff 

  0x000002065d7b8ef8: ;   {runtime_call throw_null_pointer_exception Runtime1 stub}
  0x000002065d7b8ef8: e863 7355 

  0x000002065d7b8efc: ; ImmutableOopMap {rdx=Oop [80]=Oop [88]=Oop }
                      ;*invokeinterface run {reexecute=0 rethrow=0 return_oop=0}
                      ; - java.security.AccessController::executePrivileged@29 (line 778)
                      ; - java.security.AccessController::doPrivileged@13 (line 400)
                      ;   {metadata({method} {0x0000020600195798} 'reachabilityFence' '(Ljava/lang/Object;)V' in 'java/lang/ref/Reference')}
  0x000002065d7b8efc: 0749 ba90 | 5719 0006 | 0200 004c | 8954 2408 | 48c7 0424 | ffff ffff 

  0x000002065d7b8f14: ;   {runtime_call counter_overflow Runtime1 stub}
  0x000002065d7b8f14: e847 cd55 

  0x000002065d7b8f18: ; ImmutableOopMap {[80]=Oop [96]=Oop }
                      ;*synchronization entry
                      ; - java.lang.ref.Reference::reachabilityFence@-1 (line 661)
                      ; - java.security.AccessController::executePrivileged@60 (line 790)
                      ; - java.security.AccessController::doPrivileged@13 (line 400)
  0x000002065d7b8f18: 07e9 47ff 

  0x000002065d7b8f1c: ;   {metadata({method} {0x0000020600195798} 'reachabilityFence' '(Ljava/lang/Object;)V' in 'java/lang/ref/Reference')}
  0x000002065d7b8f1c: ffff 49ba | 9057 1900 | 0602 0000 | 4c89 5424 | 0848 c704 | 24ff ffff 

  0x000002065d7b8f34: ;   {runtime_call counter_overflow Runtime1 stub}
  0x000002065d7b8f34: ffe8 26cd 

  0x000002065d7b8f38: ; ImmutableOopMap {[96]=Oop }
                      ;*synchronization entry
                      ; - java.lang.ref.Reference::reachabilityFence@-1 (line 661)
                      ; - java.security.AccessController::executePrivileged@64 (line 791)
                      ; - java.security.AccessController::doPrivileged@13 (line 400)
  0x000002065d7b8f38: 5507 e95f 

  0x000002065d7b8f3c: ;   {internal_word}
  0x000002065d7b8f3c: ffff ff49 | baa8 8e7b | 5d06 0200 | 004d 8997 | 6004 0000 

  0x000002065d7b8f50: ;   {runtime_call SafepointBlob}
  0x000002065d7b8f50: e98b c449 | 0749 8b87 | 0005 0000 | 49c7 8700 | 0500 0000 | 0000 0049 | c787 0805 | 0000 0000 
  0x000002065d7b8f70: 0000 4883 

  0x000002065d7b8f74: ;   {runtime_call unwind_exception Runtime1 stub}
  0x000002065d7b8f74: c470 5de9 | e463 5507 | f4f4 f4f4 
[Stub Code]
  0x000002065d7b8f80: ;   {no_reloc}
  0x000002065d7b8f80: 0f1f 4400 

  0x000002065d7b8f84: ;   {static_stub}
  0x000002065d7b8f84: 0048 bb00 | 0000 0000 

  0x000002065d7b8f8c: ;   {runtime_call nmethod}
  0x000002065d7b8f8c: 0000 00e9 | fbff ffff 

  0x000002065d7b8f94: ;   {static_stub}
  0x000002065d7b8f94: 48bb 0000 | 0000 0000 

  0x000002065d7b8f9c: ;   {runtime_call nmethod}
  0x000002065d7b8f9c: 0000 e9fb 

  0x000002065d7b8fa0: ;   {static_stub}
  0x000002065d7b8fa0: ffff ff48 | bb00 0000 | 0000 0000 

  0x000002065d7b8fac: ;   {runtime_call nmethod}
  0x000002065d7b8fac: 00e9 fbff 

  0x000002065d7b8fb0: ;   {static_stub}
  0x000002065d7b8fb0: ffff 48bb | 0000 0000 | 0000 0000 

  0x000002065d7b8fbc: ;   {runtime_call nmethod}
  0x000002065d7b8fbc: e9fb ffff 

  0x000002065d7b8fc0: ;   {runtime_call handle_exception_from_callee Runtime1 stub}
  0x000002065d7b8fc0: ffe8 9a90 

  0x000002065d7b8fc4: ;   {external_word}
  0x000002065d7b8fc4: 5507 48b9 | 40d5 4503 | fb7f 0000 | 4883 e4f0 

  0x000002065d7b8fd4: ;   {runtime_call}
  0x000002065d7b8fd4: 48b8 604a | 0c03 fb7f | 0000 ffd0 

  0x000002065d7b8fe0: ;   {section_word}
  0x000002065d7b8fe0: f449 bae1 | 8f7b 5d06 | 0200 0041 

  0x000002065d7b8fec: ;   {runtime_call DeoptimizationBlob}
  0x000002065d7b8fec: 52e9 8eb6 | 4907 f4f4 | f4f4 f4f4 
[/MachCode]


---------------  P R O C E S S  ---------------

Threads class SMR info:
_java_thread_list=0x00000206456d4730, length=15, elements={
0x0000020673aef3d0, 0x0000020673af1e10, 0x0000020673af6a60, 0x0000020673af70d0,
0x0000020673af9750, 0x0000020673afddd0, 0x0000020673b0bc90, 0x0000020673b0e360,
0x00000206450be040, 0x00000206451f0810, 0x0000020645589410, 0x000002064558cb20,
0x0000020645590260, 0x000002064570afa0, 0x0000020652cba0b0
}

Java Threads: ( => current thread )
  0x0000020673aef3d0 JavaThread "Reference Handler"          daemon [_thread_blocked, id=10712, stack(0x0000008b71200000,0x0000008b71300000) (1024K)]
  0x0000020673af1e10 JavaThread "Finalizer"                  daemon [_thread_blocked, id=2152, stack(0x0000008b71300000,0x0000008b71400000) (1024K)]
  0x0000020673af6a60 JavaThread "Signal Dispatcher"          daemon [_thread_blocked, id=12904, stack(0x0000008b71400000,0x0000008b71500000) (1024K)]
  0x0000020673af70d0 JavaThread "Attach Listener"            daemon [_thread_blocked, id=5124, stack(0x0000008b71500000,0x0000008b71600000) (1024K)]
  0x0000020673af9750 JavaThread "Service Thread"             daemon [_thread_blocked, id=10972, stack(0x0000008b71600000,0x0000008b71700000) (1024K)]
  0x0000020673afddd0 JavaThread "Monitor Deflation Thread"   daemon [_thread_blocked, id=8496, stack(0x0000008b71700000,0x0000008b71800000) (1024K)]
  0x0000020673b0bc90 JavaThread "C2 CompilerThread0"         daemon [_thread_blocked, id=2772, stack(0x0000008b71800000,0x0000008b71900000) (1024K)]
  0x0000020673b0e360 JavaThread "C1 CompilerThread0"         daemon [_thread_blocked, id=2632, stack(0x0000008b71900000,0x0000008b71a00000) (1024K)]
  0x00000206450be040 JavaThread "Common-Cleaner"             daemon [_thread_blocked, id=2292, stack(0x0000008b71a00000,0x0000008b71b00000) (1024K)]
  0x00000206451f0810 JavaThread "Notification Thread"        daemon [_thread_blocked, id=5676, stack(0x0000008b71b00000,0x0000008b71c00000) (1024K)]
  0x0000020645589410 JavaThread "Java2D Disposer"            daemon [_thread_blocked, id=3036, stack(0x0000008b71d00000,0x0000008b71e00000) (1024K)]
  0x000002064558cb20 JavaThread "AWT-Shutdown"                      [_thread_blocked, id=10928, stack(0x0000008b71e00000,0x0000008b71f00000) (1024K)]
  0x0000020645590260 JavaThread "AWT-Windows"                daemon [_thread_in_native, id=268, stack(0x0000008b71f00000,0x0000008b72000000) (1024K)]
=>0x000002064570afa0 JavaThread "AWT-EventQueue-0"                  [_thread_in_native, id=3004, stack(0x0000008b72100000,0x0000008b72200000) (1024K)]
  0x0000020652cba0b0 JavaThread "DestroyJavaVM"                     [_thread_blocked, id=6768, stack(0x0000008b70a00000,0x0000008b70b00000) (1024K)]
Total: 15

Other Threads:
  0x0000020673ad8690 VMThread "VM Thread"                           [id=7464, stack(0x0000008b71100000,0x0000008b71200000) (1024K)]
  0x0000020673ac7d00 WatcherThread "VM Periodic Task Thread"        [id=10612, stack(0x0000008b71000000,0x0000008b71100000) (1024K)]
  0x0000020654ff5f70 WorkerThread "GC Thread#0"                     [id=8228, stack(0x0000008b70b00000,0x0000008b70c00000) (1024K)]
  0x000002065500bdd0 ConcurrentGCThread "G1 Main Marker"            [id=5588, stack(0x0000008b70c00000,0x0000008b70d00000) (1024K)]
  0x000002065500cf90 WorkerThread "G1 Conc#0"                       [id=900, stack(0x0000008b70d00000,0x0000008b70e00000) (1024K)]
  0x000002065505e900 ConcurrentGCThread "G1 Refine#0"               [id=1476, stack(0x0000008b70e00000,0x0000008b70f00000) (1024K)]
  0x0000020673998110 ConcurrentGCThread "G1 Service"                [id=5004, stack(0x0000008b70f00000,0x0000008b71000000) (1024K)]
Total: 7

Threads with active compile tasks:
Total: 0

VM state: not at safepoint (normal execution)

VM Mutex/Monitor currently owned by a thread: None

Heap address: 0x0000000702200000, size: 4062 MB, Compressed Oops mode: Zero based, Oop shift amount: 3

CDS archive(s) mapped at: [0x0000020600000000-0x0000020600d70000-0x0000020600d70000), size 14090240, SharedBaseAddress: 0x0000020600000000, ArchiveRelocationMode: 1.
Compressed class space mapped at: 0x0000020601000000-0x0000020641000000, reserved size: 1073741824
Narrow klass base: 0x0000020600000000, Narrow klass shift: 0, Narrow klass range: 0x41000000

GC Precious Log:
 CardTable entry size: 512
 Card Set container configuration: InlinePtr #cards 4 size 8 Array Of Cards #cards 16 size 48 Howl #buckets 8 coarsen threshold 3686 Howl Bitmap #cards 512 size 80 coarsen threshold 460 Card regions per heap region 1 cards per card region 4096
 CPUs: 4 total, 4 available
 Memory: 16242M
 Large Page Support: Disabled
 NUMA Support: Disabled
 Compressed Oops: Enabled (Zero based)
 Heap Region Size: 2M
 Heap Min Capacity: 8M
 Heap Initial Capacity: 254M
 Heap Max Capacity: 4062M
 Pre-touch: Disabled
 Parallel Workers: 4
 Concurrent Workers: 1
 Concurrent Refinement Workers: 4
 Periodic GC: Disabled

Heap:
 garbage-first heap   total reserved 4159488K, committed 260096K, used 22528K [0x0000000702200000, 0x0000000800000000)
  region size 2048K, 7 young (14336K), 0 survivors (0K)
 Metaspace       used 6872K, committed 7040K, reserved 1114112K
  class space    used 740K, committed 832K, reserved 1048576K

Heap Regions: E=young(eden), S=young(survivor), O=old, HS=humongous(starts), HC=humongous(continues), CS=collection set, F=free, TAMS=top-at-mark-start, PB=parsable bottom
|   0|0x0000000702200000, 0x0000000702400000, 0x0000000702400000|100%|HS|  |TAMS 0x0000000702200000| PB 0x0000000702200000| Complete |  0
|   1|0x0000000702400000, 0x0000000702600000, 0x0000000702600000|100%|HC|  |TAMS 0x0000000702400000| PB 0x0000000702400000| Complete |  0
|   2|0x0000000702600000, 0x0000000702800000, 0x0000000702800000|100%|HS|  |TAMS 0x0000000702600000| PB 0x0000000702600000| Complete |  0
|   3|0x0000000702800000, 0x0000000702a00000, 0x0000000702a00000|100%|HS|  |TAMS 0x0000000702800000| PB 0x0000000702800000| Complete |  0
|   4|0x0000000702a00000, 0x0000000702c00000, 0x0000000702c00000|100%|HC|  |TAMS 0x0000000702a00000| PB 0x0000000702a00000| Complete |  0
|   5|0x0000000702c00000, 0x0000000702c00000, 0x0000000702e00000|  0%| F|  |TAMS 0x0000000702c00000| PB 0x0000000702c00000| Untracked |  0
|   6|0x0000000702e00000, 0x0000000702e00000, 0x0000000703000000|  0%| F|  |TAMS 0x0000000702e00000| PB 0x0000000702e00000| Untracked |  0
|   7|0x0000000703000000, 0x0000000703000000, 0x0000000703200000|  0%| F|  |TAMS 0x0000000703000000| PB 0x0000000703000000| Untracked |  0
|   8|0x0000000703200000, 0x0000000703200000, 0x0000000703400000|  0%| F|  |TAMS 0x0000000703200000| PB 0x0000000703200000| Untracked |  0
|   9|0x0000000703400000, 0x0000000703400000, 0x0000000703600000|  0%| F|  |TAMS 0x0000000703400000| PB 0x0000000703400000| Untracked |  0
|  10|0x0000000703600000, 0x0000000703600000, 0x0000000703800000|  0%| F|  |TAMS 0x0000000703600000| PB 0x0000000703600000| Untracked |  0
|  11|0x0000000703800000, 0x0000000703800000, 0x0000000703a00000|  0%| F|  |TAMS 0x0000000703800000| PB 0x0000000703800000| Untracked |  0
|  12|0x0000000703a00000, 0x0000000703a00000, 0x0000000703c00000|  0%| F|  |TAMS 0x0000000703a00000| PB 0x0000000703a00000| Untracked |  0
|  13|0x0000000703c00000, 0x0000000703c00000, 0x0000000703e00000|  0%| F|  |TAMS 0x0000000703c00000| PB 0x0000000703c00000| Untracked |  0
|  14|0x0000000703e00000, 0x0000000703e00000, 0x0000000704000000|  0%| F|  |TAMS 0x0000000703e00000| PB 0x0000000703e00000| Untracked |  0
|  15|0x0000000704000000, 0x0000000704000000, 0x0000000704200000|  0%| F|  |TAMS 0x0000000704000000| PB 0x0000000704000000| Untracked |  0
|  16|0x0000000704200000, 0x0000000704200000, 0x0000000704400000|  0%| F|  |TAMS 0x0000000704200000| PB 0x0000000704200000| Untracked |  0
|  17|0x0000000704400000, 0x0000000704400000, 0x0000000704600000|  0%| F|  |TAMS 0x0000000704400000| PB 0x0000000704400000| Untracked |  0
|  18|0x0000000704600000, 0x0000000704600000, 0x0000000704800000|  0%| F|  |TAMS 0x0000000704600000| PB 0x0000000704600000| Untracked |  0
|  19|0x0000000704800000, 0x0000000704800000, 0x0000000704a00000|  0%| F|  |TAMS 0x0000000704800000| PB 0x0000000704800000| Untracked |  0
|  20|0x0000000704a00000, 0x0000000704a00000, 0x0000000704c00000|  0%| F|  |TAMS 0x0000000704a00000| PB 0x0000000704a00000| Untracked |  0
|  21|0x0000000704c00000, 0x0000000704c00000, 0x0000000704e00000|  0%| F|  |TAMS 0x0000000704c00000| PB 0x0000000704c00000| Untracked |  0
|  22|0x0000000704e00000, 0x0000000704e00000, 0x0000000705000000|  0%| F|  |TAMS 0x0000000704e00000| PB 0x0000000704e00000| Untracked |  0
|  23|0x0000000705000000, 0x0000000705000000, 0x0000000705200000|  0%| F|  |TAMS 0x0000000705000000| PB 0x0000000705000000| Untracked |  0
|  24|0x0000000705200000, 0x0000000705200000, 0x0000000705400000|  0%| F|  |TAMS 0x0000000705200000| PB 0x0000000705200000| Untracked |  0
|  25|0x0000000705400000, 0x0000000705400000, 0x0000000705600000|  0%| F|  |TAMS 0x0000000705400000| PB 0x0000000705400000| Untracked |  0
|  26|0x0000000705600000, 0x0000000705600000, 0x0000000705800000|  0%| F|  |TAMS 0x0000000705600000| PB 0x0000000705600000| Untracked |  0
|  27|0x0000000705800000, 0x0000000705800000, 0x0000000705a00000|  0%| F|  |TAMS 0x0000000705800000| PB 0x0000000705800000| Untracked |  0
|  28|0x0000000705a00000, 0x0000000705a00000, 0x0000000705c00000|  0%| F|  |TAMS 0x0000000705a00000| PB 0x0000000705a00000| Untracked |  0
|  29|0x0000000705c00000, 0x0000000705c00000, 0x0000000705e00000|  0%| F|  |TAMS 0x0000000705c00000| PB 0x0000000705c00000| Untracked |  0
|  30|0x0000000705e00000, 0x0000000705e00000, 0x0000000706000000|  0%| F|  |TAMS 0x0000000705e00000| PB 0x0000000705e00000| Untracked |  0
|  31|0x0000000706000000, 0x0000000706000000, 0x0000000706200000|  0%| F|  |TAMS 0x0000000706000000| PB 0x0000000706000000| Untracked |  0
|  32|0x0000000706200000, 0x0000000706200000, 0x0000000706400000|  0%| F|  |TAMS 0x0000000706200000| PB 0x0000000706200000| Untracked |  0
|  33|0x0000000706400000, 0x0000000706400000, 0x0000000706600000|  0%| F|  |TAMS 0x0000000706400000| PB 0x0000000706400000| Untracked |  0
|  34|0x0000000706600000, 0x0000000706600000, 0x0000000706800000|  0%| F|  |TAMS 0x0000000706600000| PB 0x0000000706600000| Untracked |  0
|  35|0x0000000706800000, 0x0000000706800000, 0x0000000706a00000|  0%| F|  |TAMS 0x0000000706800000| PB 0x0000000706800000| Untracked |  0
|  36|0x0000000706a00000, 0x0000000706a00000, 0x0000000706c00000|  0%| F|  |TAMS 0x0000000706a00000| PB 0x0000000706a00000| Untracked |  0
|  37|0x0000000706c00000, 0x0000000706c00000, 0x0000000706e00000|  0%| F|  |TAMS 0x0000000706c00000| PB 0x0000000706c00000| Untracked |  0
|  38|0x0000000706e00000, 0x0000000706e00000, 0x0000000707000000|  0%| F|  |TAMS 0x0000000706e00000| PB 0x0000000706e00000| Untracked |  0
|  39|0x0000000707000000, 0x0000000707000000, 0x0000000707200000|  0%| F|  |TAMS 0x0000000707000000| PB 0x0000000707000000| Untracked |  0
|  40|0x0000000707200000, 0x0000000707200000, 0x0000000707400000|  0%| F|  |TAMS 0x0000000707200000| PB 0x0000000707200000| Untracked |  0
|  41|0x0000000707400000, 0x0000000707400000, 0x0000000707600000|  0%| F|  |TAMS 0x0000000707400000| PB 0x0000000707400000| Untracked |  0
|  42|0x0000000707600000, 0x0000000707600000, 0x0000000707800000|  0%| F|  |TAMS 0x0000000707600000| PB 0x0000000707600000| Untracked |  0
|  43|0x0000000707800000, 0x0000000707800000, 0x0000000707a00000|  0%| F|  |TAMS 0x0000000707800000| PB 0x0000000707800000| Untracked |  0
|  44|0x0000000707a00000, 0x0000000707a00000, 0x0000000707c00000|  0%| F|  |TAMS 0x0000000707a00000| PB 0x0000000707a00000| Untracked |  0
|  45|0x0000000707c00000, 0x0000000707c00000, 0x0000000707e00000|  0%| F|  |TAMS 0x0000000707c00000| PB 0x0000000707c00000| Untracked |  0
|  46|0x0000000707e00000, 0x0000000707e00000, 0x0000000708000000|  0%| F|  |TAMS 0x0000000707e00000| PB 0x0000000707e00000| Untracked |  0
|  47|0x0000000708000000, 0x0000000708000000, 0x0000000708200000|  0%| F|  |TAMS 0x0000000708000000| PB 0x0000000708000000| Untracked |  0
|  48|0x0000000708200000, 0x0000000708200000, 0x0000000708400000|  0%| F|  |TAMS 0x0000000708200000| PB 0x0000000708200000| Untracked |  0
|  49|0x0000000708400000, 0x0000000708400000, 0x0000000708600000|  0%| F|  |TAMS 0x0000000708400000| PB 0x0000000708400000| Untracked |  0
|  50|0x0000000708600000, 0x0000000708600000, 0x0000000708800000|  0%| F|  |TAMS 0x0000000708600000| PB 0x0000000708600000| Untracked |  0
|  51|0x0000000708800000, 0x0000000708800000, 0x0000000708a00000|  0%| F|  |TAMS 0x0000000708800000| PB 0x0000000708800000| Untracked |  0
|  52|0x0000000708a00000, 0x0000000708a00000, 0x0000000708c00000|  0%| F|  |TAMS 0x0000000708a00000| PB 0x0000000708a00000| Untracked |  0
|  53|0x0000000708c00000, 0x0000000708c00000, 0x0000000708e00000|  0%| F|  |TAMS 0x0000000708c00000| PB 0x0000000708c00000| Untracked |  0
|  54|0x0000000708e00000, 0x0000000708e00000, 0x0000000709000000|  0%| F|  |TAMS 0x0000000708e00000| PB 0x0000000708e00000| Untracked |  0
|  55|0x0000000709000000, 0x0000000709000000, 0x0000000709200000|  0%| F|  |TAMS 0x0000000709000000| PB 0x0000000709000000| Untracked |  0
|  56|0x0000000709200000, 0x0000000709200000, 0x0000000709400000|  0%| F|  |TAMS 0x0000000709200000| PB 0x0000000709200000| Untracked |  0
|  57|0x0000000709400000, 0x0000000709400000, 0x0000000709600000|  0%| F|  |TAMS 0x0000000709400000| PB 0x0000000709400000| Untracked |  0
|  58|0x0000000709600000, 0x0000000709600000, 0x0000000709800000|  0%| F|  |TAMS 0x0000000709600000| PB 0x0000000709600000| Untracked |  0
|  59|0x0000000709800000, 0x0000000709800000, 0x0000000709a00000|  0%| F|  |TAMS 0x0000000709800000| PB 0x0000000709800000| Untracked |  0
|  60|0x0000000709a00000, 0x0000000709a00000, 0x0000000709c00000|  0%| F|  |TAMS 0x0000000709a00000| PB 0x0000000709a00000| Untracked |  0
|  61|0x0000000709c00000, 0x0000000709c00000, 0x0000000709e00000|  0%| F|  |TAMS 0x0000000709c00000| PB 0x0000000709c00000| Untracked |  0
|  62|0x0000000709e00000, 0x0000000709e00000, 0x000000070a000000|  0%| F|  |TAMS 0x0000000709e00000| PB 0x0000000709e00000| Untracked |  0
|  63|0x000000070a000000, 0x000000070a000000, 0x000000070a200000|  0%| F|  |TAMS 0x000000070a000000| PB 0x000000070a000000| Untracked |  0
|  64|0x000000070a200000, 0x000000070a200000, 0x000000070a400000|  0%| F|  |TAMS 0x000000070a200000| PB 0x000000070a200000| Untracked |  0
|  65|0x000000070a400000, 0x000000070a400000, 0x000000070a600000|  0%| F|  |TAMS 0x000000070a400000| PB 0x000000070a400000| Untracked |  0
|  66|0x000000070a600000, 0x000000070a600000, 0x000000070a800000|  0%| F|  |TAMS 0x000000070a600000| PB 0x000000070a600000| Untracked |  0
|  67|0x000000070a800000, 0x000000070a800000, 0x000000070aa00000|  0%| F|  |TAMS 0x000000070a800000| PB 0x000000070a800000| Untracked |  0
|  68|0x000000070aa00000, 0x000000070aa00000, 0x000000070ac00000|  0%| F|  |TAMS 0x000000070aa00000| PB 0x000000070aa00000| Untracked |  0
|  69|0x000000070ac00000, 0x000000070ac00000, 0x000000070ae00000|  0%| F|  |TAMS 0x000000070ac00000| PB 0x000000070ac00000| Untracked |  0
|  70|0x000000070ae00000, 0x000000070ae00000, 0x000000070b000000|  0%| F|  |TAMS 0x000000070ae00000| PB 0x000000070ae00000| Untracked |  0
|  71|0x000000070b000000, 0x000000070b000000, 0x000000070b200000|  0%| F|  |TAMS 0x000000070b000000| PB 0x000000070b000000| Untracked |  0
|  72|0x000000070b200000, 0x000000070b200000, 0x000000070b400000|  0%| F|  |TAMS 0x000000070b200000| PB 0x000000070b200000| Untracked |  0
|  73|0x000000070b400000, 0x000000070b400000, 0x000000070b600000|  0%| F|  |TAMS 0x000000070b400000| PB 0x000000070b400000| Untracked |  0
|  74|0x000000070b600000, 0x000000070b600000, 0x000000070b800000|  0%| F|  |TAMS 0x000000070b600000| PB 0x000000070b600000| Untracked |  0
|  75|0x000000070b800000, 0x000000070b800000, 0x000000070ba00000|  0%| F|  |TAMS 0x000000070b800000| PB 0x000000070b800000| Untracked |  0
|  76|0x000000070ba00000, 0x000000070ba00000, 0x000000070bc00000|  0%| F|  |TAMS 0x000000070ba00000| PB 0x000000070ba00000| Untracked |  0
|  77|0x000000070bc00000, 0x000000070bc00000, 0x000000070be00000|  0%| F|  |TAMS 0x000000070bc00000| PB 0x000000070bc00000| Untracked |  0
|  78|0x000000070be00000, 0x000000070be00000, 0x000000070c000000|  0%| F|  |TAMS 0x000000070be00000| PB 0x000000070be00000| Untracked |  0
|  79|0x000000070c000000, 0x000000070c000000, 0x000000070c200000|  0%| F|  |TAMS 0x000000070c000000| PB 0x000000070c000000| Untracked |  0
|  80|0x000000070c200000, 0x000000070c200000, 0x000000070c400000|  0%| F|  |TAMS 0x000000070c200000| PB 0x000000070c200000| Untracked |  0
|  81|0x000000070c400000, 0x000000070c400000, 0x000000070c600000|  0%| F|  |TAMS 0x000000070c400000| PB 0x000000070c400000| Untracked |  0
|  82|0x000000070c600000, 0x000000070c600000, 0x000000070c800000|  0%| F|  |TAMS 0x000000070c600000| PB 0x000000070c600000| Untracked |  0
|  83|0x000000070c800000, 0x000000070c800000, 0x000000070ca00000|  0%| F|  |TAMS 0x000000070c800000| PB 0x000000070c800000| Untracked |  0
|  84|0x000000070ca00000, 0x000000070ca00000, 0x000000070cc00000|  0%| F|  |TAMS 0x000000070ca00000| PB 0x000000070ca00000| Untracked |  0
|  85|0x000000070cc00000, 0x000000070cc00000, 0x000000070ce00000|  0%| F|  |TAMS 0x000000070cc00000| PB 0x000000070cc00000| Untracked |  0
|  86|0x000000070ce00000, 0x000000070ce00000, 0x000000070d000000|  0%| F|  |TAMS 0x000000070ce00000| PB 0x000000070ce00000| Untracked |  0
|  87|0x000000070d000000, 0x000000070d000000, 0x000000070d200000|  0%| F|  |TAMS 0x000000070d000000| PB 0x000000070d000000| Untracked |  0
|  88|0x000000070d200000, 0x000000070d200000, 0x000000070d400000|  0%| F|  |TAMS 0x000000070d200000| PB 0x000000070d200000| Untracked |  0
|  89|0x000000070d400000, 0x000000070d400000, 0x000000070d600000|  0%| F|  |TAMS 0x000000070d400000| PB 0x000000070d400000| Untracked |  0
|  90|0x000000070d600000, 0x000000070d600000, 0x000000070d800000|  0%| F|  |TAMS 0x000000070d600000| PB 0x000000070d600000| Untracked |  0
|  91|0x000000070d800000, 0x000000070d800000, 0x000000070da00000|  0%| F|  |TAMS 0x000000070d800000| PB 0x000000070d800000| Untracked |  0
|  92|0x000000070da00000, 0x000000070da00000, 0x000000070dc00000|  0%| F|  |TAMS 0x000000070da00000| PB 0x000000070da00000| Untracked |  0
|  93|0x000000070dc00000, 0x000000070dc00000, 0x000000070de00000|  0%| F|  |TAMS 0x000000070dc00000| PB 0x000000070dc00000| Untracked |  0
|  94|0x000000070de00000, 0x000000070de00000, 0x000000070e000000|  0%| F|  |TAMS 0x000000070de00000| PB 0x000000070de00000| Untracked |  0
|  95|0x000000070e000000, 0x000000070e000000, 0x000000070e200000|  0%| F|  |TAMS 0x000000070e000000| PB 0x000000070e000000| Untracked |  0
|  96|0x000000070e200000, 0x000000070e200000, 0x000000070e400000|  0%| F|  |TAMS 0x000000070e200000| PB 0x000000070e200000| Untracked |  0
|  97|0x000000070e400000, 0x000000070e400000, 0x000000070e600000|  0%| F|  |TAMS 0x000000070e400000| PB 0x000000070e400000| Untracked |  0
|  98|0x000000070e600000, 0x000000070e600000, 0x000000070e800000|  0%| F|  |TAMS 0x000000070e600000| PB 0x000000070e600000| Untracked |  0
|  99|0x000000070e800000, 0x000000070e800000, 0x000000070ea00000|  0%| F|  |TAMS 0x000000070e800000| PB 0x000000070e800000| Untracked |  0
| 100|0x000000070ea00000, 0x000000070ea00000, 0x000000070ec00000|  0%| F|  |TAMS 0x000000070ea00000| PB 0x000000070ea00000| Untracked |  0
| 101|0x000000070ec00000, 0x000000070ec00000, 0x000000070ee00000|  0%| F|  |TAMS 0x000000070ec00000| PB 0x000000070ec00000| Untracked |  0
| 102|0x000000070ee00000, 0x000000070ee00000, 0x000000070f000000|  0%| F|  |TAMS 0x000000070ee00000| PB 0x000000070ee00000| Untracked |  0
| 103|0x000000070f000000, 0x000000070f000000, 0x000000070f200000|  0%| F|  |TAMS 0x000000070f000000| PB 0x000000070f000000| Untracked |  0
| 104|0x000000070f200000, 0x000000070f200000, 0x000000070f400000|  0%| F|  |TAMS 0x000000070f200000| PB 0x000000070f200000| Untracked |  0
| 105|0x000000070f400000, 0x000000070f400000, 0x000000070f600000|  0%| F|  |TAMS 0x000000070f400000| PB 0x000000070f400000| Untracked |  0
| 106|0x000000070f600000, 0x000000070f600000, 0x000000070f800000|  0%| F|  |TAMS 0x000000070f600000| PB 0x000000070f600000| Untracked |  0
| 107|0x000000070f800000, 0x000000070f800000, 0x000000070fa00000|  0%| F|  |TAMS 0x000000070f800000| PB 0x000000070f800000| Untracked |  0
| 108|0x000000070fa00000, 0x000000070fa00000, 0x000000070fc00000|  0%| F|  |TAMS 0x000000070fa00000| PB 0x000000070fa00000| Untracked |  0
| 109|0x000000070fc00000, 0x000000070fc00000, 0x000000070fe00000|  0%| F|  |TAMS 0x000000070fc00000| PB 0x000000070fc00000| Untracked |  0
| 110|0x000000070fe00000, 0x000000070fe00000, 0x0000000710000000|  0%| F|  |TAMS 0x000000070fe00000| PB 0x000000070fe00000| Untracked |  0
| 111|0x0000000710000000, 0x0000000710000000, 0x0000000710200000|  0%| F|  |TAMS 0x0000000710000000| PB 0x0000000710000000| Untracked |  0
| 112|0x0000000710200000, 0x0000000710200000, 0x0000000710400000|  0%| F|  |TAMS 0x0000000710200000| PB 0x0000000710200000| Untracked |  0
| 113|0x0000000710400000, 0x0000000710400000, 0x0000000710600000|  0%| F|  |TAMS 0x0000000710400000| PB 0x0000000710400000| Untracked |  0
| 114|0x0000000710600000, 0x0000000710600000, 0x0000000710800000|  0%| F|  |TAMS 0x0000000710600000| PB 0x0000000710600000| Untracked |  0
| 115|0x0000000710800000, 0x0000000710800000, 0x0000000710a00000|  0%| F|  |TAMS 0x0000000710800000| PB 0x0000000710800000| Untracked |  0
| 116|0x0000000710a00000, 0x0000000710a00000, 0x0000000710c00000|  0%| F|  |TAMS 0x0000000710a00000| PB 0x0000000710a00000| Untracked |  0
| 117|0x0000000710c00000, 0x0000000710c00000, 0x0000000710e00000|  0%| F|  |TAMS 0x0000000710c00000| PB 0x0000000710c00000| Untracked |  0
| 118|0x0000000710e00000, 0x0000000710e00000, 0x0000000711000000|  0%| F|  |TAMS 0x0000000710e00000| PB 0x0000000710e00000| Untracked |  0
| 119|0x0000000711000000, 0x0000000711000000, 0x0000000711200000|  0%| F|  |TAMS 0x0000000711000000| PB 0x0000000711000000| Untracked |  0
| 120|0x0000000711200000, 0x0000000711400000, 0x0000000711400000|100%| E|  |TAMS 0x0000000711200000| PB 0x0000000711200000| Complete |  0
| 121|0x0000000711400000, 0x0000000711600000, 0x0000000711600000|100%| E|CS|TAMS 0x0000000711400000| PB 0x0000000711400000| Complete |  0
| 122|0x0000000711600000, 0x0000000711800000, 0x0000000711800000|100%| E|CS|TAMS 0x0000000711600000| PB 0x0000000711600000| Complete |  0
| 123|0x0000000711800000, 0x0000000711a00000, 0x0000000711a00000|100%| E|CS|TAMS 0x0000000711800000| PB 0x0000000711800000| Complete |  0
| 124|0x0000000711a00000, 0x0000000711c00000, 0x0000000711c00000|100%| E|CS|TAMS 0x0000000711a00000| PB 0x0000000711a00000| Complete |  0
| 125|0x0000000711c00000, 0x0000000711e00000, 0x0000000711e00000|100%| E|CS|TAMS 0x0000000711c00000| PB 0x0000000711c00000| Complete |  0
| 126|0x0000000711e00000, 0x0000000712000000, 0x0000000712000000|100%| E|CS|TAMS 0x0000000711e00000| PB 0x0000000711e00000| Complete |  0

Card table byte_map: [0x000002066cec0000,0x000002066d6b0000] _byte_map_base: 0x00000206696af000

Marking Bits: (CMBitMap*) 0x0000020654ff75a0
 Bits: [0x000002066d6b0000, 0x0000020671628000)

Polling page: 0x0000020652c70000

Metaspace:

Usage:
  Non-class:      5.99 MB used.
      Class:    740.64 KB used.
       Both:      6.71 MB used.

Virtual space:
  Non-class space:       64.00 MB reserved,       6.06 MB (  9%) committed,  1 nodes.
      Class space:        1.00 GB reserved,     832.00 KB ( <1%) committed,  1 nodes.
             Both:        1.06 GB reserved,       6.88 MB ( <1%) committed. 

Chunk freelists:
   Non-Class:  9.00 MB
       Class:  15.23 MB
        Both:  24.23 MB

MaxMetaspaceSize: unlimited
CompressedClassSpaceSize: 1.00 GB
Initial GC threshold: 21.00 MB
Current GC threshold: 21.00 MB
CDS: on
 - commit_granule_bytes: 65536.
 - commit_granule_words: 8192.
 - virtual_space_node_default_size: 8388608.
 - enlarge_chunks_in_place: 1.
 - use_allocation_guard: 0.


Internal statistics:

num_allocs_failed_limit: 0.
num_arena_births: 150.
num_arena_deaths: 0.
num_vsnodes_births: 2.
num_vsnodes_deaths: 0.
num_space_committed: 110.
num_space_uncommitted: 0.
num_chunks_returned_to_freelist: 0.
num_chunks_taken_from_freelist: 190.
num_chunk_merges: 0.
num_chunk_splits: 110.
num_chunks_enlarged: 41.
num_inconsistent_stats: 0.

CodeHeap 'non-profiled nmethods': size=120064Kb used=278Kb max_used=278Kb free=119785Kb
 bounds [0x0000020665190000, 0x0000020665400000, 0x000002066c6d0000]
CodeHeap 'profiled nmethods': size=120000Kb used=1193Kb max_used=1193Kb free=118806Kb
 bounds [0x000002065d6d0000, 0x000002065d940000, 0x0000020664c00000]
CodeHeap 'non-nmethods': size=5696Kb used=1526Kb max_used=1541Kb free=4169Kb
 bounds [0x0000020664c00000, 0x0000020664e70000, 0x0000020665190000]
CodeCache: size=245760Kb, used=2997Kb, max_used=3012Kb, free=242760Kb
 total_blobs=1623, nmethods=1012, adapters=517, full_count=0
Compilation: enabled, stopped_count=0, restarted_count=0

Compilation events (20 events):
Event: 2716.295 Thread 0x0000020673b0e360 1002       1       java.awt.Color::getRGB (5 bytes)
Event: 2716.295 Thread 0x0000020673b0e360 nmethod 1002 0x00000206651d5508 code [0x00000206651d5620, 0x00000206651d56e8]
Event: 2716.295 Thread 0x0000020673b0e360 1003   !   3       java.awt.Toolkit::setDesktopProperty (81 bytes)
Event: 2716.296 Thread 0x0000020673b0e360 nmethod 1003 0x000002065d7f4f08 code [0x000002065d7f50a0, 0x000002065d7f5940]
Event: 3026.965 Thread 0x0000020673b0e360 1005       3       java.lang.invoke.DirectMethodHandle::make (275 bytes)
Event: 3026.967 Thread 0x0000020673b0e360 nmethod 1005 0x000002065d7f5988 code [0x000002065d7f5ca0, 0x000002065d7f6fc0]
Event: 3026.967 Thread 0x0000020673b0e360 1006       3       java.lang.invoke.MemberName::isField (8 bytes)
Event: 3026.967 Thread 0x0000020673b0e360 nmethod 1006 0x000002065d7f7008 code [0x000002065d7f7120, 0x000002065d7f72e8]
Event: 3026.967 Thread 0x0000020673b0e360 1007       3       jdk.internal.org.objectweb.asm.ClassWriter::visitMethod (57 bytes)
Event: 3026.968 Thread 0x0000020673b0e360 nmethod 1007 0x000002065d7f7308 code [0x000002065d7f7440, 0x000002065d7f77b8]
Event: 3026.968 Thread 0x0000020673b0e360 1008       3       jdk.internal.org.objectweb.asm.MethodWriter::<init> (232 bytes)
Event: 3026.970 Thread 0x0000020673b0e360 nmethod 1008 0x000002065d7f7808 code [0x000002065d7f7a20, 0x000002065d7f8780]
Event: 3026.970 Thread 0x0000020673b0e360 1009       3       jdk.internal.org.objectweb.asm.MethodVisitor::<init> (7 bytes)
Event: 3026.970 Thread 0x0000020673b0e360 nmethod 1009 0x000002065d7f8808 code [0x000002065d7f8920, 0x000002065d7f8a68]
Event: 3026.970 Thread 0x0000020673b0e360 1010       3       jdk.internal.org.objectweb.asm.MethodWriter::visitMaxs (60 bytes)
Event: 3026.970 Thread 0x0000020673b0e360 nmethod 1010 0x000002065d7f8b08 code [0x000002065d7f8c60, 0x000002065d7f8f08]
Event: 3026.970 Thread 0x0000020673b0e360 1011       3       jdk.internal.org.objectweb.asm.MethodWriter::visitEnd (1 bytes)
Event: 3026.970 Thread 0x0000020673b0e360 nmethod 1011 0x000002065d7f8f88 code [0x000002065d7f90a0, 0x000002065d7f91a8]
Event: 3026.970 Thread 0x0000020673b0e360 1012       3       jdk.internal.org.objectweb.asm.MethodWriter::computeMethodInfoSize (571 bytes)
Event: 3026.974 Thread 0x0000020673b0e360 nmethod 1012 0x000002065d7f9288 code [0x000002065d7f9540, 0x000002065d7fa3e8]

GC Heap History (0 events):
No events

Dll operation events (10 events):
Event: 0.012 Loaded shared library C:\Program Files\Java\jdk-23\bin\java.dll
Event: 0.045 Loaded shared library C:\Program Files\Java\jdk-23\bin\jsvml.dll
Event: 0.085 Loaded shared library C:\Program Files\Java\jdk-23\bin\net.dll
Event: 0.086 Loaded shared library C:\Program Files\Java\jdk-23\bin\nio.dll
Event: 0.114 Loaded shared library C:\Program Files\Java\jdk-23\bin\zip.dll
Event: 0.125 Loaded shared library C:\Program Files\Java\jdk-23\bin\jimage.dll
Event: 0.140 Loaded shared library C:\Program Files\Java\jdk-23\bin\awt.dll
Event: 0.387 Loaded shared library C:\Program Files\Java\jdk-23\bin\javajpeg.dll
Event: 0.493 Loaded shared library C:\Program Files\Java\jdk-23\bin\freetype.dll
Event: 0.495 Loaded shared library C:\Program Files\Java\jdk-23\bin\fontmanager.dll

Deoptimization events (20 events):
Event: 0.450 Thread 0x00000206455f1a00 DEOPT PACKING pc=0x000002065d7c48bc sp=0x0000008b720fe2a0
Event: 0.450 Thread 0x00000206455f1a00 DEOPT UNPACKING pc=0x0000020664c54b22 sp=0x0000008b720fd730 mode 0
Event: 0.450 Thread 0x00000206455f1a00 DEOPT PACKING pc=0x000002065d7c48bc sp=0x0000008b720fe2a0
Event: 0.450 Thread 0x00000206455f1a00 DEOPT UNPACKING pc=0x0000020664c54b22 sp=0x0000008b720fd730 mode 0
Event: 0.450 Thread 0x00000206455f1a00 DEOPT PACKING pc=0x000002065d7c48bc sp=0x0000008b720fe2a0
Event: 0.450 Thread 0x00000206455f1a00 DEOPT UNPACKING pc=0x0000020664c54b22 sp=0x0000008b720fd730 mode 0
Event: 0.451 Thread 0x00000206455f1a00 DEOPT PACKING pc=0x000002065d7c48bc sp=0x0000008b720fe2a0
Event: 0.451 Thread 0x00000206455f1a00 DEOPT UNPACKING pc=0x0000020664c54b22 sp=0x0000008b720fd730 mode 0
Event: 0.451 Thread 0x00000206455f1a00 DEOPT PACKING pc=0x000002065d7c48bc sp=0x0000008b720fe2a0
Event: 0.451 Thread 0x00000206455f1a00 DEOPT UNPACKING pc=0x0000020664c54b22 sp=0x0000008b720fd730 mode 0
Event: 0.451 Thread 0x00000206455f1a00 DEOPT PACKING pc=0x000002065d7c48bc sp=0x0000008b720fe2a0
Event: 0.451 Thread 0x00000206455f1a00 DEOPT UNPACKING pc=0x0000020664c54b22 sp=0x0000008b720fd730 mode 0
Event: 0.504 Thread 0x0000020652cba0b0 Uncommon trap: trap_request=0xffffff45 fr.pc=0x00000206651c3494 relative=0x0000000000000214
Event: 0.504 Thread 0x0000020652cba0b0 Uncommon trap: reason=unstable_if action=reinterpret pc=0x00000206651c3494 method=java.lang.StringUTF16.compress([CI[BII)I @ 20 c2
Event: 0.504 Thread 0x0000020652cba0b0 DEOPT PACKING pc=0x00000206651c3494 sp=0x0000008b70afde90
Event: 0.504 Thread 0x0000020652cba0b0 DEOPT UNPACKING pc=0x0000020664c54402 sp=0x0000008b70afde00 mode 2
Event: 0.580 Thread 0x000002064570afa0 Uncommon trap: trap_request=0xffffffde fr.pc=0x00000206651c6410 relative=0x00000000000002d0
Event: 0.580 Thread 0x000002064570afa0 Uncommon trap: reason=class_check action=maybe_recompile pc=0x00000206651c6410 method=java.util.HashMap.getNode(Ljava/lang/Object;)Ljava/util/HashMap$Node; @ 63 c2
Event: 0.580 Thread 0x000002064570afa0 DEOPT PACKING pc=0x00000206651c6410 sp=0x0000008b721fd540
Event: 0.580 Thread 0x000002064570afa0 DEOPT UNPACKING pc=0x0000020664c54402 sp=0x0000008b721fd4a8 mode 2

Classes loaded (20 events):
Event: 0.602 Loading class java/text/CharacterIterator
Event: 0.602 Loading class java/text/CharacterIterator done
Event: 0.602 Loading class java/text/AttributedCharacterIterator done
Event: 0.602 Loading class java/text/AttributedString$AttributedStringIterator done
Event: 0.602 Loading class java/awt/TextComponent
Event: 0.602 Loading class java/awt/TextComponent done
Event: 0.602 Loading class javax/swing/text/JTextComponent
Event: 0.603 Loading class javax/swing/Scrollable
Event: 0.603 Loading class javax/swing/Scrollable done
Event: 0.603 Loading class javax/swing/text/JTextComponent done
Event: 0.604 Loading class java/awt/event/MouseWheelEvent
Event: 0.605 Loading class java/awt/event/MouseWheelEvent done
Event: 2.389 Loading class java/awt/KeyboardFocusManager$2
Event: 2.389 Loading class java/awt/KeyboardFocusManager$2 done
Event: 2.390 Loading class sun/awt/SunToolkit$1
Event: 2.390 Loading class sun/awt/SunToolkit$1 done
Event: 1006.293 Loading class java/awt/desktop/SystemSleepListener
Event: 1006.293 Loading class java/awt/desktop/SystemEventListener
Event: 1006.293 Loading class java/awt/desktop/SystemEventListener done
Event: 1006.293 Loading class java/awt/desktop/SystemSleepListener done

Classes unloaded (0 events):
No events

Classes redefined (0 events):
No events

Internal exceptions (14 events):
Event: 0.087 Thread 0x0000020652cba0b0 Exception <a 'sun/nio/fs/WindowsException'{0x0000000711f56e50}> (0x0000000711f56e50) 
thrown [s\open\src\hotspot\share\prims\jni.cpp, line 520]
Event: 0.089 Thread 0x0000020652cba0b0 Exception <a 'sun/nio/fs/WindowsException'{0x0000000711f59848}> (0x0000000711f59848) 
thrown [s\open\src\hotspot\share\prims\jni.cpp, line 520]
Event: 0.089 Thread 0x0000020652cba0b0 Exception <a 'sun/nio/fs/WindowsException'{0x0000000711f5a300}> (0x0000000711f5a300) 
thrown [s\open\src\hotspot\share\prims\jni.cpp, line 520]
Event: 0.132 Thread 0x0000020652cba0b0 Exception <a 'java/lang/ClassNotFoundException'{0x0000000711c7c888}: sun/awt/resources/spi/awtProvider> (0x0000000711c7c888) 
thrown [s\open\src\hotspot\share\classfile\systemDictionary.cpp, line 313]
Event: 0.161 Thread 0x0000020652cba0b0 Exception <a 'java/io/FileNotFoundException'{0x0000000711cd0650}> (0x0000000711cd0650) 
thrown [s\open\src\hotspot\share\prims\jni.cpp, line 520]
Event: 0.168 Thread 0x0000020652cba0b0 Exception <a 'java/io/FileNotFoundException'{0x0000000711cfec10}> (0x0000000711cfec10) 
thrown [s\open\src\hotspot\share\prims\jni.cpp, line 520]
Event: 0.248 Thread 0x0000020652cba0b0 Exception <a 'java/lang/NoSuchMethodError'{0x0000000711d99490}: 'void java.lang.invoke.DirectMethodHandle$Holder.invokeSpecial(java.lang.Object, java.lang.Object, java.lang.Object)'> (0x0000000711d99490) 
thrown [s\open\src\hotspot\share\interpreter\linkResolver.cpp, line 796]
Event: 0.263 Thread 0x0000020652cba0b0 Exception <a 'java/lang/NoSuchMethodError'{0x0000000711a3a458}: 'java.lang.Object java.lang.invoke.DirectMethodHandle$Holder.invokeStatic(java.lang.Object, int, java.lang.Object)'> (0x0000000711a3a458) 
thrown [s\open\src\hotspot\share\interpreter\linkResolver.cpp, line 796]
Event: 0.288 Thread 0x0000020652cba0b0 Exception <a 'java/lang/ClassNotFoundException'{0x0000000711ae1628}: com/sun/swing/internal/plaf/metal/resources/spi/metalProvider> (0x0000000711ae1628) 
thrown [s\open\src\hotspot\share\classfile\systemDictionary.cpp, line 313]
Event: 0.289 Thread 0x0000020652cba0b0 Exception <a 'java/lang/ClassNotFoundException'{0x0000000711ae5638}: com/sun/swing/internal/plaf/basic/resources/spi/basicProvider> (0x0000000711ae5638) 
thrown [s\open\src\hotspot\share\classfile\systemDictionary.cpp, line 313]
Event: 0.299 Thread 0x0000020652cba0b0 Exception <a 'java/lang/NoSuchMethodError'{0x0000000711b04f50}: 'int java.lang.invoke.Invokers$Holder.invokeExact_MT(java.lang.Object, java.lang.Object)'> (0x0000000711b04f50) 
thrown [s\open\src\hotspot\share\interpreter\linkResolver.cpp, line 796]
Event: 0.389 Thread 0x00000206455f1a00 Exception <a 'java/lang/NoSuchMethodError'{0x00000007118cb310}: 'java.lang.Object java.lang.invoke.DirectMethodHandle$Holder.newInvokeSpecial(java.lang.Object, java.lang.Object, java.lang.Object, int, int, int, int, int)'> (0x00000007118cb310) 
thrown [s\open\src\hotspot\share\interpreter\linkResolver.cpp, line 796]
Event: 0.464 Thread 0x0000020645590260 Exception <a 'java/lang/NoSuchMethodError'{0x00000007112de8e0}: 'void java.lang.invoke.DirectMethodHandle$Holder.invokeVirtual(java.lang.Object, java.lang.Object)'> (0x00000007112de8e0) 
thrown [s\open\src\hotspot\share\interpreter\linkResolver.cpp, line 796]
Event: 0.487 Thread 0x0000020652cba0b0 Exception <a 'java/lang/NoSuchMethodError'{0x0000000711379848}: 'void java.lang.invoke.DirectMethodHandle$Holder.invokeStaticInit(java.lang.Object)'> (0x0000000711379848) 
thrown [s\open\src\hotspot\share\interpreter\linkResolver.cpp, line 796]

VM Operations (20 events):
Event: 0.179 Executing VM operation: HandshakeAllThreads (Deoptimize)
Event: 0.179 Executing VM operation: HandshakeAllThreads (Deoptimize) done
Event: 0.368 Executing VM operation: HandshakeAllThreads (Deoptimize)
Event: 0.368 Executing VM operation: HandshakeAllThreads (Deoptimize) done
Event: 0.427 Executing VM operation: HandshakeAllThreads (Deoptimize)
Event: 0.427 Executing VM operation: HandshakeAllThreads (Deoptimize) done
Event: 0.470 Executing VM operation: HandshakeAllThreads (Deoptimize)
Event: 0.470 Executing VM operation: HandshakeAllThreads (Deoptimize) done
Event: 60.025 Executing VM operation: HandshakeAllThreads (HandshakeForDeflation)
Event: 60.025 Executing VM operation: HandshakeAllThreads (HandshakeForDeflation) done
Event: 60.026 Executing VM operation: RendezvousGCThreads
Event: 60.026 Executing VM operation: RendezvousGCThreads done
Event: 421.101 Executing VM operation: HandshakeAllThreads (HandshakeForDeflation)
Event: 421.101 Executing VM operation: HandshakeAllThreads (HandshakeForDeflation) done
Event: 421.101 Executing VM operation: RendezvousGCThreads
Event: 421.101 Executing VM operation: RendezvousGCThreads done
Event: 2722.541 Executing VM operation: HandshakeAllThreads (HandshakeForDeflation)
Event: 2722.541 Executing VM operation: HandshakeAllThreads (HandshakeForDeflation) done
Event: 2722.541 Executing VM operation: RendezvousGCThreads
Event: 2722.541 Executing VM operation: RendezvousGCThreads done

Memory protections (0 events):
No events

Nmethod flushes (0 events):
No events

Events (20 events):
Event: 0.041 Thread 0x0000020652cba0b0 Thread added: 0x0000020673aef3d0
Event: 0.041 Thread 0x0000020652cba0b0 Thread added: 0x0000020673af1e10
Event: 0.042 Thread 0x0000020652cba0b0 Thread added: 0x0000020673af6a60
Event: 0.042 Thread 0x0000020652cba0b0 Thread added: 0x0000020673af70d0
Event: 0.042 Thread 0x0000020652cba0b0 Thread added: 0x0000020673af9750
Event: 0.042 Thread 0x0000020652cba0b0 Thread added: 0x0000020673afddd0
Event: 0.042 Thread 0x0000020652cba0b0 Thread added: 0x0000020673b0bc90
Event: 0.042 Thread 0x0000020652cba0b0 Thread added: 0x0000020673b0e360
Event: 0.072 Thread 0x0000020652cba0b0 Thread added: 0x00000206450be040
Event: 0.104 Thread 0x0000020652cba0b0 Thread added: 0x00000206451f0810
Event: 0.109 Thread 0x0000020673b0e360 Thread added: 0x000002064525e230
Event: 0.219 Thread 0x0000020652cba0b0 Thread added: 0x0000020645589410
Event: 0.221 Thread 0x0000020652cba0b0 Thread added: 0x000002064558cb20
Event: 0.222 Thread 0x0000020652cba0b0 Thread added: 0x0000020645590260
Event: 0.305 Thread 0x0000020652cba0b0 Thread added: 0x00000206455f1a00
Event: 0.463 Thread 0x0000020645590260 Thread added: 0x000002064570afa0
Event: 0.548 Thread 0x0000020652cba0b0 Thread exited: 0x0000020652cba0b0
Event: 0.548 Thread 0x0000020652cba0b0 Thread added: 0x0000020652cba0b0
Event: 1.173 Thread 0x000002064525e230 Thread exited: 0x000002064525e230
Event: 5.453 Thread 0x00000206455f1a00 Thread exited: 0x00000206455f1a00


Dynamic libraries:
0x00007ff7e39a0000 - 0x00007ff7e39b0000 	C:\Program Files\Java\jdk-23\bin\java.exe
0x00007ffb83410000 - 0x00007ffb83608000 	C:\WINDOWS\SYSTEM32\ntdll.dll
0x00007ffb83150000 - 0x00007ffb83212000 	C:\WINDOWS\System32\KERNEL32.DLL
0x00007ffb80e20000 - 0x00007ffb81116000 	C:\WINDOWS\System32\KERNELBASE.dll
0x00007ffb811d0000 - 0x00007ffb812d0000 	C:\WINDOWS\System32\ucrtbase.dll
0x00007ffb78330000 - 0x00007ffb7834b000 	C:\Program Files\Java\jdk-23\bin\VCRUNTIME140.dll
0x00007ffb58790000 - 0x00007ffb587a7000 	C:\Program Files\Java\jdk-23\bin\jli.dll
0x00007ffb82fb0000 - 0x00007ffb8314d000 	C:\WINDOWS\System32\USER32.dll
0x00007ffb80df0000 - 0x00007ffb80e12000 	C:\WINDOWS\System32\win32u.dll
0x00007ffb6b490000 - 0x00007ffb6b72a000 	C:\WINDOWS\WinSxS\amd64_microsoft.windows.common-controls_6595b64144ccf1df_6.0.19041.4355_none_60b8b9eb71f62e16\COMCTL32.dll
0x00007ffb82450000 - 0x00007ffb8247b000 	C:\WINDOWS\System32\GDI32.dll
0x00007ffb80b20000 - 0x00007ffb80c3a000 	C:\WINDOWS\System32\gdi32full.dll
0x00007ffb81e80000 - 0x00007ffb81f1e000 	C:\WINDOWS\System32\msvcrt.dll
0x00007ffb81390000 - 0x00007ffb8142d000 	C:\WINDOWS\System32\msvcp_win.dll
0x00007ffb814e0000 - 0x00007ffb8150f000 	C:\WINDOWS\System32\IMM32.DLL
0x00007ffb7abd0000 - 0x00007ffb7abdc000 	C:\Program Files\Java\jdk-23\bin\vcruntime140_1.dll
0x00007ffb58040000 - 0x00007ffb580ce000 	C:\Program Files\Java\jdk-23\bin\msvcp140.dll
0x00007ffb02a90000 - 0x00007ffb037df000 	C:\Program Files\Java\jdk-23\bin\server\jvm.dll
0x00007ffb82f00000 - 0x00007ffb82faf000 	C:\WINDOWS\System32\ADVAPI32.dll
0x00007ffb82480000 - 0x00007ffb8251f000 	C:\WINDOWS\System32\sechost.dll
0x00007ffb81570000 - 0x00007ffb81693000 	C:\WINDOWS\System32\RPCRT4.dll
0x00007ffb812d0000 - 0x00007ffb812f7000 	C:\WINDOWS\System32\bcrypt.dll
0x00007ffb816a0000 - 0x00007ffb8170b000 	C:\WINDOWS\System32\WS2_32.dll
0x00007ffb80900000 - 0x00007ffb8094b000 	C:\WINDOWS\SYSTEM32\POWRPROF.dll
0x00007ffb69420000 - 0x00007ffb69447000 	C:\WINDOWS\SYSTEM32\WINMM.dll
0x00007ffb76890000 - 0x00007ffb7689a000 	C:\WINDOWS\SYSTEM32\VERSION.dll
0x00007ffb808e0000 - 0x00007ffb808f2000 	C:\WINDOWS\SYSTEM32\UMPDC.dll
0x00007ffb7f2c0000 - 0x00007ffb7f2d2000 	C:\WINDOWS\SYSTEM32\kernel.appcore.dll
0x00007ffb78320000 - 0x00007ffb7832a000 	C:\Program Files\Java\jdk-23\bin\jimage.dll
0x00007ffb7b7d0000 - 0x00007ffb7b9b4000 	C:\WINDOWS\SYSTEM32\DBGHELP.DLL
0x00007ffb62950000 - 0x00007ffb62984000 	C:\WINDOWS\SYSTEM32\dbgcore.DLL
0x00007ffb81300000 - 0x00007ffb81382000 	C:\WINDOWS\System32\bcryptPrimitives.dll
0x00007ffb77410000 - 0x00007ffb7742e000 	C:\Program Files\Java\jdk-23\bin\java.dll
0x00007ffb82d60000 - 0x00007ffb82e8b000 	C:\WINDOWS\System32\ole32.dll
0x00007ffb82020000 - 0x00007ffb82375000 	C:\WINDOWS\System32\combase.dll
0x00007ffb81710000 - 0x00007ffb81e7f000 	C:\WINDOWS\System32\SHELL32.dll
0x00007ffb7b9c0000 - 0x00007ffb7c163000 	C:\WINDOWS\SYSTEM32\windows.storage.dll
0x00007ffb80400000 - 0x00007ffb8042b000 	C:\WINDOWS\SYSTEM32\Wldp.dll
0x00007ffb82520000 - 0x00007ffb825ed000 	C:\WINDOWS\System32\OLEAUT32.dll
0x00007ffb82380000 - 0x00007ffb8242d000 	C:\WINDOWS\System32\SHCORE.dll
0x00007ffb825f0000 - 0x00007ffb82645000 	C:\WINDOWS\System32\shlwapi.dll
0x00007ffb809d0000 - 0x00007ffb809f5000 	C:\WINDOWS\SYSTEM32\profapi.dll
0x00007ffb56480000 - 0x00007ffb56557000 	C:\Program Files\Java\jdk-23\bin\jsvml.dll
0x00007ffb782f0000 - 0x00007ffb78300000 	C:\Program Files\Java\jdk-23\bin\net.dll
0x00007ffb80160000 - 0x00007ffb801cc000 	C:\WINDOWS\system32\mswsock.dll
0x00007ffb6b0e0000 - 0x00007ffb6b0f6000 	C:\Program Files\Java\jdk-23\bin\nio.dll
0x00007ffb667d0000 - 0x00007ffb667e7000 	C:\Program Files\Java\jdk-23\bin\zip.dll
0x00007ffb562f0000 - 0x00007ffb5647e000 	C:\Program Files\Java\jdk-23\bin\awt.dll
0x00007ffb79b80000 - 0x00007ffb79c14000 	C:\WINDOWS\SYSTEM32\apphelp.dll
0x00007ffb7b210000 - 0x00007ffb7b23f000 	C:\WINDOWS\system32\DWMAPI.DLL
0x00007ffb7b020000 - 0x00007ffb7b0be000 	C:\WINDOWS\system32\uxtheme.dll
0x00007ffb61550000 - 0x00007ffb61678000 	C:\WINDOWS\system32\opengl32.dll
0x00007ffb614d0000 - 0x00007ffb614fc000 	C:\WINDOWS\SYSTEM32\GLU32.dll
0x00007ffb82c40000 - 0x00007ffb82d55000 	C:\WINDOWS\System32\MSCTF.dll
0x00007ffb58380000 - 0x00007ffb583ae000 	C:\Program Files\Java\jdk-23\bin\javajpeg.dll
0x00007ffb44230000 - 0x00007ffb442b7000 	C:\Program Files\Java\jdk-23\bin\freetype.dll
0x00007ffb44150000 - 0x00007ffb44227000 	C:\Program Files\Java\jdk-23\bin\fontmanager.dll
0x00007ffb72aa0000 - 0x00007ffb72b99000 	C:\WINDOWS\SYSTEM32\textinputframework.dll
0x00007ffb795f0000 - 0x00007ffb796e2000 	C:\WINDOWS\System32\CoreMessaging.dll
0x00007ffb791e0000 - 0x00007ffb7953b000 	C:\WINDOWS\System32\CoreUIComponents.dll
0x00007ffb7a060000 - 0x00007ffb7a1b7000 	C:\WINDOWS\SYSTEM32\wintypes.dll
0x00007ffb7fcd0000 - 0x00007ffb7fd03000 	C:\WINDOWS\SYSTEM32\ntmarta.dll

dbghelp: loaded successfully - version: 4.0.5 - missing functions: none
symbol engine: initialized successfully - sym options: 0x614 - pdb path: .;C:\Program Files\Java\jdk-23\bin;C:\WINDOWS\SYSTEM32;C:\WINDOWS\WinSxS\amd64_microsoft.windows.common-controls_6595b64144ccf1df_6.0.19041.4355_none_60b8b9eb71f62e16;C:\Program Files\Java\jdk-23\bin\server

VM Arguments:
jvm_args: -Dfile.encoding=UTF-8 --module-path=C:\Users\ergik\Documents\NetBeansProjects\bank management\build\classes 
java_command: bank.management.Transactions
java_class_path (initial): C:\Program Files;C:\Program Files\Java;C:\Users\ergik\Downloads\jcalendar-1.4.zip;C:\Users\ergik\Downloads\jcalendar-1.4-javadoc.jar;C:\Users\ergik\Downloads\jcalendar-1.4.jar;C:\Users\ergik\Downloads\mysql-connector-java-8.0.28.jar;C:\Users\ergik\Documents\NetBeansProjects\bank management\build\classes
Launcher Type: SUN_STANDARD

[Global flags]
     intx CICompilerCount                          = 3                                         {product} {ergonomic}
     uint ConcGCThreads                            = 1                                         {product} {ergonomic}
     uint G1ConcRefinementThreads                  = 4                                         {product} {ergonomic}
   size_t G1HeapRegionSize                         = 2097152                                   {product} {ergonomic}
   size_t InitialHeapSize                          = 266338304                                 {product} {ergonomic}
   size_t MarkStackSize                            = 4194304                                   {product} {ergonomic}
   size_t MarkStackSizeMax                         = 536870912                                 {product} {ergonomic}
   size_t MaxHeapSize                              = 4259315712                                {product} {ergonomic}
   size_t MaxNewSize                               = 2554331136                                {product} {ergonomic}
   size_t MinHeapDeltaBytes                        = 2097152                                   {product} {ergonomic}
   size_t MinHeapSize                              = 8388608                                   {product} {ergonomic}
    uintx NonNMethodCodeHeapSize                   = 5832704                                {pd product} {ergonomic}
    uintx NonProfiledCodeHeapSize                  = 122945536                              {pd product} {ergonomic}
    uintx ProfiledCodeHeapSize                     = 122880000                              {pd product} {ergonomic}
    uintx ReservedCodeCacheSize                    = 251658240                              {pd product} {ergonomic}
     bool SegmentedCodeCache                       = true                                      {product} {ergonomic}
   size_t SoftMaxHeapSize                          = 4259315712                             {manageable} {ergonomic}
     bool UseCompressedOops                        = true                           {product lp64_product} {ergonomic}
     bool UseG1GC                                  = true                                      {product} {ergonomic}
     bool UseLargePagesIndividualAllocation        = false                                  {pd product} {ergonomic}

Logging:
Log output configuration:
 #0: stdout all=warning uptime,level,tags foldmultilines=false
 #1: stderr all=off uptime,level,tags foldmultilines=false

Environment Variables:
PATH=C:\Program Files\Common Files\Oracle\Java\javapath;C:\WINDOWS\system32;C:\WINDOWS;C:\WINDOWS\System32\Wbem;C:\WINDOWS\System32\WindowsPowerShell\v1.0\;C:\WINDOWS\System32\OpenSSH\;C:\Program Files\MySQL\MySQL Shell 8.0\bin\;C:\Users\ergik\AppData\Local\Programs\Python\Python312\Scripts\;C:\Users\ergik\AppData\Local\Programs\Python\Python312\;C:\Users\ergik\AppData\Local\Programs\Python\Launcher\;C:\Users\ergik\AppData\Local\Microsoft\WindowsApps;C:\Users\ergik\AppData\Local\Programs\Microsoft VS Code\bin;C:\Users\ergik\AppData\Local\GitHubDesktop\bin
USERNAME=ergik
OS=Windows_NT
PROCESSOR_IDENTIFIER=Intel64 Family 6 Model 142 Stepping 9, GenuineIntel
TMP=C:\Users\ergik\AppData\Local\Temp
TEMP=C:\Users\ergik\AppData\Local\Temp




Periodic native trim disabled

---------------  S Y S T E M  ---------------

OS:
 Windows 10 , 64 bit Build 19041 (10.0.19041.5678)
OS uptime: 2 days 1:51 hours

CPU: total 4 (initial active 4) (2 cores per cpu, 2 threads per core) family 6 model 142 stepping 9 microcode 0xf6, cx8, cmov, fxsr, ht, mmx, 3dnowpref, sse, sse2, sse3, ssse3, sse4.1, sse4.2, popcnt, lzcnt, tsc, tscinvbit, avx, avx2, aes, erms, clmul, bmi1, bmi2, rtm, adx, fma, vzeroupper, clflush, clflushopt, rdtscp, f16c
Processor Information for the first 4 processors :
  Max Mhz: 2712, Current Mhz: 2611, Mhz Limit: 2603

Memory: 4k page, system-wide physical 16242M (9638M free)
TotalPageFile size 18674M (AvailPageFile size 7743M)
current process WorkingSet (physical memory assigned to process): 80M, peak: 81M
current process commit charge ("private bytes"): 345M, peak: 346M

vm_info: Java HotSpot(TM) 64-Bit Server VM (23+37-2369) for windows-amd64 JRE (23+37-2369), built on 2024-08-20T16:01:23Z with MS VC++ 17.6 (VS2022)

END.
