#
# A fatal error has been detected by the Java Runtime Environment:
#
#  EXCEPTION_ACCESS_VIOLATION (0xc0000005) at pc=0x00007ffb563cb3c6, pid=1560, tid=6180
#
# JRE version: Java(TM) SE Runtime Environment (23.0+37) (build 23+37-2369)
# Java VM: Java HotSpot(TM) 64-Bit Server VM (23+37-2369, mixed mode, sharing, tiered, compressed oops, compressed class ptrs, g1 gc, windows-amd64)
# Problematic frame:
# C  [awt.dll+0xdb3c6]
#
# No core dump will be written. Minidumps are not enabled by default on client versions of Windows
#
# If you would like to submit a bug report, please visit:
#   https://bugreport.java.com/bugreport/crash.jsp
# The crash happened outside the Java Virtual Machine in native code.
# See problematic frame for where to report the bug.
#

---------------  S U M M A R Y ------------

Command Line: -Dfile.encoding=UTF-8 --module-path=C:\Users\ergik\Documents\NetBeansProjects\bank management\build\classes bank.management.Transactions

Host: Intel(R) Core(TM) i5-7300U CPU @ 2.60GHz, 4 cores, 15G,  Windows 10 , 64 bit Build 19041 (10.0.19041.5678)
Time: Thu Apr 17 21:56:33 2025 Central Europe Daylight Time elapsed time: 3002.136126 seconds (0d 0h 50m 2s)

---------------  T H R E A D  ---------------

Current thread (0x0000022fee7619c0):  JavaThread "AWT-EventQueue-0"        [_thread_in_native, id=6180, stack(0x0000009bbdc00000,0x0000009bbdd00000) (1024K)]

Stack: [0x0000009bbdc00000,0x0000009bbdd00000],  sp=0x0000009bbdcfecd0,  free space=1019k
Native frames: (J=compiled Java code, j=interpreted, Vv=VM code, C=native code)
C  [awt.dll+0xdb3c6]  (no source info available)
C  [awt.dll+0xdcc02]  (no source info available)
C  0x0000022f98e0d207  (no source info available)

The last pc belongs to native method entry point (kind = native) (printed below).
Java frames: (J=compiled Java code, j=interpreted, Vv=VM code)
j  sun.awt.Win32GraphicsDevice.initNativeScale(I)V+0 java.desktop@23
j  sun.awt.Win32GraphicsDevice.initScaleFactors()V+60 java.desktop@23
j  sun.awt.Win32GraphicsDevice.displayChanged()V+16 java.desktop@23
j  sun.awt.Win32GraphicsEnvironment.displayChanged()V+271 java.desktop@23
j  sun.awt.windows.WToolkit.lambda$displayChanged$4()V+15 java.desktop@23
j  sun.awt.windows.WToolkit$$Lambda+0x0000022fa90fe6b8.run()V+0 java.desktop@23
j  java.awt.event.InvocationEvent.dispatch()V+47 java.desktop@23
j  java.awt.EventQueue.dispatchEventImpl(Ljava/awt/AWTEvent;Ljava/lang/Object;)V+21 java.desktop@23
j  java.awt.EventQueue$4.run()Ljava/lang/Void;+32 java.desktop@23
j  java.awt.EventQueue$4.run()Ljava/lang/Object;+1 java.desktop@23
J 774 c1 java.security.AccessController.doPrivileged(Ljava/security/PrivilegedAction;Ljava/security/AccessControlContext;)Ljava/lang/Object; java.base@23 (17 bytes) @ 0x0000022f919b30ec [0x0000022f919b2f00+0x00000000000001ec]
j  java.security.ProtectionDomain$JavaSecurityAccessImpl.doIntersectionPrivilege(Ljava/security/PrivilegedAction;Ljava/security/AccessControlContext;Ljava/security/AccessControlContext;)Ljava/lang/Object;+18 java.base@23
j  java.awt.EventQueue.dispatchEvent(Ljava/awt/AWTEvent;)V+46 java.desktop@23
j  java.awt.EventDispatchThread.pumpOneEventForFilters(I)V+81 java.desktop@23
j  java.awt.EventDispatchThread.pumpEventsForFilter(ILjava/awt/Conditional;Ljava/awt/EventFilter;)V+35 java.desktop@23
j  java.awt.EventDispatchThread.pumpEventsForHierarchy(ILjava/awt/Conditional;Ljava/awt/Component;)V+11 java.desktop@23
j  java.awt.EventDispatchThread.pumpEvents(ILjava/awt/Conditional;)V+4 java.desktop@23
j  java.awt.EventDispatchThread.pumpEvents(Ljava/awt/Conditional;)V+3 java.desktop@23
j  java.awt.EventDispatchThread.run()V+9 java.desktop@23
v  ~StubRoutines::call_stub 0x0000022f98e00fcd

siginfo: EXCEPTION_ACCESS_VIOLATION (0xc0000005), reading address 0x00004247527465b7


Registers:
RAX=0x0000424752746567, RBX=0x0000022fee6c0fb0, RCX=0x0000424752746567, RDX=0x0000000000000000
RSP=0x0000009bbdcfecd0, RBP=0x0000009bbdcfedb0, RSI=0x0000000000000000, RDI=0x0000000000000000
R8 =0x0000000000000001, R9 =0x00000000000000dd, R10=0x0000022f98e0d1d8, R11=0x0000000000000100
R12=0x0000000000000000, R13=0x0000022fe9233470, R14=0x0000009bbdcfedd8, R15=0x0000022fee7619c0
RIP=0x00007ffb563cb3c6, EFLAGS=0x0000000000010202


Register to memory mapping:

RAX=0x0000424752746567 is an unknown value
RBX=0x0000022fee6c0fb0 points into unknown readable memory: 0x0000022fee7f5500 | 00 55 7f ee 2f 02 00 00
RCX=0x0000424752746567 is an unknown value
RDX=0x0 is null
RSP=0x0000009bbdcfecd0 is pointing into the stack for thread: 0x0000022fee7619c0
RBP=0x0000009bbdcfedb0 is pointing into the stack for thread: 0x0000022fee7619c0
RSI=0x0 is null
RDI=0x0 is null
R8 =0x0000000000000001 is an unknown value
R9 =0x00000000000000dd is an unknown value
R10=0x0000022f98e0d1d8 is at code_begin+1016 in an Interpreter codelet
native method entry point (kind = native)  [0x0000022f98e0cde0, 0x0000022f98e0d938]  2904 bytes
R11=0x0000000000000100 is an unknown value
R12=0x0 is null
R13={method} {0x0000022fe9233478} 'initNativeScale' '(I)V' in 'sun/awt/Win32GraphicsDevice'
R14=0x0000009bbdcfedd8 is pointing into the stack for thread: 0x0000022fee7619c0
R15=0x0000022fee7619c0 is a thread

Top of Stack: (sp=0x0000009bbdcfecd0)
0x0000009bbdcfecd0:   0000022fe9608710 00007ffb02cb19ec
0x0000009bbdcfece0:   0000022fee6c0fb0 0000000000000000
0x0000009bbdcfecf0:   0000022fee6c0fb0 00007ffb563ccc02
0x0000009bbdcfed00:   00007ffb56429838 0000022fe9233470
0x0000009bbdcfed10:   0000009bbdcfedc0 0000022fa7b962b0
0x0000009bbdcfed20:   0000022f98e0889a 0000022f98e0d207
0x0000009bbdcfed30:   0000022fe9233470 0000022f98e1b207
0x0000009bbdcfed40:   0000022fee7619c0 0000022f98e0889a
0x0000009bbdcfed50:   0000000000000000 00007ffb03123c39
0x0000009bbdcfed60:   0000009bbdcfeea0 fffffffffffffff7
0x0000009bbdcfed70:   0000000000000000 0000000000000005
0x0000009bbdcfed80:   0000022fe9236b68 0000000000000000
0x0000009bbdcfed90:   0000000711d68308 0000022fe9233470
0x0000009bbdcfeda0:   0000000000000000 0000009bbdcfedd0
0x0000009bbdcfedb0:   0000009bbdcfee28 0000022f98e08700
0x0000009bbdcfedc0:   0000000000000000 0000022f98e0a5d7
0x0000009bbdcfedd0:   0000000000000000 0000000711d775f8
0x0000009bbdcfede0:   fffffffffffffff7 0000022fe9233ac4
0x0000009bbdcfedf0:   0000000000000002 0000022fe9236b68
0x0000009bbdcfee00:   0000000000000000 0000000711d68308
0x0000009bbdcfee10:   0000022fe9233b10 fffffffffffffff5
0x0000009bbdcfee20:   0000009bbdcfee38 0000009bbdcfee88
0x0000009bbdcfee30:   0000022f98e08700 0000000711d775f8
0x0000009bbdcfee40:   fffffffffffffff7 0000022fe9235388
0x0000009bbdcfee50:   0000000000000003 0000022fe9236b68
0x0000009bbdcfee60:   0000000000000000 0000000711d68308
0x0000009bbdcfee70:   0000022fe92353d0 fffffffffffffff6
0x0000009bbdcfee80:   0000009bbdcfeea0 0000009bbdcfeef0
0x0000009bbdcfee90:   0000022f98e08700 0000000000000000
0x0000009bbdcfeea0:   0000000711d775f8 fffffffffffffff7
0x0000009bbdcfeeb0:   0000022fe918e947 0000000000000008
0x0000009bbdcfeec0:   0000022fe9192c08 0000000000000000 

Instructions: (pc=0x00007ffb563cb3c6)
0x00007ffb563cb2c6:   11 45 d4 0f 11 45 e4 0f 11 45 f4 89 45 04 c7 45
0x00007ffb563cb2d6:   a0 68 00 00 00 0f 11 44 24 34 0f 11 44 24 44 0f
0x00007ffb563cb2e6:   11 44 24 54 0f 11 44 24 64 0f 11 44 24 74 0f 11
0x00007ffb563cb2f6:   45 84 89 45 94 c7 44 24 30 68 00 00 00 48 8d 55
0x00007ffb563cb306:   a0 49 8b ce ff 15 08 76 06 00 85 c0 74 41 48 8d
0x00007ffb563cb316:   54 24 30 48 8b ce ff 15 f6 75 06 00 85 c0 74 2f
0x00007ffb563cb326:   48 8d 54 24 34 48 8d 4d a4 ff 15 0b 75 06 00 85
0x00007ffb563cb336:   c0 74 1c 48 8d 54 24 44 48 8d 4d b4 ff 15 f8 74
0x00007ffb563cb346:   06 00 85 c0 74 09 8b 44 24 54 39 45 c4 74 11 ff
0x00007ffb563cb356:   c7 3b 7b 0c 0f 8c 40 ff ff ff 8b 3d 1a b0 06 00
0x00007ffb563cb366:   48 8b cb e8 f2 ca f4 ff 90 8b c7 48 8b 4d 10 48
0x00007ffb563cb376:   33 cc e8 93 01 01 00 4c 8d 9c 24 20 01 00 00 49
0x00007ffb563cb386:   8b 5b 28 49 8b 73 30 49 8b e3 41 5e 5f 5d c3 cc
0x00007ffb563cb396:   cc cc cc cc cc cc cc cc cc cc 48 8b 41 08 48 8b
0x00007ffb563cb3a6:   80 18 0c 00 00 c3 cc cc cc cc 48 8b 41 08 48 05
0x00007ffb563cb3b6:   00 04 00 00 c3 cc cc cc cc cc 40 53 48 83 ec 20
0x00007ffb563cb3c6:   83 79 50 00 48 8b d9 75 56 48 8b 49 28 4c 8d 44
0x00007ffb563cb3d6:   24 38 48 8d 54 24 30 c7 44 24 30 00 00 80 bf c7
0x00007ffb563cb3e6:   44 24 38 00 00 80 bf e8 1e e1 00 00 f3 0f 10 54
0x00007ffb563cb3f6:   24 30 0f 57 c0 0f 2f d0 76 25 f3 0f 10 4c 24 38
0x00007ffb563cb406:   0f 2f c8 76 1a f3 0f 5e 15 f9 a8 02 00 f3 0f 5e
0x00007ffb563cb416:   0d f1 a8 02 00 f3 0f 11 53 48 f3 0f 11 4b 4c 48
0x00007ffb563cb426:   83 c4 20 5b c3 cc cc cc cc cc 48 89 5c 24 10 48
0x00007ffb563cb436:   89 74 24 18 57 41 56 41 57 48 83 ec 40 48 8b d9
0x00007ffb563cb446:   48 83 79 18 00 75 14 b9 28 04 00 00 e8 19 97 00
0x00007ffb563cb456:   00 48 89 43 18 c7 00 28 00 00 00 48 8b 43 18 33
0x00007ffb563cb466:   ff 66 89 78 0e 48 8b 4b 28 e8 5c 03 00 00 48 8b
0x00007ffb563cb476:   f0 41 bf 01 00 00 00 45 8b c7 41 8b d7 48 8b c8
0x00007ffb563cb486:   ff 15 34 71 06 00 4c 8b f0 89 7c 24 30 48 8b 4b
0x00007ffb563cb496:   18 48 89 4c 24 28 48 89 7c 24 20 45 8b cf 45 33
0x00007ffb563cb4a6:   c0 48 8b d0 48 8b ce ff 15 2d 70 06 00 48 8b 53
0x00007ffb563cb4b6:   30 48 8b 0b 8b 05 c4 ae 06 00 83 79 04 08 0f 8e 


Stack slot to memory mapping:

stack at sp + 0 slots: 0x0000022fe9608710 is pointing into metadata
stack at sp + 1 slots: 0x00007ffb02cb19ec jvm.dll
stack at sp + 2 slots: 0x0000022fee6c0fb0 points into unknown readable memory: 0x0000022fee7f5500 | 00 55 7f ee 2f 02 00 00
stack at sp + 3 slots: 0x0 is null
stack at sp + 4 slots: 0x0000022fee6c0fb0 points into unknown readable memory: 0x0000022fee7f5500 | 00 55 7f ee 2f 02 00 00
stack at sp + 5 slots: 0x00007ffb563ccc02 awt.dll
stack at sp + 6 slots: 0x00007ffb56429838 awt.dll
stack at sp + 7 slots: {method} {0x0000022fe9233478} 'initNativeScale' '(I)V' in 'sun/awt/Win32GraphicsDevice'

Lock stack of current Java thread (top to bottom):

native method entry point (kind = native)  [0x0000022f98e0cde0, 0x0000022f98e0d938]  2904 bytes
[MachCode]
  0x0000022f98e0cde0: 488b 4b08 | 0fb7 492e | 584c 8d74 | ccf8 6800 | 0000 0068 | 0000 0000 | 5055 488b | ec41 5568 
  0x0000022f98e0ce00: 0000 0000 | 4c8b 6b08 | 4d8d 6d38 | 5348 8b53 | 0848 8b52 | 0848 8b52 | 1848 8b52 | 7048 8b12 
  0x0000022f98e0ce20: 5248 8b53 | 1048 85d2 | 0f84 0700 | 0000 4881 | c210 0100 | 0052 488b | 5308 488b | 5208 488b 
  0x0000022f98e0ce40: 5210 5249 | 8bc6 482b | c548 c1e8 | 0350 6800 | 0000 0068 | f7ff ffff | 41c6 8771 | 0400 0001 
  0x0000022f98e0ce60: 488b 4310 | 4885 c074 | 208b 88cc | 0000 0083 | c102 8988 | cc00 0000 | 2388 e000 | 0000 0f84 
  0x0000022f98e0ce80: 000a 0000 | e9cf 0000 | 0048 8b43 | 1848 85c0 | 0f85 b000 | 0000 e805 | 0000 00e9 | 9900 0000 
  0x0000022f98e0cea0: 488b d348 | 8d44 2408 | 4c89 6dc0 | 498b cfc5 | f877 4989 | afb0 0300 | 0049 8987 | a003 0000 
  0x0000022f98e0cec0: 4883 ec20 | 40f6 c40f | 0f84 1900 | 0000 4883 | ec08 48b8 | 9026 e602 | fb7f 0000 | ffd0 4883 
  0x0000022f98e0cee0: c408 e90c | 0000 0048 | b890 26e6 | 02fb 7f00 | 00ff d048 | 83c4 2049 | c787 a003 | 0000 0000 
  0x0000022f98e0cf00: 0000 49c7 | 87b0 0300 | 0000 0000 | 0049 c787 | a803 0000 | 0000 0000 | c5f8 7749 | 837f 0800 
  0x0000022f98e0cf20: 0f84 0500 | 0000 e995 | 3fff ff4c | 8b6d c04c | 8b75 c84e | 8d74 f500 | c348 8b43 | 1848 85c0 
  0x0000022f98e0cf40: 0f84 1200 | 0000 8b48 | 0883 c102 | 8948 0823 | 481c 0f84 | 2c09 0000 | 493b a7e8 | 0400 000f 
  0x0000022f98e0cf60: 8748 0000 | 0089 8424 | 00f0 ffff | 8984 2400 | e0ff ff89 | 8424 00d0 | ffff 8984 | 2400 c0ff 
  0x0000022f98e0cf80: ff89 8424 | 00b0 ffff | 8984 2400 | a0ff ff89 | 8424 0090 | ffff 8984 | 2400 80ff | ff49 3ba7 
  0x0000022f98e0cfa0: e004 0000 | 7607 4989 | a7e8 0400 | 0041 c687 | 7104 0000 | 0049 ba41 | ad6d 03fb | 7f00 0041 
  0x0000022f98e0cfc0: 803a 000f | 843e 0000 | 0048 8b55 | e849 8bcf | 4883 ec20 | 40f6 c40f | 0f84 1900 | 0000 4883 
  0x0000022f98e0cfe0: ec08 48b8 | 00ee 1d03 | fb7f 0000 | ffd0 4883 | c408 e90c | 0000 0048 | b800 ee1d | 03fb 7f00 
  0x0000022f98e0d000: 00ff d048 | 83c4 2048 | 8b5d e84c | 8b5b 0845 | 0fb7 5b2e | 41c1 e303 | 492b e348 | 83ec 2048 
  0x0000022f98e0d020: 83e4 f04c | 8b5b 604d | 85db 0f85 | ab00 0000 | e805 0000 | 00e9 9900 | 0000 488b | d348 8d44 
  0x0000022f98e0d040: 2408 4c89 | 6dc0 498b | cfc5 f877 | 4989 afb0 | 0300 0049 | 8987 a003 | 0000 4883 | ec20 40f6 
  0x0000022f98e0d060: c40f 0f84 | 1900 0000 | 4883 ec08 | 48b8 f04d | e602 fb7f | 0000 ffd0 | 4883 c408 | e90c 0000 
  0x0000022f98e0d080: 0048 b8f0 | 4de6 02fb | 7f00 00ff | d048 83c4 | 2049 c787 | a003 0000 | 0000 0000 | 49c7 87b0 
  0x0000022f98e0d0a0: 0300 0000 | 0000 0049 | c787 a803 | 0000 0000 | 0000 c5f8 | 7749 837f | 0800 0f84 | 0500 0000 
  0x0000022f98e0d0c0: e9fb 3dff | ff4c 8b6d | c04c 8b75 | c84e 8d74 | f500 c348 | 8b5d e84c | 8b5b 6041 | ffd3 488b 
  0x0000022f98e0d0e0: 5de8 4889 | 4518 448b | 5b28 41f6 | c308 0f84 | 1b00 0000 | 4c8b 5b08 | 4d8b 5b08 | 4d8b 5b18 
  0x0000022f98e0d100: 4d8b 5b70 | 4d8b 1b4c | 895d 1048 | 8d55 1048 | 8b43 5849 | ba50 3c1e | 03fb 7f00 | 0049 3bc2 
  0x0000022f98e0d120: 0f85 ab00 | 0000 e805 | 0000 00e9 | 9900 0000 | 488b d348 | 8d44 2408 | 4c89 6dc0 | 498b cfc5 
  0x0000022f98e0d140: f877 4989 | afb0 0300 | 0049 8987 | a003 0000 | 4883 ec20 | 40f6 c40f | 0f84 1900 | 0000 4883 
  0x0000022f98e0d160: ec08 48b8 | f04d e602 | fb7f 0000 | ffd0 4883 | c408 e90c | 0000 0048 | b8f0 4de6 | 02fb 7f00 
  0x0000022f98e0d180: 00ff d048 | 83c4 2049 | c787 a003 | 0000 0000 | 0000 49c7 | 87b0 0300 | 0000 0000 | 0049 c787 
  0x0000022f98e0d1a0: a803 0000 | 0000 0000 | c5f8 7749 | 837f 0800 | 0f84 0500 | 0000 e905 | 3dff ff4c | 8b6d c04c 
  0x0000022f98e0d1c0: 8b75 c84e | 8d74 f500 | c348 8b5d | e848 8b43 | 5849 8d8f | c003 0000 | c5f8 7749 | 89af b003 
  0x0000022f98e0d1e0: 0000 49ba | d8d1 e098 | 2f02 0000 | 4d89 97a8 | 0300 0049 | 89a7 a003 | 0000 41c7 | 8744 0400 
  0x0000022f98e0d200: 0004 0000 | 00ff d0c5 | f877 4883 | ec10 c5fb | 1104 2448 | 83ec 1048 | 8904 2448 | c744 2408 
  0x0000022f98e0d220: 0000 0000 | 41c7 8744 | 0400 0005 | 0000 00f0 | 8344 24c0 | 0049 3baf | 4804 0000 | 0f87 0e00 
  0x0000022f98e0d240: 0000 4183 | bf40 0400 | 0000 0f84 | 2000 0000 | 498b cf4c | 8be4 4883 | ec20 4883 | e4f0 48b8 
  0x0000022f98e0d260: 90a9 e702 | fb7f 0000 | ffd0 498b | e44d 33e4 | 41c7 8744 | 0400 0008 | 0000 0049 | c787 a003 
  0x0000022f98e0d280: 0000 0000 | 0000 49c7 | 87b0 0300 | 0000 0000 | 0049 c787 | a803 0000 | 0000 0000 | c5f8 774d 
  0x0000022f98e0d2a0: 8b9f 3004 | 0000 41c7 | 8300 0100 | 0000 0000 | 0049 bbda | a5e0 982f | 0200 004c | 3b5d 180f 
  0x0000022f98e0d2c0: 8524 0200 | 0048 8b04 | 2448 83c4 | 1048 85c0 | 0f84 fe01 | 0000 a803 | 0f85 0800 | 0000 488b 
  0x0000022f98e0d2e0: 00e9 ee01 | 0000 a801 | 0f85 0900 | 0000 488b | 40fe e9dd | 0100 0048 | 8b40 ff41 | 807f 3800 
  0x0000022f98e0d300: 0f84 ce01 | 0000 4883 | f800 0f84 | c401 0000 | 4d8b 5f28 | 4983 fb00 | 0f84 1400 | 0000 4983 
  0x0000022f98e0d320: eb08 4d89 | 5f28 4d03 | 5f30 4989 | 03e9 a201 | 0000 4881 | ecd0 0000 | 0048 8904 | 2448 894c 
  0x0000022f98e0d340: 2408 4889 | 5424 1048 | 8974 2418 | 4889 7c24 | 204c 8944 | 2428 4c89 | 4c24 304c | 8954 2438 
  0x0000022f98e0d360: 4c89 5c24 | 40c5 fb11 | 4424 50c5 | fb11 4c24 | 58c5 fb11 | 5424 60c5 | fb11 5c24 | 68c5 fb11 
  0x0000022f98e0d380: 6424 70c5 | fb11 6c24 | 78c5 fb11 | b424 8000 | 0000 c5fb | 11bc 2488 | 0000 00c5 | 7b11 8424 
  0x0000022f98e0d3a0: 9000 0000 | c57b 118c | 2498 0000 | 00c5 7b11 | 9424 a000 | 0000 c57b | 119c 24a8 | 0000 00c5 
  0x0000022f98e0d3c0: 7b11 a424 | b000 0000 | c57b 11ac | 24b8 0000 | 00c5 7b11 | b424 c000 | 0000 c57b | 11bc 24c8 
  0x0000022f98e0d3e0: 0000 0049 | 8bd7 488b | c848 83ec | 2040 f6c4 | 0f0f 8419 | 0000 0048 | 83ec 0848 | b8e0 07db 
  0x0000022f98e0d400: 02fb 7f00 | 00ff d048 | 83c4 08e9 | 0c00 0000 | 48b8 e007 | db02 fb7f | 0000 ffd0 | 4883 c420 
  0x0000022f98e0d420: c57b 10bc | 24c8 0000 | 00c5 7b10 | b424 c000 | 0000 c57b | 10ac 24b8 | 0000 00c5 | 7b10 a424 
  0x0000022f98e0d440: b000 0000 | c57b 109c | 24a8 0000 | 00c5 7b10 | 9424 a000 | 0000 c57b | 108c 2498 | 0000 00c5 
  0x0000022f98e0d460: 7b10 8424 | 9000 0000 | c5fb 10bc | 2488 0000 | 00c5 fb10 | b424 8000 | 0000 c5fb | 106c 2478 
  0x0000022f98e0d480: c5fb 1064 | 2470 c5fb | 105c 2468 | c5fb 1054 | 2460 c5fb | 104c 2458 | c5fb 1044 | 2450 4c8b 
  0x0000022f98e0d4a0: 5c24 404c | 8b54 2438 | 4c8b 4c24 | 304c 8b44 | 2428 488b | 7c24 2048 | 8b74 2418 | 488b 5424 
  0x0000022f98e0d4c0: 1048 8b4c | 2408 488b | 0424 4881 | c4d0 0000 | 00c5 f877 | 4889 4510 | 4883 ec10 | 4889 0424 
  0x0000022f98e0d4e0: 48c7 4424 | 0800 0000 | 0041 83bf | c804 0000 | 020f 85bf | 0000 0048 | 81ec 8000 | 0000 4889 
  0x0000022f98e0d500: 4424 7848 | 894c 2470 | 4889 5424 | 6848 895c | 2460 4889 | 6c24 5048 | 8974 2448 | 4889 7c24 
  0x0000022f98e0d520: 404c 8944 | 2438 4c89 | 4c24 304c | 8954 2428 | 4c89 5c24 | 204c 8964 | 2418 4c89 | 6c24 104c 
  0x0000022f98e0d540: 8974 2408 | 4c89 3c24 | 4c8b e448 | 83ec 2048 | 83e4 f048 | b8b0 221e | 03fb 7f00 | 00ff d049 
  0x0000022f98e0d560: 8be4 4c8b | 3c24 4c8b | 7424 084c | 8b6c 2410 | 4c8b 6424 | 184c 8b5c | 2420 4c8b | 5424 284c 
  0x0000022f98e0d580: 8b4c 2430 | 4c8b 4424 | 3848 8b7c | 2440 488b | 7424 4848 | 8b6c 2450 | 488b 5c24 | 6048 8b54 
  0x0000022f98e0d5a0: 2468 488b | 4c24 7048 | 8b44 2478 | 4881 c480 | 0000 004d | 33e4 488b | 5de8 4c8b | 6b08 4d8d 
  0x0000022f98e0d5c0: 6d38 4983 | 7f08 000f | 84bb 0000 | 00e8 0500 | 0000 e996 | 0000 0048 | 8d44 2408 | 4c89 6dc0 
  0x0000022f98e0d5e0: 498b cfc5 | f877 4989 | afb0 0300 | 0049 8987 | a003 0000 | 4883 ec20 | 40f6 c40f | 0f84 1900 
  0x0000022f98e0d600: 0000 4883 | ec08 48b8 | 006c e602 | fb7f 0000 | ffd0 4883 | c408 e90c | 0000 0048 | b800 6ce6 
  0x0000022f98e0d620: 02fb 7f00 | 00ff d048 | 83c4 2049 | c787 a003 | 0000 0000 | 0000 49c7 | 87b0 0300 | 0000 0000 
  0x0000022f98e0d640: 0049 c787 | a803 0000 | 0000 0000 | c5f8 7749 | 837f 0800 | 0f84 0500 | 0000 e961 | 38ff ff4c 
  0x0000022f98e0d660: 8b6d c04c | 8b75 c84e | 8d74 f500 | c348 b940 | d545 03fb | 7f00 0048 | 83e4 f048 | b860 4a0c 
  0x0000022f98e0d680: 03fb 7f00 | 00ff d0f4 | 448b 5b28 | 41f6 c320 | 0f84 7901 | 0000 488d | 55a8 4c8b | 5a08 4d85 
  0x0000022f98e0d6a0: db0f 85bb | 0000 00e8 | 0500 0000 | e996 0000 | 0048 8d44 | 2408 4c89 | 6dc0 498b | cfc5 f877 
  0x0000022f98e0d6c0: 4989 afb0 | 0300 0049 | 8987 a003 | 0000 4883 | ec20 40f6 | c40f 0f84 | 1900 0000 | 4883 ec08 
  0x0000022f98e0d6e0: 48b8 306b | e602 fb7f | 0000 ffd0 | 4883 c408 | e90c 0000 | 0048 b830 | 6be6 02fb | 7f00 00ff 
  0x0000022f98e0d700: d048 83c4 | 2049 c787 | a003 0000 | 0000 0000 | 49c7 87b0 | 0300 0000 | 0000 0049 | c787 a803 
  0x0000022f98e0d720: 0000 0000 | 0000 c5f8 | 7749 837f | 0800 0f84 | 0500 0000 | e987 37ff | ff4c 8b6d | c04c 8b75 
  0x0000022f98e0d740: c84e 8d74 | f500 c348 | b940 d545 | 03fb 7f00 | 0048 83e4 | f048 b860 | 4a0c 03fb | 7f00 00ff 
  0x0000022f98e0d760: d0f4 4c89 | 6dc0 4c8b | 4a08 48c7 | 4208 0000 | 0000 458b | 8718 0600 | 004f 3b4c | 07f8 0f85 
  0x0000022f98e0d780: 4900 0000 | 4183 af18 | 0600 0008 | 4f3b 4c07 | f00f 842a | 0000 0049 | 8b01 a802 | 0f85 1200 
  0x0000022f98e0d7a0: 0000 4c8b | c049 83c8 | 01f0 4d0f | b101 0f84 | 0d00 0000 | 4183 8718 | 0600 0008 | e90c 0000 
  0x0000022f98e0d7c0: 0049 ff8f | 5005 0000 | e93e 0000 | 004c 894a | 0848 8bca | 4883 ec20 | 40f6 c40f | 0f84 1900 
  0x0000022f98e0d7e0: 0000 4883 | ec08 48b8 | f03d e602 | fb7f 0000 | ffd0 4883 | c408 e90c | 0000 0048 | b8f0 3de6 
  0x0000022f98e0d800: 02fb 7f00 | 00ff d048 | 83c4 204c | 8b6d c049 | ba41 ad6d | 03fb 7f00 | 0041 803a | 000f 843e 
  0x0000022f98e0d820: 0000 0048 | 8b55 e849 | 8bcf 4883 | ec20 40f6 | c40f 0f84 | 1900 0000 | 4883 ec08 | 48b8 00ee 
  0x0000022f98e0d840: 1d03 fb7f | 0000 ffd0 | 4883 c408 | e90c 0000 | 0048 b800 | ee1d 03fb | 7f00 00ff | d048 83c4 
  0x0000022f98e0d860: 2048 8b04 | 2448 83c4 | 10c5 fb10 | 0424 4883 | c410 4c8b | 5d18 41ff | d34c 8b5d | f8c9 5f49 
  0x0000022f98e0d880: 8be3 ffe7 | ba00 0000 | 00e8 0500 | 0000 e996 | 0000 0048 | 8d44 2408 | 4c89 6dc0 | 498b cfc5 
  0x0000022f98e0d8a0: f877 4989 | afb0 0300 | 0049 8987 | a003 0000 | 4883 ec20 | 40f6 c40f | 0f84 1900 | 0000 4883 
  0x0000022f98e0d8c0: ec08 48b8 | a031 e602 | fb7f 0000 | ffd0 4883 | c408 e90c | 0000 0048 | b8a0 31e6 | 02fb 7f00 
  0x0000022f98e0d8e0: 00ff d048 | 83c4 2049 | c787 a003 | 0000 0000 | 0000 49c7 | 87b0 0300 | 0000 0000 | 0049 c787 
  0x0000022f98e0d900: a803 0000 | 0000 0000 | c5f8 7749 | 837f 0800 | 0f84 0500 | 0000 e9a5 | 35ff ff4c | 8b6d c04c 
  0x0000022f98e0d920: 8b75 c84e | 8d74 f500 | c348 8b5d | e8e9 26f6 | ffff 660f | 1f44 0000 
[/MachCode]

Compiled method (c1) 3003044  774       3       java.security.AccessController::doPrivileged (17 bytes)
 total in heap  [0x0000022f919b2d88,0x0000022f919b3310] = 1416
 relocation     [0x0000022f919b2e60,0x0000022f919b2ef8] = 152
 main code      [0x0000022f919b2f00,0x0000022f919b3280] = 896
 stub code      [0x0000022f919b3280,0x0000022f919b32f8] = 120
 metadata       [0x0000022f919b32f8,0x0000022f919b3310] = 24
 immutable data [0x0000022fed3a92d0,0x0000022fed3a9468] = 408
 dependencies   [0x0000022fed3a92d0,0x0000022fed3a92d8] = 8
 nul chk table  [0x0000022fed3a92d8,0x0000022fed3a92e8] = 16
 scopes pcs     [0x0000022fed3a92e8,0x0000022fed3a93a8] = 192
 scopes data    [0x0000022fed3a93a8,0x0000022fed3a9468] = 192

[Constant Pool (empty)]

[MachCode]
[Verified Entry Point]
  # {method} {0x0000022fa849b038} 'doPrivileged' '(Ljava/security/PrivilegedAction;Ljava/security/AccessControlContext;)Ljava/lang/Object;' in 'java/security/AccessController'
  # parm0:    rdx:rdx   = 'java/security/PrivilegedAction'
  # parm1:    r8:r8     = 'java/security/AccessControlContext'
  #           [sp+0x80]  (sp of caller)
  0x0000022f919b2f00: 8984 2400 | 80ff ff55 | 4883 ec70 | 4181 7f20 | 0100 0000 

  0x0000022f919b2f14: ;   {runtime_call StubRoutines (final stubs)}
  0x0000022f919b2f14: 7405 e825 

  0x0000022f919b2f18: ;   {metadata(method data for {method} {0x0000022fa849b038} 'doPrivileged' '(Ljava/security/PrivilegedAction;Ljava/security/AccessControlContext;)Ljava/lang/Object;' in 'java/security/AccessController')}
  0x0000022f919b2f18: 4848 0748 | be20 6351 | e92f 0200 | 008b becc | 0000 0083 | c702 89be | cc00 0000 | 81e7 fe07 
  0x0000022f919b2f38: 0000 85ff | 0f84 7402 | 0000 4c89 | 4424 4048 | 8954 2448 

  0x0000022f919b2f4c: ;   {metadata(method data for {method} {0x0000022fa849b038} 'doPrivileged' '(Ljava/security/PrivilegedAction;Ljava/security/AccessControlContext;)Ljava/lang/Object;' in 'java/security/AccessController')}
  0x0000022f919b2f4c: 48be 2063 | 51e9 2f02 | 0000 4883 | 8618 0100 

  0x0000022f919b2f5c: ;   {static_call}
  0x0000022f919b2f5c: 0001 90e8 

  0x0000022f919b2f60: ; ImmutableOopMap {[64]=Oop [72]=Oop }
                      ;*invokestatic getCallerClass {reexecute=0 rethrow=0 return_oop=0}
                      ; - java.security.AccessController::doPrivileged@0 (line 398)
  0x0000022f919b2f60: ccf8 9f07 

  0x0000022f919b2f64: ;   {other}
  0x0000022f919b2f64: 0f1f 8400 | dc01 0000 | 4889 4424 

  0x0000022f919b2f70: ;   {metadata(method data for {method} {0x0000022fa849b038} 'doPrivileged' '(Ljava/security/PrivilegedAction;Ljava/security/AccessControlContext;)Ljava/lang/Object;' in 'java/security/AccessController')}
  0x0000022f919b2f70: 5048 ba20 | 6351 e92f | 0200 0048 | 8382 2801 | 0000 0148 | 8b54 2440 | 4c8b c00f 

  0x0000022f919b2f8c: ;   {static_call}
  0x0000022f919b2f8c: 1f40 00e8 

  0x0000022f919b2f90: ; ImmutableOopMap {[72]=Oop [80]=Oop }
                      ;*invokestatic checkContext {reexecute=0 rethrow=0 return_oop=0}
                      ; - java.security.AccessController::doPrivileged@6 (line 399)
  0x0000022f919b2f90: 8cf7 ffff 

  0x0000022f919b2f94: ;   {other}
  0x0000022f919b2f94: 0f1f 8400 | 0c02 0001 | 4889 4424 

  0x0000022f919b2fa0: ;   {metadata(method data for {method} {0x0000022fa849b038} 'doPrivileged' '(Ljava/security/PrivilegedAction;Ljava/security/AccessControlContext;)Ljava/lang/Object;' in 'java/security/AccessController')}
  0x0000022f919b2fa0: 5848 ba20 | 6351 e92f | 0200 0048 | 8382 3801 

  0x0000022f919b2fb0: ;   {metadata(method data for {method} {0x0000022fa849b2c0} 'executePrivileged' '(Ljava/security/PrivilegedAction;Ljava/security/AccessControlContext;Ljava/lang/Class;)Ljava/lang/Object;' in 'java/security/AccessController')}
  0x0000022f919b2fb0: 0000 0148 | ba98 140f | e92f 0200 | 008b b2cc | 0000 0083 | c602 89b2 | cc00 0000 | 81e6 feff 
  0x0000022f919b2fd0: 1f00 85f6 | 0f84 fd01 | 0000 4885 

  0x0000022f919b2fdc: ;   {metadata(method data for {method} {0x0000022fa849b2c0} 'executePrivileged' '(Ljava/security/PrivilegedAction;Ljava/security/AccessControlContext;Ljava/lang/Class;)Ljava/lang/Object;' in 'java/security/AccessController')}
  0x0000022f919b2fdc: c048 ba98 | 140f e92f | 0200 00be | 1801 0000 | 7405 be28 | 0100 0048 | 8b3c 3248 | 8d7f 0148 
  0x0000022f919b2ffc: 893c 320f | 8427 0000 

  0x0000022f919b3004: ;   {metadata(method data for {method} {0x0000022fa849b2c0} 'executePrivileged' '(Ljava/security/PrivilegedAction;Ljava/security/AccessControlContext;Ljava/lang/Class;)Ljava/lang/Object;' in 'java/security/AccessController')}
  0x0000022f919b3004: 0048 ba98 | 140f e92f | 0200 0048 | 8382 3801 | 0000 0148 | 8bd0 0f1f 

  0x0000022f919b301c: ;   {static_call}
  0x0000022f919b301c: 4400 00e8 

  0x0000022f919b3020: ; ImmutableOopMap {[72]=Oop [80]=Oop [88]=Oop }
                      ;*invokestatic ensureMaterializedForStackWalk {reexecute=0 rethrow=0 return_oop=0}
                      ; - java.security.AccessController::executePrivileged@5 (line 774)
                      ; - java.security.AccessController::doPrivileged@13 (line 400)
  0x0000022f919b3020: 0c37 a007 

  0x0000022f919b3024: ;   {other}
  0x0000022f919b3024: 0f1f 8400 | 9c02 0002 

  0x0000022f919b302c: ;   {metadata(method data for {method} {0x0000022fa849b2c0} 'executePrivileged' '(Ljava/security/PrivilegedAction;Ljava/security/AccessControlContext;Ljava/lang/Class;)Ljava/lang/Object;' in 'java/security/AccessController')}
  0x0000022f919b302c: 48ba 9814 | 0fe9 2f02 | 0000 ff82 | 4801 0000 | 488b 5424 | 4848 3b02 

  0x0000022f919b3044: ;   {metadata(method data for {method} {0x0000022fa849b2c0} 'executePrivileged' '(Ljava/security/PrivilegedAction;Ljava/security/AccessControlContext;Ljava/lang/Class;)Ljava/lang/Object;' in 'java/security/AccessController')}
  0x0000022f919b3044: 488b f248 | bf98 140f | e92f 0200 | 008b 7608 | 49ba 0000 | 00a8 2f02 | 0000 4903 | f248 3bb7 
  0x0000022f919b3064: b001 0000 | 750d 4883 | 87b8 0100 | 0001 e960 | 0000 0048 | 3bb7 c001 | 0000 750d | 4883 87c8 
  0x0000022f919b3084: 0100 0001 | e94a 0000 | 0048 83bf | b001 0000 | 0075 1748 | 89b7 b001 | 0000 48c7 | 87b8 0100 
  0x0000022f919b30a4: 0001 0000 | 00e9 2900 | 0000 4883 | bfc0 0100 | 0000 7517 | 4889 b7c0 | 0100 0048 | c787 c801 
  0x0000022f919b30c4: 0000 0100 | 0000 e908 | 0000 0048 | 8387 a801 | 0000 0166 | 0f1f 4400 | 0048 b880 | a470 ee2f 
  0x0000022f919b30e4: ;   {virtual_call}
  0x0000022f919b30e4: 0200 00e8 

  0x0000022f919b30e8: ; ImmutableOopMap {[80]=Oop [88]=Oop }
                      ;*invokeinterface run {reexecute=0 rethrow=0 return_oop=0}
                      ; - java.security.AccessController::executePrivileged@29 (line 778)
                      ; - java.security.AccessController::doPrivileged@13 (line 400)
  0x0000022f919b30e8: a4ff 5607 

  0x0000022f919b30ec: ;   {other}
  0x0000022f919b30ec: 0f1f 8400 | 6403 0003 

  0x0000022f919b30f4: ;   {metadata(method data for {method} {0x0000022fa849b2c0} 'executePrivileged' '(Ljava/security/PrivilegedAction;Ljava/security/AccessControlContext;Ljava/lang/Class;)Ljava/lang/Object;' in 'java/security/AccessController')}
  0x0000022f919b30f4: 48ba 9814 | 0fe9 2f02 | 0000 ff82 | d801 0000 

  0x0000022f919b3104: ;   {metadata(method data for {method} {0x0000022fa849b2c0} 'executePrivileged' '(Ljava/security/PrivilegedAction;Ljava/security/AccessControlContext;Ljava/lang/Class;)Ljava/lang/Object;' in 'java/security/AccessController')}
  0x0000022f919b3104: 48ba 9814 | 0fe9 2f02 | 0000 4883 | 8238 0200 | 0001 488b | d048 8944 

  0x0000022f919b311c: ;   {static_call}
  0x0000022f919b311c: 2460 90e8 

  0x0000022f919b3120: ; ImmutableOopMap {[80]=Oop [88]=Oop [96]=Oop }
                      ;*invokestatic ensureMaterializedForStackWalk {reexecute=0 rethrow=0 return_oop=0}
                      ; - java.security.AccessController::executePrivileged@56 (line 786)
                      ; - java.security.AccessController::doPrivileged@13 (line 400)
  0x0000022f919b3120: 0c36 a007 

  0x0000022f919b3124: ;   {other}
  0x0000022f919b3124: 0f1f 8400 | 9c03 0004 

  0x0000022f919b312c: ;   {metadata(method data for {method} {0x0000022fa849b2c0} 'executePrivileged' '(Ljava/security/PrivilegedAction;Ljava/security/AccessControlContext;Ljava/lang/Class;)Ljava/lang/Object;' in 'java/security/AccessController')}
  0x0000022f919b312c: 48b8 9814 | 0fe9 2f02 | 0000 4883 | 8048 0200 

  0x0000022f919b313c: ;   {metadata(method data for {method} {0x0000022fa8195798} 'reachabilityFence' '(Ljava/lang/Object;)V' in 'java/lang/ref/Reference')}
  0x0000022f919b313c: 0001 48b8 | c83e 0ce9 | 2f02 0000 | 8bb0 cc00 | 0000 83c6 | 0289 b0cc | 0000 0081 | e6fe ff1f 
  0x0000022f919b315c: 0085 f60f | 8498 0000 

  0x0000022f919b3164: ;   {metadata(method data for {method} {0x0000022fa849b2c0} 'executePrivileged' '(Ljava/security/PrivilegedAction;Ljava/security/AccessControlContext;Ljava/lang/Class;)Ljava/lang/Object;' in 'java/security/AccessController')}
  0x0000022f919b3164: 0048 b898 | 140f e92f | 0200 0048 | 8380 5802 

  0x0000022f919b3174: ;   {metadata(method data for {method} {0x0000022fa8195798} 'reachabilityFence' '(Ljava/lang/Object;)V' in 'java/lang/ref/Reference')}
  0x0000022f919b3174: 0000 0148 | b8c8 3e0c | e92f 0200 | 008b b0cc | 0000 0083 | c602 89b0 | cc00 0000 | 81e6 feff 
  0x0000022f919b3194: 1f00 85f6 | 0f84 8000 | 0000 488b | 4424 6048 | 83c4 705d 

  0x0000022f919b31a8: ;   {poll_return}
  0x0000022f919b31a8: 493b a748 | 0400 000f | 878a 0000 

  0x0000022f919b31b4: ;   {metadata({method} {0x0000022fa849b038} 'doPrivileged' '(Ljava/security/PrivilegedAction;Ljava/security/AccessControlContext;)Ljava/lang/Object;' in 'java/security/AccessController')}
  0x0000022f919b31b4: 00c3 49ba | 30b0 49a8 | 2f02 0000 | 4c89 5424 | 0848 c704 | 24ff ffff 

  0x0000022f919b31cc: ;   {runtime_call counter_overflow Runtime1 stub}
  0x0000022f919b31cc: ffe8 8e4e 

  0x0000022f919b31d0: ; ImmutableOopMap {rdx=Oop r8=Oop }
                      ;*synchronization entry
                      ; - java.security.AccessController::doPrivileged@-1 (line 398)
  0x0000022f919b31d0: 5607 e96b 

  0x0000022f919b31d4: ;   {metadata({method} {0x0000022fa849b2c0} 'executePrivileged' '(Ljava/security/PrivilegedAction;Ljava/security/AccessControlContext;Ljava/lang/Class;)Ljava/lang/Object;' in 'java/security/AccessController')}
  0x0000022f919b31d4: fdff ff49 | bab8 b249 | a82f 0200 | 004c 8954 | 2408 48c7 | 0424 ffff 

  0x0000022f919b31ec: ;   {runtime_call counter_overflow Runtime1 stub}
  0x0000022f919b31ec: ffff e86d 

  0x0000022f919b31f0: ; ImmutableOopMap {rax=Oop [72]=Oop [80]=Oop [88]=Oop }
                      ;*synchronization entry
                      ; - java.security.AccessController::executePrivileged@-1 (line 773)
                      ; - java.security.AccessController::doPrivileged@13 (line 400)
  0x0000022f919b31f0: 4e56 07e9 | e2fd ffff 

  0x0000022f919b31f8: ;   {runtime_call throw_null_pointer_exception Runtime1 stub}
  0x0000022f919b31f8: e863 d955 

  0x0000022f919b31fc: ; ImmutableOopMap {rdx=Oop [80]=Oop [88]=Oop }
                      ;*invokeinterface run {reexecute=0 rethrow=0 return_oop=0}
                      ; - java.security.AccessController::executePrivileged@29 (line 778)
                      ; - java.security.AccessController::doPrivileged@13 (line 400)
                      ;   {metadata({method} {0x0000022fa8195798} 'reachabilityFence' '(Ljava/lang/Object;)V' in 'java/lang/ref/Reference')}
  0x0000022f919b31fc: 0749 ba90 | 5719 a82f | 0200 004c | 8954 2408 | 48c7 0424 | ffff ffff 

  0x0000022f919b3214: ;   {runtime_call counter_overflow Runtime1 stub}
  0x0000022f919b3214: e847 4e56 

  0x0000022f919b3218: ; ImmutableOopMap {[80]=Oop [96]=Oop }
                      ;*synchronization entry
                      ; - java.lang.ref.Reference::reachabilityFence@-1 (line 661)
                      ; - java.security.AccessController::executePrivileged@60 (line 790)
                      ; - java.security.AccessController::doPrivileged@13 (line 400)
  0x0000022f919b3218: 07e9 47ff 

  0x0000022f919b321c: ;   {metadata({method} {0x0000022fa8195798} 'reachabilityFence' '(Ljava/lang/Object;)V' in 'java/lang/ref/Reference')}
  0x0000022f919b321c: ffff 49ba | 9057 19a8 | 2f02 0000 | 4c89 5424 | 0848 c704 | 24ff ffff 

  0x0000022f919b3234: ;   {runtime_call counter_overflow Runtime1 stub}
  0x0000022f919b3234: ffe8 264e 

  0x0000022f919b3238: ; ImmutableOopMap {[96]=Oop }
                      ;*synchronization entry
                      ; - java.lang.ref.Reference::reachabilityFence@-1 (line 661)
                      ; - java.security.AccessController::executePrivileged@64 (line 791)
                      ; - java.security.AccessController::doPrivileged@13 (line 400)
  0x0000022f919b3238: 5607 e95f 

  0x0000022f919b323c: ;   {internal_word}
  0x0000022f919b323c: ffff ff49 | baa8 319b | 912f 0200 | 004d 8997 | 6004 0000 

  0x0000022f919b3250: ;   {runtime_call SafepointBlob}
  0x0000022f919b3250: e98b 214a | 0749 8b87 | 0005 0000 | 49c7 8700 | 0500 0000 | 0000 0049 | c787 0805 | 0000 0000 
  0x0000022f919b3270: 0000 4883 

  0x0000022f919b3274: ;   {runtime_call unwind_exception Runtime1 stub}
  0x0000022f919b3274: c470 5de9 | e4c0 5507 | f4f4 f4f4 
[Stub Code]
  0x0000022f919b3280: ;   {no_reloc}
  0x0000022f919b3280: 0f1f 4400 

  0x0000022f919b3284: ;   {static_stub}
  0x0000022f919b3284: 0048 bb00 | 0000 0000 

  0x0000022f919b328c: ;   {runtime_call nmethod}
  0x0000022f919b328c: 0000 00e9 | fbff ffff 

  0x0000022f919b3294: ;   {static_stub}
  0x0000022f919b3294: 48bb 0000 | 0000 0000 

  0x0000022f919b329c: ;   {runtime_call nmethod}
  0x0000022f919b329c: 0000 e9fb 

  0x0000022f919b32a0: ;   {static_stub}
  0x0000022f919b32a0: ffff ff48 | bb00 0000 | 0000 0000 

  0x0000022f919b32ac: ;   {runtime_call nmethod}
  0x0000022f919b32ac: 00e9 fbff 

  0x0000022f919b32b0: ;   {static_stub}
  0x0000022f919b32b0: ffff 48bb | 0000 0000 | 0000 0000 

  0x0000022f919b32bc: ;   {runtime_call nmethod}
  0x0000022f919b32bc: e9fb ffff 

  0x0000022f919b32c0: ;   {runtime_call handle_exception_from_callee Runtime1 stub}
  0x0000022f919b32c0: ffe8 9aff 

  0x0000022f919b32c4: ;   {external_word}
  0x0000022f919b32c4: 5507 48b9 | 40d5 4503 | fb7f 0000 | 4883 e4f0 

  0x0000022f919b32d4: ;   {runtime_call}
  0x0000022f919b32d4: 48b8 604a | 0c03 fb7f | 0000 ffd0 

  0x0000022f919b32e0: ;   {section_word}
  0x0000022f919b32e0: f449 bae1 | 329b 912f | 0200 0041 

  0x0000022f919b32ec: ;   {runtime_call DeoptimizationBlob}
  0x0000022f919b32ec: 52e9 8e13 | 4a07 f4f4 | f4f4 f4f4 
[/MachCode]


---------------  P R O C E S S  ---------------

Threads class SMR info:
_java_thread_list=0x0000022fee838eb0, length=15, elements={
0x0000022fa7cf01b0, 0x0000022fa7cf0ed0, 0x0000022fa7cf3d30, 0x0000022fa7cf4790,
0x0000022fa7cff210, 0x0000022fa7d23180, 0x0000022fa7d27f30, 0x0000022fa7d289e0,
0x0000022fed0bb790, 0x0000022fed2214a0, 0x0000022fed311880, 0x0000022fed316190,
0x0000022fed31a010, 0x0000022fee7619c0, 0x0000022f86fa9af0
}

Java Threads: ( => current thread )
  0x0000022fa7cf01b0 JavaThread "Reference Handler"          daemon [_thread_blocked, id=3612, stack(0x0000009bbcd00000,0x0000009bbce00000) (1024K)]
  0x0000022fa7cf0ed0 JavaThread "Finalizer"                  daemon [_thread_blocked, id=10692, stack(0x0000009bbce00000,0x0000009bbcf00000) (1024K)]
  0x0000022fa7cf3d30 JavaThread "Signal Dispatcher"          daemon [_thread_blocked, id=9340, stack(0x0000009bbcf00000,0x0000009bbd000000) (1024K)]
  0x0000022fa7cf4790 JavaThread "Attach Listener"            daemon [_thread_blocked, id=1200, stack(0x0000009bbd000000,0x0000009bbd100000) (1024K)]
  0x0000022fa7cff210 JavaThread "Service Thread"             daemon [_thread_blocked, id=9632, stack(0x0000009bbd100000,0x0000009bbd200000) (1024K)]
  0x0000022fa7d23180 JavaThread "Monitor Deflation Thread"   daemon [_thread_blocked, id=9052, stack(0x0000009bbd200000,0x0000009bbd300000) (1024K)]
  0x0000022fa7d27f30 JavaThread "C2 CompilerThread0"         daemon [_thread_blocked, id=4972, stack(0x0000009bbd300000,0x0000009bbd400000) (1024K)]
  0x0000022fa7d289e0 JavaThread "C1 CompilerThread0"         daemon [_thread_blocked, id=7004, stack(0x0000009bbd400000,0x0000009bbd500000) (1024K)]
  0x0000022fed0bb790 JavaThread "Common-Cleaner"             daemon [_thread_blocked, id=7680, stack(0x0000009bbd500000,0x0000009bbd600000) (1024K)]
  0x0000022fed2214a0 JavaThread "Notification Thread"        daemon [_thread_blocked, id=13060, stack(0x0000009bbd600000,0x0000009bbd700000) (1024K)]
  0x0000022fed311880 JavaThread "Java2D Disposer"            daemon [_thread_blocked, id=4044, stack(0x0000009bbd700000,0x0000009bbd800000) (1024K)]
  0x0000022fed316190 JavaThread "AWT-Shutdown"                      [_thread_blocked, id=13096, stack(0x0000009bbd800000,0x0000009bbd900000) (1024K)]
  0x0000022fed31a010 JavaThread "AWT-Windows"                daemon [_thread_in_native, id=6204, stack(0x0000009bbd900000,0x0000009bbda00000) (1024K)]
=>0x0000022fee7619c0 JavaThread "AWT-EventQueue-0"                  [_thread_in_native, id=6180, stack(0x0000009bbdc00000,0x0000009bbdd00000) (1024K)]
  0x0000022f86fa9af0 JavaThread "DestroyJavaVM"                     [_thread_blocked, id=10580, stack(0x0000009bbc500000,0x0000009bbc600000) (1024K)]
Total: 15

Other Threads:
  0x0000022fa7cd8100 VMThread "VM Thread"                           [id=6268, stack(0x0000009bbcc00000,0x0000009bbcd00000) (1024K)]
  0x0000022fa7cc6fa0 WatcherThread "VM Periodic Task Thread"        [id=10188, stack(0x0000009bbcb00000,0x0000009bbcc00000) (1024K)]
  0x0000022f891f4c00 WorkerThread "GC Thread#0"                     [id=8092, stack(0x0000009bbc600000,0x0000009bbc700000) (1024K)]
  0x0000022f8920a9a0 ConcurrentGCThread "G1 Main Marker"            [id=13624, stack(0x0000009bbc700000,0x0000009bbc800000) (1024K)]
  0x0000022f8920b810 WorkerThread "G1 Conc#0"                       [id=10428, stack(0x0000009bbc800000,0x0000009bbc900000) (1024K)]
  0x0000022fa7b98110 ConcurrentGCThread "G1 Refine#0"               [id=13484, stack(0x0000009bbc900000,0x0000009bbca00000) (1024K)]
  0x0000022fa7b9c960 ConcurrentGCThread "G1 Service"                [id=12980, stack(0x0000009bbca00000,0x0000009bbcb00000) (1024K)]
Total: 7

Threads with active compile tasks:
Total: 0

VM state: not at safepoint (normal execution)

VM Mutex/Monitor currently owned by a thread: None

Heap address: 0x0000000702200000, size: 4062 MB, Compressed Oops mode: Zero based, Oop shift amount: 3

CDS archive(s) mapped at: [0x0000022fa8000000-0x0000022fa8d70000-0x0000022fa8d70000), size 14090240, SharedBaseAddress: 0x0000022fa8000000, ArchiveRelocationMode: 1.
Compressed class space mapped at: 0x0000022fa9000000-0x0000022fe9000000, reserved size: 1073741824
Narrow klass base: 0x0000022fa8000000, Narrow klass shift: 0, Narrow klass range: 0x41000000

GC Precious Log:
 CardTable entry size: 512
 Card Set container configuration: InlinePtr #cards 4 size 8 Array Of Cards #cards 16 size 48 Howl #buckets 8 coarsen threshold 3686 Howl Bitmap #cards 512 size 80 coarsen threshold 460 Card regions per heap region 1 cards per card region 4096
 CPUs: 4 total, 4 available
 Memory: 16242M
 Large Page Support: Disabled
 NUMA Support: Disabled
 Compressed Oops: Enabled (Zero based)
 Heap Region Size: 2M
 Heap Min Capacity: 8M
 Heap Initial Capacity: 254M
 Heap Max Capacity: 4062M
 Pre-touch: Disabled
 Parallel Workers: 4
 Concurrent Workers: 1
 Concurrent Refinement Workers: 4
 Periodic GC: Disabled

Heap:
 garbage-first heap   total reserved 4159488K, committed 260096K, used 22528K [0x0000000702200000, 0x0000000800000000)
  region size 2048K, 7 young (14336K), 0 survivors (0K)
 Metaspace       used 6865K, committed 7040K, reserved 1114112K
  class space    used 739K, committed 832K, reserved 1048576K

Heap Regions: E=young(eden), S=young(survivor), O=old, HS=humongous(starts), HC=humongous(continues), CS=collection set, F=free, TAMS=top-at-mark-start, PB=parsable bottom
|   0|0x0000000702200000, 0x0000000702400000, 0x0000000702400000|100%|HS|  |TAMS 0x0000000702200000| PB 0x0000000702200000| Complete |  0
|   1|0x0000000702400000, 0x0000000702600000, 0x0000000702600000|100%|HC|  |TAMS 0x0000000702400000| PB 0x0000000702400000| Complete |  0
|   2|0x0000000702600000, 0x0000000702800000, 0x0000000702800000|100%|HS|  |TAMS 0x0000000702600000| PB 0x0000000702600000| Complete |  0
|   3|0x0000000702800000, 0x0000000702a00000, 0x0000000702a00000|100%|HS|  |TAMS 0x0000000702800000| PB 0x0000000702800000| Complete |  0
|   4|0x0000000702a00000, 0x0000000702c00000, 0x0000000702c00000|100%|HC|  |TAMS 0x0000000702a00000| PB 0x0000000702a00000| Complete |  0
|   5|0x0000000702c00000, 0x0000000702c00000, 0x0000000702e00000|  0%| F|  |TAMS 0x0000000702c00000| PB 0x0000000702c00000| Untracked |  0
|   6|0x0000000702e00000, 0x0000000702e00000, 0x0000000703000000|  0%| F|  |TAMS 0x0000000702e00000| PB 0x0000000702e00000| Untracked |  0
|   7|0x0000000703000000, 0x0000000703000000, 0x0000000703200000|  0%| F|  |TAMS 0x0000000703000000| PB 0x0000000703000000| Untracked |  0
|   8|0x0000000703200000, 0x0000000703200000, 0x0000000703400000|  0%| F|  |TAMS 0x0000000703200000| PB 0x0000000703200000| Untracked |  0
|   9|0x0000000703400000, 0x0000000703400000, 0x0000000703600000|  0%| F|  |TAMS 0x0000000703400000| PB 0x0000000703400000| Untracked |  0
|  10|0x0000000703600000, 0x0000000703600000, 0x0000000703800000|  0%| F|  |TAMS 0x0000000703600000| PB 0x0000000703600000| Untracked |  0
|  11|0x0000000703800000, 0x0000000703800000, 0x0000000703a00000|  0%| F|  |TAMS 0x0000000703800000| PB 0x0000000703800000| Untracked |  0
|  12|0x0000000703a00000, 0x0000000703a00000, 0x0000000703c00000|  0%| F|  |TAMS 0x0000000703a00000| PB 0x0000000703a00000| Untracked |  0
|  13|0x0000000703c00000, 0x0000000703c00000, 0x0000000703e00000|  0%| F|  |TAMS 0x0000000703c00000| PB 0x0000000703c00000| Untracked |  0
|  14|0x0000000703e00000, 0x0000000703e00000, 0x0000000704000000|  0%| F|  |TAMS 0x0000000703e00000| PB 0x0000000703e00000| Untracked |  0
|  15|0x0000000704000000, 0x0000000704000000, 0x0000000704200000|  0%| F|  |TAMS 0x0000000704000000| PB 0x0000000704000000| Untracked |  0
|  16|0x0000000704200000, 0x0000000704200000, 0x0000000704400000|  0%| F|  |TAMS 0x0000000704200000| PB 0x0000000704200000| Untracked |  0
|  17|0x0000000704400000, 0x0000000704400000, 0x0000000704600000|  0%| F|  |TAMS 0x0000000704400000| PB 0x0000000704400000| Untracked |  0
|  18|0x0000000704600000, 0x0000000704600000, 0x0000000704800000|  0%| F|  |TAMS 0x0000000704600000| PB 0x0000000704600000| Untracked |  0
|  19|0x0000000704800000, 0x0000000704800000, 0x0000000704a00000|  0%| F|  |TAMS 0x0000000704800000| PB 0x0000000704800000| Untracked |  0
|  20|0x0000000704a00000, 0x0000000704a00000, 0x0000000704c00000|  0%| F|  |TAMS 0x0000000704a00000| PB 0x0000000704a00000| Untracked |  0
|  21|0x0000000704c00000, 0x0000000704c00000, 0x0000000704e00000|  0%| F|  |TAMS 0x0000000704c00000| PB 0x0000000704c00000| Untracked |  0
|  22|0x0000000704e00000, 0x0000000704e00000, 0x0000000705000000|  0%| F|  |TAMS 0x0000000704e00000| PB 0x0000000704e00000| Untracked |  0
|  23|0x0000000705000000, 0x0000000705000000, 0x0000000705200000|  0%| F|  |TAMS 0x0000000705000000| PB 0x0000000705000000| Untracked |  0
|  24|0x0000000705200000, 0x0000000705200000, 0x0000000705400000|  0%| F|  |TAMS 0x0000000705200000| PB 0x0000000705200000| Untracked |  0
|  25|0x0000000705400000, 0x0000000705400000, 0x0000000705600000|  0%| F|  |TAMS 0x0000000705400000| PB 0x0000000705400000| Untracked |  0
|  26|0x0000000705600000, 0x0000000705600000, 0x0000000705800000|  0%| F|  |TAMS 0x0000000705600000| PB 0x0000000705600000| Untracked |  0
|  27|0x0000000705800000, 0x0000000705800000, 0x0000000705a00000|  0%| F|  |TAMS 0x0000000705800000| PB 0x0000000705800000| Untracked |  0
|  28|0x0000000705a00000, 0x0000000705a00000, 0x0000000705c00000|  0%| F|  |TAMS 0x0000000705a00000| PB 0x0000000705a00000| Untracked |  0
|  29|0x0000000705c00000, 0x0000000705c00000, 0x0000000705e00000|  0%| F|  |TAMS 0x0000000705c00000| PB 0x0000000705c00000| Untracked |  0
|  30|0x0000000705e00000, 0x0000000705e00000, 0x0000000706000000|  0%| F|  |TAMS 0x0000000705e00000| PB 0x0000000705e00000| Untracked |  0
|  31|0x0000000706000000, 0x0000000706000000, 0x0000000706200000|  0%| F|  |TAMS 0x0000000706000000| PB 0x0000000706000000| Untracked |  0
|  32|0x0000000706200000, 0x0000000706200000, 0x0000000706400000|  0%| F|  |TAMS 0x0000000706200000| PB 0x0000000706200000| Untracked |  0
|  33|0x0000000706400000, 0x0000000706400000, 0x0000000706600000|  0%| F|  |TAMS 0x0000000706400000| PB 0x0000000706400000| Untracked |  0
|  34|0x0000000706600000, 0x0000000706600000, 0x0000000706800000|  0%| F|  |TAMS 0x0000000706600000| PB 0x0000000706600000| Untracked |  0
|  35|0x0000000706800000, 0x0000000706800000, 0x0000000706a00000|  0%| F|  |TAMS 0x0000000706800000| PB 0x0000000706800000| Untracked |  0
|  36|0x0000000706a00000, 0x0000000706a00000, 0x0000000706c00000|  0%| F|  |TAMS 0x0000000706a00000| PB 0x0000000706a00000| Untracked |  0
|  37|0x0000000706c00000, 0x0000000706c00000, 0x0000000706e00000|  0%| F|  |TAMS 0x0000000706c00000| PB 0x0000000706c00000| Untracked |  0
|  38|0x0000000706e00000, 0x0000000706e00000, 0x0000000707000000|  0%| F|  |TAMS 0x0000000706e00000| PB 0x0000000706e00000| Untracked |  0
|  39|0x0000000707000000, 0x0000000707000000, 0x0000000707200000|  0%| F|  |TAMS 0x0000000707000000| PB 0x0000000707000000| Untracked |  0
|  40|0x0000000707200000, 0x0000000707200000, 0x0000000707400000|  0%| F|  |TAMS 0x0000000707200000| PB 0x0000000707200000| Untracked |  0
|  41|0x0000000707400000, 0x0000000707400000, 0x0000000707600000|  0%| F|  |TAMS 0x0000000707400000| PB 0x0000000707400000| Untracked |  0
|  42|0x0000000707600000, 0x0000000707600000, 0x0000000707800000|  0%| F|  |TAMS 0x0000000707600000| PB 0x0000000707600000| Untracked |  0
|  43|0x0000000707800000, 0x0000000707800000, 0x0000000707a00000|  0%| F|  |TAMS 0x0000000707800000| PB 0x0000000707800000| Untracked |  0
|  44|0x0000000707a00000, 0x0000000707a00000, 0x0000000707c00000|  0%| F|  |TAMS 0x0000000707a00000| PB 0x0000000707a00000| Untracked |  0
|  45|0x0000000707c00000, 0x0000000707c00000, 0x0000000707e00000|  0%| F|  |TAMS 0x0000000707c00000| PB 0x0000000707c00000| Untracked |  0
|  46|0x0000000707e00000, 0x0000000707e00000, 0x0000000708000000|  0%| F|  |TAMS 0x0000000707e00000| PB 0x0000000707e00000| Untracked |  0
|  47|0x0000000708000000, 0x0000000708000000, 0x0000000708200000|  0%| F|  |TAMS 0x0000000708000000| PB 0x0000000708000000| Untracked |  0
|  48|0x0000000708200000, 0x0000000708200000, 0x0000000708400000|  0%| F|  |TAMS 0x0000000708200000| PB 0x0000000708200000| Untracked |  0
|  49|0x0000000708400000, 0x0000000708400000, 0x0000000708600000|  0%| F|  |TAMS 0x0000000708400000| PB 0x0000000708400000| Untracked |  0
|  50|0x0000000708600000, 0x0000000708600000, 0x0000000708800000|  0%| F|  |TAMS 0x0000000708600000| PB 0x0000000708600000| Untracked |  0
|  51|0x0000000708800000, 0x0000000708800000, 0x0000000708a00000|  0%| F|  |TAMS 0x0000000708800000| PB 0x0000000708800000| Untracked |  0
|  52|0x0000000708a00000, 0x0000000708a00000, 0x0000000708c00000|  0%| F|  |TAMS 0x0000000708a00000| PB 0x0000000708a00000| Untracked |  0
|  53|0x0000000708c00000, 0x0000000708c00000, 0x0000000708e00000|  0%| F|  |TAMS 0x0000000708c00000| PB 0x0000000708c00000| Untracked |  0
|  54|0x0000000708e00000, 0x0000000708e00000, 0x0000000709000000|  0%| F|  |TAMS 0x0000000708e00000| PB 0x0000000708e00000| Untracked |  0
|  55|0x0000000709000000, 0x0000000709000000, 0x0000000709200000|  0%| F|  |TAMS 0x0000000709000000| PB 0x0000000709000000| Untracked |  0
|  56|0x0000000709200000, 0x0000000709200000, 0x0000000709400000|  0%| F|  |TAMS 0x0000000709200000| PB 0x0000000709200000| Untracked |  0
|  57|0x0000000709400000, 0x0000000709400000, 0x0000000709600000|  0%| F|  |TAMS 0x0000000709400000| PB 0x0000000709400000| Untracked |  0
|  58|0x0000000709600000, 0x0000000709600000, 0x0000000709800000|  0%| F|  |TAMS 0x0000000709600000| PB 0x0000000709600000| Untracked |  0
|  59|0x0000000709800000, 0x0000000709800000, 0x0000000709a00000|  0%| F|  |TAMS 0x0000000709800000| PB 0x0000000709800000| Untracked |  0
|  60|0x0000000709a00000, 0x0000000709a00000, 0x0000000709c00000|  0%| F|  |TAMS 0x0000000709a00000| PB 0x0000000709a00000| Untracked |  0
|  61|0x0000000709c00000, 0x0000000709c00000, 0x0000000709e00000|  0%| F|  |TAMS 0x0000000709c00000| PB 0x0000000709c00000| Untracked |  0
|  62|0x0000000709e00000, 0x0000000709e00000, 0x000000070a000000|  0%| F|  |TAMS 0x0000000709e00000| PB 0x0000000709e00000| Untracked |  0
|  63|0x000000070a000000, 0x000000070a000000, 0x000000070a200000|  0%| F|  |TAMS 0x000000070a000000| PB 0x000000070a000000| Untracked |  0
|  64|0x000000070a200000, 0x000000070a200000, 0x000000070a400000|  0%| F|  |TAMS 0x000000070a200000| PB 0x000000070a200000| Untracked |  0
|  65|0x000000070a400000, 0x000000070a400000, 0x000000070a600000|  0%| F|  |TAMS 0x000000070a400000| PB 0x000000070a400000| Untracked |  0
|  66|0x000000070a600000, 0x000000070a600000, 0x000000070a800000|  0%| F|  |TAMS 0x000000070a600000| PB 0x000000070a600000| Untracked |  0
|  67|0x000000070a800000, 0x000000070a800000, 0x000000070aa00000|  0%| F|  |TAMS 0x000000070a800000| PB 0x000000070a800000| Untracked |  0
|  68|0x000000070aa00000, 0x000000070aa00000, 0x000000070ac00000|  0%| F|  |TAMS 0x000000070aa00000| PB 0x000000070aa00000| Untracked |  0
|  69|0x000000070ac00000, 0x000000070ac00000, 0x000000070ae00000|  0%| F|  |TAMS 0x000000070ac00000| PB 0x000000070ac00000| Untracked |  0
|  70|0x000000070ae00000, 0x000000070ae00000, 0x000000070b000000|  0%| F|  |TAMS 0x000000070ae00000| PB 0x000000070ae00000| Untracked |  0
|  71|0x000000070b000000, 0x000000070b000000, 0x000000070b200000|  0%| F|  |TAMS 0x000000070b000000| PB 0x000000070b000000| Untracked |  0
|  72|0x000000070b200000, 0x000000070b200000, 0x000000070b400000|  0%| F|  |TAMS 0x000000070b200000| PB 0x000000070b200000| Untracked |  0
|  73|0x000000070b400000, 0x000000070b400000, 0x000000070b600000|  0%| F|  |TAMS 0x000000070b400000| PB 0x000000070b400000| Untracked |  0
|  74|0x000000070b600000, 0x000000070b600000, 0x000000070b800000|  0%| F|  |TAMS 0x000000070b600000| PB 0x000000070b600000| Untracked |  0
|  75|0x000000070b800000, 0x000000070b800000, 0x000000070ba00000|  0%| F|  |TAMS 0x000000070b800000| PB 0x000000070b800000| Untracked |  0
|  76|0x000000070ba00000, 0x000000070ba00000, 0x000000070bc00000|  0%| F|  |TAMS 0x000000070ba00000| PB 0x000000070ba00000| Untracked |  0
|  77|0x000000070bc00000, 0x000000070bc00000, 0x000000070be00000|  0%| F|  |TAMS 0x000000070bc00000| PB 0x000000070bc00000| Untracked |  0
|  78|0x000000070be00000, 0x000000070be00000, 0x000000070c000000|  0%| F|  |TAMS 0x000000070be00000| PB 0x000000070be00000| Untracked |  0
|  79|0x000000070c000000, 0x000000070c000000, 0x000000070c200000|  0%| F|  |TAMS 0x000000070c000000| PB 0x000000070c000000| Untracked |  0
|  80|0x000000070c200000, 0x000000070c200000, 0x000000070c400000|  0%| F|  |TAMS 0x000000070c200000| PB 0x000000070c200000| Untracked |  0
|  81|0x000000070c400000, 0x000000070c400000, 0x000000070c600000|  0%| F|  |TAMS 0x000000070c400000| PB 0x000000070c400000| Untracked |  0
|  82|0x000000070c600000, 0x000000070c600000, 0x000000070c800000|  0%| F|  |TAMS 0x000000070c600000| PB 0x000000070c600000| Untracked |  0
|  83|0x000000070c800000, 0x000000070c800000, 0x000000070ca00000|  0%| F|  |TAMS 0x000000070c800000| PB 0x000000070c800000| Untracked |  0
|  84|0x000000070ca00000, 0x000000070ca00000, 0x000000070cc00000|  0%| F|  |TAMS 0x000000070ca00000| PB 0x000000070ca00000| Untracked |  0
|  85|0x000000070cc00000, 0x000000070cc00000, 0x000000070ce00000|  0%| F|  |TAMS 0x000000070cc00000| PB 0x000000070cc00000| Untracked |  0
|  86|0x000000070ce00000, 0x000000070ce00000, 0x000000070d000000|  0%| F|  |TAMS 0x000000070ce00000| PB 0x000000070ce00000| Untracked |  0
|  87|0x000000070d000000, 0x000000070d000000, 0x000000070d200000|  0%| F|  |TAMS 0x000000070d000000| PB 0x000000070d000000| Untracked |  0
|  88|0x000000070d200000, 0x000000070d200000, 0x000000070d400000|  0%| F|  |TAMS 0x000000070d200000| PB 0x000000070d200000| Untracked |  0
|  89|0x000000070d400000, 0x000000070d400000, 0x000000070d600000|  0%| F|  |TAMS 0x000000070d400000| PB 0x000000070d400000| Untracked |  0
|  90|0x000000070d600000, 0x000000070d600000, 0x000000070d800000|  0%| F|  |TAMS 0x000000070d600000| PB 0x000000070d600000| Untracked |  0
|  91|0x000000070d800000, 0x000000070d800000, 0x000000070da00000|  0%| F|  |TAMS 0x000000070d800000| PB 0x000000070d800000| Untracked |  0
|  92|0x000000070da00000, 0x000000070da00000, 0x000000070dc00000|  0%| F|  |TAMS 0x000000070da00000| PB 0x000000070da00000| Untracked |  0
|  93|0x000000070dc00000, 0x000000070dc00000, 0x000000070de00000|  0%| F|  |TAMS 0x000000070dc00000| PB 0x000000070dc00000| Untracked |  0
|  94|0x000000070de00000, 0x000000070de00000, 0x000000070e000000|  0%| F|  |TAMS 0x000000070de00000| PB 0x000000070de00000| Untracked |  0
|  95|0x000000070e000000, 0x000000070e000000, 0x000000070e200000|  0%| F|  |TAMS 0x000000070e000000| PB 0x000000070e000000| Untracked |  0
|  96|0x000000070e200000, 0x000000070e200000, 0x000000070e400000|  0%| F|  |TAMS 0x000000070e200000| PB 0x000000070e200000| Untracked |  0
|  97|0x000000070e400000, 0x000000070e400000, 0x000000070e600000|  0%| F|  |TAMS 0x000000070e400000| PB 0x000000070e400000| Untracked |  0
|  98|0x000000070e600000, 0x000000070e600000, 0x000000070e800000|  0%| F|  |TAMS 0x000000070e600000| PB 0x000000070e600000| Untracked |  0
|  99|0x000000070e800000, 0x000000070e800000, 0x000000070ea00000|  0%| F|  |TAMS 0x000000070e800000| PB 0x000000070e800000| Untracked |  0
| 100|0x000000070ea00000, 0x000000070ea00000, 0x000000070ec00000|  0%| F|  |TAMS 0x000000070ea00000| PB 0x000000070ea00000| Untracked |  0
| 101|0x000000070ec00000, 0x000000070ec00000, 0x000000070ee00000|  0%| F|  |TAMS 0x000000070ec00000| PB 0x000000070ec00000| Untracked |  0
| 102|0x000000070ee00000, 0x000000070ee00000, 0x000000070f000000|  0%| F|  |TAMS 0x000000070ee00000| PB 0x000000070ee00000| Untracked |  0
| 103|0x000000070f000000, 0x000000070f000000, 0x000000070f200000|  0%| F|  |TAMS 0x000000070f000000| PB 0x000000070f000000| Untracked |  0
| 104|0x000000070f200000, 0x000000070f200000, 0x000000070f400000|  0%| F|  |TAMS 0x000000070f200000| PB 0x000000070f200000| Untracked |  0
| 105|0x000000070f400000, 0x000000070f400000, 0x000000070f600000|  0%| F|  |TAMS 0x000000070f400000| PB 0x000000070f400000| Untracked |  0
| 106|0x000000070f600000, 0x000000070f600000, 0x000000070f800000|  0%| F|  |TAMS 0x000000070f600000| PB 0x000000070f600000| Untracked |  0
| 107|0x000000070f800000, 0x000000070f800000, 0x000000070fa00000|  0%| F|  |TAMS 0x000000070f800000| PB 0x000000070f800000| Untracked |  0
| 108|0x000000070fa00000, 0x000000070fa00000, 0x000000070fc00000|  0%| F|  |TAMS 0x000000070fa00000| PB 0x000000070fa00000| Untracked |  0
| 109|0x000000070fc00000, 0x000000070fc00000, 0x000000070fe00000|  0%| F|  |TAMS 0x000000070fc00000| PB 0x000000070fc00000| Untracked |  0
| 110|0x000000070fe00000, 0x000000070fe00000, 0x0000000710000000|  0%| F|  |TAMS 0x000000070fe00000| PB 0x000000070fe00000| Untracked |  0
| 111|0x0000000710000000, 0x0000000710000000, 0x0000000710200000|  0%| F|  |TAMS 0x0000000710000000| PB 0x0000000710000000| Untracked |  0
| 112|0x0000000710200000, 0x0000000710200000, 0x0000000710400000|  0%| F|  |TAMS 0x0000000710200000| PB 0x0000000710200000| Untracked |  0
| 113|0x0000000710400000, 0x0000000710400000, 0x0000000710600000|  0%| F|  |TAMS 0x0000000710400000| PB 0x0000000710400000| Untracked |  0
| 114|0x0000000710600000, 0x0000000710600000, 0x0000000710800000|  0%| F|  |TAMS 0x0000000710600000| PB 0x0000000710600000| Untracked |  0
| 115|0x0000000710800000, 0x0000000710800000, 0x0000000710a00000|  0%| F|  |TAMS 0x0000000710800000| PB 0x0000000710800000| Untracked |  0
| 116|0x0000000710a00000, 0x0000000710a00000, 0x0000000710c00000|  0%| F|  |TAMS 0x0000000710a00000| PB 0x0000000710a00000| Untracked |  0
| 117|0x0000000710c00000, 0x0000000710c00000, 0x0000000710e00000|  0%| F|  |TAMS 0x0000000710c00000| PB 0x0000000710c00000| Untracked |  0
| 118|0x0000000710e00000, 0x0000000710e00000, 0x0000000711000000|  0%| F|  |TAMS 0x0000000710e00000| PB 0x0000000710e00000| Untracked |  0
| 119|0x0000000711000000, 0x0000000711000000, 0x0000000711200000|  0%| F|  |TAMS 0x0000000711000000| PB 0x0000000711000000| Untracked |  0
| 120|0x0000000711200000, 0x0000000711400000, 0x0000000711400000|100%| E|  |TAMS 0x0000000711200000| PB 0x0000000711200000| Complete |  0
| 121|0x0000000711400000, 0x0000000711600000, 0x0000000711600000|100%| E|CS|TAMS 0x0000000711400000| PB 0x0000000711400000| Complete |  0
| 122|0x0000000711600000, 0x0000000711800000, 0x0000000711800000|100%| E|CS|TAMS 0x0000000711600000| PB 0x0000000711600000| Complete |  0
| 123|0x0000000711800000, 0x0000000711a00000, 0x0000000711a00000|100%| E|CS|TAMS 0x0000000711800000| PB 0x0000000711800000| Complete |  0
| 124|0x0000000711a00000, 0x0000000711c00000, 0x0000000711c00000|100%| E|CS|TAMS 0x0000000711a00000| PB 0x0000000711a00000| Complete |  0
| 125|0x0000000711c00000, 0x0000000711e00000, 0x0000000711e00000|100%| E|CS|TAMS 0x0000000711c00000| PB 0x0000000711c00000| Complete |  0
| 126|0x0000000711e00000, 0x0000000712000000, 0x0000000712000000|100%| E|CS|TAMS 0x0000000711e00000| PB 0x0000000711e00000| Complete |  0

Card table byte_map: [0x0000022fa10c0000,0x0000022fa18b0000] _byte_map_base: 0x0000022f9d8af000

Marking Bits: (CMBitMap*) 0x0000022f891f5310
 Bits: [0x0000022fa18b0000, 0x0000022fa5828000)

Polling page: 0x0000022f88960000

Metaspace:

Usage:
  Non-class:      5.98 MB used.
      Class:    739.66 KB used.
       Both:      6.70 MB used.

Virtual space:
  Non-class space:       64.00 MB reserved,       6.06 MB (  9%) committed,  1 nodes.
      Class space:        1.00 GB reserved,     832.00 KB ( <1%) committed,  1 nodes.
             Both:        1.06 GB reserved,       6.88 MB ( <1%) committed. 

Chunk freelists:
   Non-Class:  9.00 MB
       Class:  15.23 MB
        Both:  24.23 MB

MaxMetaspaceSize: unlimited
CompressedClassSpaceSize: 1.00 GB
Initial GC threshold: 21.00 MB
Current GC threshold: 21.00 MB
CDS: on
 - commit_granule_bytes: 65536.
 - commit_granule_words: 8192.
 - virtual_space_node_default_size: 8388608.
 - enlarge_chunks_in_place: 1.
 - use_allocation_guard: 0.


Internal statistics:

num_allocs_failed_limit: 0.
num_arena_births: 150.
num_arena_deaths: 0.
num_vsnodes_births: 2.
num_vsnodes_deaths: 0.
num_space_committed: 110.
num_space_uncommitted: 0.
num_chunks_returned_to_freelist: 0.
num_chunks_taken_from_freelist: 190.
num_chunk_merges: 0.
num_chunk_splits: 110.
num_chunks_enlarged: 41.
num_inconsistent_stats: 0.

CodeHeap 'non-profiled nmethods': size=120064Kb used=275Kb max_used=275Kb free=119788Kb
 bounds [0x0000022f99390000, 0x0000022f99600000, 0x0000022fa08d0000]
CodeHeap 'profiled nmethods': size=120000Kb used=1171Kb max_used=1171Kb free=118828Kb
 bounds [0x0000022f918d0000, 0x0000022f91b40000, 0x0000022f98e00000]
CodeHeap 'non-nmethods': size=5696Kb used=1527Kb max_used=1545Kb free=4168Kb
 bounds [0x0000022f98e00000, 0x0000022f99070000, 0x0000022f99390000]
CodeCache: size=245760Kb, used=2973Kb, max_used=2991Kb, free=242784Kb
 total_blobs=1603, nmethods=992, adapters=517, full_count=0
Compilation: enabled, stopped_count=0, restarted_count=0

Compilation events (20 events):
Event: 2691.124 Thread 0x0000022fa7d289e0  982       3       java.util.HashMap$EntryIterator::next (5 bytes)
Event: 2691.124 Thread 0x0000022fa7d289e0 nmethod 982 0x0000022f919f0288 code [0x0000022f919f03c0, 0x0000022f919f0558]
Event: 2691.125 Thread 0x0000022fa7d289e0  983       3       java.beans.PropertyChangeSupport::firePropertyChange (35 bytes)
Event: 2691.125 Thread 0x0000022fa7d289e0 nmethod 983 0x0000022f919f0588 code [0x0000022f919f0700, 0x0000022f919f0e90]
Event: 2691.125 Thread 0x0000022fa7d289e0  984       1       java.awt.Color::getRGB (5 bytes)
Event: 2691.125 Thread 0x0000022fa7d289e0 nmethod 984 0x0000022f993d4888 code [0x0000022f993d49a0, 0x0000022f993d4a68]
Event: 2691.126 Thread 0x0000022fa7d289e0  985   !   3       java.awt.Toolkit::setDesktopProperty (81 bytes)
Event: 2691.126 Thread 0x0000022fa7d289e0 nmethod 985 0x0000022f919f0f08 code [0x0000022f919f10a0, 0x0000022f919f1940]
Event: 3001.780 Thread 0x0000022fa7d289e0  987       3       java.lang.invoke.DirectMethodHandle::make (275 bytes)
Event: 3001.783 Thread 0x0000022fa7d289e0 nmethod 987 0x0000022f919f1988 code [0x0000022f919f1ca0, 0x0000022f919f2fc0]
Event: 3001.783 Thread 0x0000022fa7d289e0  989       3       jdk.internal.org.objectweb.asm.ClassWriter::visitMethod (57 bytes)
Event: 3001.783 Thread 0x0000022fa7d289e0 nmethod 989 0x0000022f919f3008 code [0x0000022f919f3140, 0x0000022f919f34b8]
Event: 3001.783 Thread 0x0000022fa7d289e0  990       3       jdk.internal.org.objectweb.asm.MethodWriter::<init> (232 bytes)
Event: 3001.784 Thread 0x0000022fa7d289e0 nmethod 990 0x0000022f919f3508 code [0x0000022f919f3720, 0x0000022f919f4480]
Event: 3001.784 Thread 0x0000022fa7d289e0  991       3       jdk.internal.org.objectweb.asm.MethodVisitor::<init> (7 bytes)
Event: 3001.785 Thread 0x0000022fa7d289e0 nmethod 991 0x0000022f919f4508 code [0x0000022f919f4620, 0x0000022f919f4768]
Event: 3001.785 Thread 0x0000022fa7d289e0  992       3       jdk.internal.org.objectweb.asm.MethodWriter::visitMaxs (60 bytes)
Event: 3001.785 Thread 0x0000022fa7d289e0 nmethod 992 0x0000022f919f4808 code [0x0000022f919f4960, 0x0000022f919f4c08]
Event: 3001.785 Thread 0x0000022fa7d289e0  988       3       java.lang.invoke.MemberName::isField (8 bytes)
Event: 3001.785 Thread 0x0000022fa7d289e0 nmethod 988 0x0000022f919f4c88 code [0x0000022f919f4da0, 0x0000022f919f4f68]

GC Heap History (0 events):
No events

Dll operation events (10 events):
Event: 0.012 Loaded shared library C:\Program Files\Java\jdk-23\bin\java.dll
Event: 0.045 Loaded shared library C:\Program Files\Java\jdk-23\bin\jsvml.dll
Event: 0.082 Loaded shared library C:\Program Files\Java\jdk-23\bin\net.dll
Event: 0.084 Loaded shared library C:\Program Files\Java\jdk-23\bin\nio.dll
Event: 0.110 Loaded shared library C:\Program Files\Java\jdk-23\bin\zip.dll
Event: 0.122 Loaded shared library C:\Program Files\Java\jdk-23\bin\jimage.dll
Event: 0.137 Loaded shared library C:\Program Files\Java\jdk-23\bin\awt.dll
Event: 0.343 Loaded shared library C:\Program Files\Java\jdk-23\bin\javajpeg.dll
Event: 0.429 Loaded shared library C:\Program Files\Java\jdk-23\bin\freetype.dll
Event: 0.430 Loaded shared library C:\Program Files\Java\jdk-23\bin\fontmanager.dll

Deoptimization events (20 events):
Event: 0.392 Thread 0x0000022fed371d30 DEOPT PACKING pc=0x0000022f919bed3c sp=0x0000009bbdafe6d0
Event: 0.392 Thread 0x0000022fed371d30 DEOPT UNPACKING pc=0x0000022f98e54b22 sp=0x0000009bbdafdb60 mode 0
Event: 0.392 Thread 0x0000022fed371d30 DEOPT PACKING pc=0x0000022f919bed3c sp=0x0000009bbdafe6d0
Event: 0.392 Thread 0x0000022fed371d30 DEOPT UNPACKING pc=0x0000022f98e54b22 sp=0x0000009bbdafdb60 mode 0
Event: 0.393 Thread 0x0000022fed371d30 DEOPT PACKING pc=0x0000022f919bed3c sp=0x0000009bbdafe6d0
Event: 0.393 Thread 0x0000022fed371d30 DEOPT UNPACKING pc=0x0000022f98e54b22 sp=0x0000009bbdafdb60 mode 0
Event: 0.393 Thread 0x0000022fed371d30 DEOPT PACKING pc=0x0000022f919bed3c sp=0x0000009bbdafe6d0
Event: 0.393 Thread 0x0000022fed371d30 DEOPT UNPACKING pc=0x0000022f98e54b22 sp=0x0000009bbdafdb60 mode 0
Event: 0.393 Thread 0x0000022fed371d30 DEOPT PACKING pc=0x0000022f919bed3c sp=0x0000009bbdafe6d0
Event: 0.393 Thread 0x0000022fed371d30 DEOPT UNPACKING pc=0x0000022f98e54b22 sp=0x0000009bbdafdb60 mode 0
Event: 0.394 Thread 0x0000022fed371d30 DEOPT PACKING pc=0x0000022f919bed3c sp=0x0000009bbdafe6d0
Event: 0.394 Thread 0x0000022fed371d30 DEOPT UNPACKING pc=0x0000022f98e54b22 sp=0x0000009bbdafdb60 mode 0
Event: 0.395 Thread 0x0000022fed371d30 DEOPT PACKING pc=0x0000022f919bed3c sp=0x0000009bbdafe6d0
Event: 0.395 Thread 0x0000022fed371d30 DEOPT UNPACKING pc=0x0000022f98e54b22 sp=0x0000009bbdafdb60 mode 0
Event: 0.395 Thread 0x0000022fed371d30 DEOPT PACKING pc=0x0000022f919bed3c sp=0x0000009bbdafe6d0
Event: 0.395 Thread 0x0000022fed371d30 DEOPT UNPACKING pc=0x0000022f98e54b22 sp=0x0000009bbdafdb60 mode 0
Event: 0.568 Thread 0x0000022fee7619c0 Uncommon trap: trap_request=0xffffffde fr.pc=0x0000022f993ccb78 relative=0x00000000000002b8
Event: 0.568 Thread 0x0000022fee7619c0 Uncommon trap: reason=class_check action=maybe_recompile pc=0x0000022f993ccb78 method=java.util.HashMap.getNode(Ljava/lang/Object;)Ljava/util/HashMap$Node; @ 63 c2
Event: 0.568 Thread 0x0000022fee7619c0 DEOPT PACKING pc=0x0000022f993ccb78 sp=0x0000009bbdcfd720
Event: 0.568 Thread 0x0000022fee7619c0 DEOPT UNPACKING pc=0x0000022f98e54402 sp=0x0000009bbdcfd688 mode 2

Classes loaded (20 events):
Event: 0.596 Loading class sun/awt/im/CompositionAreaHandler
Event: 0.596 Loading class java/awt/event/InputMethodListener
Event: 0.596 Loading class java/awt/event/InputMethodListener done
Event: 0.596 Loading class sun/awt/im/CompositionAreaHandler done
Event: 0.596 Loading class java/text/AttributedString
Event: 0.597 Loading class java/text/AttributedString done
Event: 0.597 Loading class java/text/AttributedString$AttributedStringIterator
Event: 0.597 Loading class java/text/AttributedCharacterIterator
Event: 0.597 Loading class java/text/CharacterIterator
Event: 0.597 Loading class java/text/CharacterIterator done
Event: 0.597 Loading class java/text/AttributedCharacterIterator done
Event: 0.597 Loading class java/text/AttributedString$AttributedStringIterator done
Event: 2.415 Loading class java/awt/KeyboardFocusManager$2
Event: 2.415 Loading class java/awt/KeyboardFocusManager$2 done
Event: 2.416 Loading class sun/awt/SunToolkit$1
Event: 2.416 Loading class sun/awt/SunToolkit$1 done
Event: 981.113 Loading class java/awt/desktop/SystemSleepListener
Event: 981.113 Loading class java/awt/desktop/SystemEventListener
Event: 981.113 Loading class java/awt/desktop/SystemEventListener done
Event: 981.113 Loading class java/awt/desktop/SystemSleepListener done

Classes unloaded (0 events):
No events

Classes redefined (0 events):
No events

Internal exceptions (14 events):
Event: 0.085 Thread 0x0000022f86fa9af0 Exception <a 'sun/nio/fs/WindowsException'{0x0000000711f56e50}> (0x0000000711f56e50) 
thrown [s\open\src\hotspot\share\prims\jni.cpp, line 520]
Event: 0.086 Thread 0x0000022f86fa9af0 Exception <a 'sun/nio/fs/WindowsException'{0x0000000711f59848}> (0x0000000711f59848) 
thrown [s\open\src\hotspot\share\prims\jni.cpp, line 520]
Event: 0.086 Thread 0x0000022f86fa9af0 Exception <a 'sun/nio/fs/WindowsException'{0x0000000711f5a300}> (0x0000000711f5a300) 
thrown [s\open\src\hotspot\share\prims\jni.cpp, line 520]
Event: 0.128 Thread 0x0000022f86fa9af0 Exception <a 'java/lang/ClassNotFoundException'{0x0000000711c7c810}: sun/awt/resources/spi/awtProvider> (0x0000000711c7c810) 
thrown [s\open\src\hotspot\share\classfile\systemDictionary.cpp, line 313]
Event: 0.151 Thread 0x0000022f86fa9af0 Exception <a 'java/io/FileNotFoundException'{0x0000000711cd05e0}> (0x0000000711cd05e0) 
thrown [s\open\src\hotspot\share\prims\jni.cpp, line 520]
Event: 0.158 Thread 0x0000022f86fa9af0 Exception <a 'java/io/FileNotFoundException'{0x0000000711cfeb38}> (0x0000000711cfeb38) 
thrown [s\open\src\hotspot\share\prims\jni.cpp, line 520]
Event: 0.230 Thread 0x0000022f86fa9af0 Exception <a 'java/lang/NoSuchMethodError'{0x0000000711d99378}: 'void java.lang.invoke.DirectMethodHandle$Holder.invokeSpecial(java.lang.Object, java.lang.Object, java.lang.Object)'> (0x0000000711d99378) 
thrown [s\open\src\hotspot\share\interpreter\linkResolver.cpp, line 796]
Event: 0.242 Thread 0x0000022f86fa9af0 Exception <a 'java/lang/NoSuchMethodError'{0x0000000711a3a3c0}: 'java.lang.Object java.lang.invoke.DirectMethodHandle$Holder.invokeStatic(java.lang.Object, int, java.lang.Object)'> (0x0000000711a3a3c0) 
thrown [s\open\src\hotspot\share\interpreter\linkResolver.cpp, line 796]
Event: 0.263 Thread 0x0000022f86fa9af0 Exception <a 'java/lang/ClassNotFoundException'{0x0000000711ae1640}: com/sun/swing/internal/plaf/metal/resources/spi/metalProvider> (0x0000000711ae1640) 
thrown [s\open\src\hotspot\share\classfile\systemDictionary.cpp, line 313]
Event: 0.264 Thread 0x0000022f86fa9af0 Exception <a 'java/lang/ClassNotFoundException'{0x0000000711ae5650}: com/sun/swing/internal/plaf/basic/resources/spi/basicProvider> (0x0000000711ae5650) 
thrown [s\open\src\hotspot\share\classfile\systemDictionary.cpp, line 313]
Event: 0.272 Thread 0x0000022f86fa9af0 Exception <a 'java/lang/NoSuchMethodError'{0x0000000711b04f68}: 'int java.lang.invoke.Invokers$Holder.invokeExact_MT(java.lang.Object, java.lang.Object)'> (0x0000000711b04f68) 
thrown [s\open\src\hotspot\share\interpreter\linkResolver.cpp, line 796]
Event: 0.344 Thread 0x0000022fed371d30 Exception <a 'java/lang/NoSuchMethodError'{0x00000007118cbbc8}: 'java.lang.Object java.lang.invoke.DirectMethodHandle$Holder.newInvokeSpecial(java.lang.Object, java.lang.Object, java.lang.Object, int, int, int, int, int)'> (0x00000007118cbbc8) 
thrown [s\open\src\hotspot\share\interpreter\linkResolver.cpp, line 796]
Event: 0.407 Thread 0x0000022fed31a010 Exception <a 'java/lang/NoSuchMethodError'{0x00000007112de8d0}: 'void java.lang.invoke.DirectMethodHandle$Holder.invokeVirtual(java.lang.Object, java.lang.Object)'> (0x00000007112de8d0) 
thrown [s\open\src\hotspot\share\interpreter\linkResolver.cpp, line 796]
Event: 0.425 Thread 0x0000022f86fa9af0 Exception <a 'java/lang/NoSuchMethodError'{0x0000000711379858}: 'void java.lang.invoke.DirectMethodHandle$Holder.invokeStaticInit(java.lang.Object)'> (0x0000000711379858) 
thrown [s\open\src\hotspot\share\interpreter\linkResolver.cpp, line 796]

VM Operations (20 events):
Event: 0.167 Executing VM operation: HandshakeAllThreads (Deoptimize)
Event: 0.167 Executing VM operation: HandshakeAllThreads (Deoptimize) done
Event: 0.329 Executing VM operation: HandshakeAllThreads (Deoptimize)
Event: 0.329 Executing VM operation: HandshakeAllThreads (Deoptimize) done
Event: 0.372 Executing VM operation: HandshakeAllThreads (Deoptimize)
Event: 0.372 Executing VM operation: HandshakeAllThreads (Deoptimize) done
Event: 0.413 Executing VM operation: HandshakeAllThreads (Deoptimize)
Event: 0.413 Executing VM operation: HandshakeAllThreads (Deoptimize) done
Event: 60.040 Executing VM operation: HandshakeAllThreads (HandshakeForDeflation)
Event: 60.040 Executing VM operation: HandshakeAllThreads (HandshakeForDeflation) done
Event: 60.040 Executing VM operation: RendezvousGCThreads
Event: 60.040 Executing VM operation: RendezvousGCThreads done
Event: 360.855 Executing VM operation: HandshakeAllThreads (HandshakeForDeflation)
Event: 360.855 Executing VM operation: HandshakeAllThreads (HandshakeForDeflation) done
Event: 360.855 Executing VM operation: RendezvousGCThreads
Event: 360.855 Executing VM operation: RendezvousGCThreads done
Event: 2697.362 Executing VM operation: HandshakeAllThreads (HandshakeForDeflation)
Event: 2697.362 Executing VM operation: HandshakeAllThreads (HandshakeForDeflation) done
Event: 2697.362 Executing VM operation: RendezvousGCThreads
Event: 2697.362 Executing VM operation: RendezvousGCThreads done

Memory protections (0 events):
No events

Nmethod flushes (0 events):
No events

Events (20 events):
Event: 0.042 Thread 0x0000022f86fa9af0 Thread added: 0x0000022fa7cf01b0
Event: 0.043 Thread 0x0000022f86fa9af0 Thread added: 0x0000022fa7cf0ed0
Event: 0.043 Thread 0x0000022f86fa9af0 Thread added: 0x0000022fa7cf3d30
Event: 0.043 Thread 0x0000022f86fa9af0 Thread added: 0x0000022fa7cf4790
Event: 0.043 Thread 0x0000022f86fa9af0 Thread added: 0x0000022fa7cff210
Event: 0.043 Thread 0x0000022f86fa9af0 Thread added: 0x0000022fa7d23180
Event: 0.043 Thread 0x0000022f86fa9af0 Thread added: 0x0000022fa7d27f30
Event: 0.043 Thread 0x0000022f86fa9af0 Thread added: 0x0000022fa7d289e0
Event: 0.070 Thread 0x0000022f86fa9af0 Thread added: 0x0000022fed0bb790
Event: 0.102 Thread 0x0000022f86fa9af0 Thread added: 0x0000022fed2214a0
Event: 0.202 Thread 0x0000022f86fa9af0 Thread added: 0x0000022fed311880
Event: 0.204 Thread 0x0000022f86fa9af0 Thread added: 0x0000022fed316190
Event: 0.205 Thread 0x0000022f86fa9af0 Thread added: 0x0000022fed31a010
Event: 0.278 Thread 0x0000022f86fa9af0 Thread added: 0x0000022fed371d30
Event: 0.310 Thread 0x0000022fa7d289e0 Thread added: 0x0000022fee6c7bc0
Event: 0.406 Thread 0x0000022fed31a010 Thread added: 0x0000022fee7619c0
Event: 0.537 Thread 0x0000022f86fa9af0 Thread exited: 0x0000022f86fa9af0
Event: 0.537 Thread 0x0000022f86fa9af0 Thread added: 0x0000022f86fa9af0
Event: 1.240 Thread 0x0000022fee6c7bc0 Thread exited: 0x0000022fee6c7bc0
Event: 5.399 Thread 0x0000022fed371d30 Thread exited: 0x0000022fed371d30


Dynamic libraries:
0x00007ff7e39a0000 - 0x00007ff7e39b0000 	C:\Program Files\Java\jdk-23\bin\java.exe
0x00007ffb83410000 - 0x00007ffb83608000 	C:\WINDOWS\SYSTEM32\ntdll.dll
0x00007ffb83150000 - 0x00007ffb83212000 	C:\WINDOWS\System32\KERNEL32.DLL
0x00007ffb80e20000 - 0x00007ffb81116000 	C:\WINDOWS\System32\KERNELBASE.dll
0x00007ffb811d0000 - 0x00007ffb812d0000 	C:\WINDOWS\System32\ucrtbase.dll
0x00007ffb78330000 - 0x00007ffb7834b000 	C:\Program Files\Java\jdk-23\bin\VCRUNTIME140.dll
0x00007ffb58790000 - 0x00007ffb587a7000 	C:\Program Files\Java\jdk-23\bin\jli.dll
0x00007ffb82fb0000 - 0x00007ffb8314d000 	C:\WINDOWS\System32\USER32.dll
0x00007ffb80df0000 - 0x00007ffb80e12000 	C:\WINDOWS\System32\win32u.dll
0x00007ffb6b490000 - 0x00007ffb6b72a000 	C:\WINDOWS\WinSxS\amd64_microsoft.windows.common-controls_6595b64144ccf1df_6.0.19041.4355_none_60b8b9eb71f62e16\COMCTL32.dll
0x00007ffb82450000 - 0x00007ffb8247b000 	C:\WINDOWS\System32\GDI32.dll
0x00007ffb81e80000 - 0x00007ffb81f1e000 	C:\WINDOWS\System32\msvcrt.dll
0x00007ffb80b20000 - 0x00007ffb80c3a000 	C:\WINDOWS\System32\gdi32full.dll
0x00007ffb81390000 - 0x00007ffb8142d000 	C:\WINDOWS\System32\msvcp_win.dll
0x00007ffb814e0000 - 0x00007ffb8150f000 	C:\WINDOWS\System32\IMM32.DLL
0x00007ffb7abd0000 - 0x00007ffb7abdc000 	C:\Program Files\Java\jdk-23\bin\vcruntime140_1.dll
0x00007ffb58040000 - 0x00007ffb580ce000 	C:\Program Files\Java\jdk-23\bin\msvcp140.dll
0x00007ffb02a90000 - 0x00007ffb037df000 	C:\Program Files\Java\jdk-23\bin\server\jvm.dll
0x00007ffb82f00000 - 0x00007ffb82faf000 	C:\WINDOWS\System32\ADVAPI32.dll
0x00007ffb82480000 - 0x00007ffb8251f000 	C:\WINDOWS\System32\sechost.dll
0x00007ffb81570000 - 0x00007ffb81693000 	C:\WINDOWS\System32\RPCRT4.dll
0x00007ffb812d0000 - 0x00007ffb812f7000 	C:\WINDOWS\System32\bcrypt.dll
0x00007ffb816a0000 - 0x00007ffb8170b000 	C:\WINDOWS\System32\WS2_32.dll
0x00007ffb80900000 - 0x00007ffb8094b000 	C:\WINDOWS\SYSTEM32\POWRPROF.dll
0x00007ffb69420000 - 0x00007ffb69447000 	C:\WINDOWS\SYSTEM32\WINMM.dll
0x00007ffb76890000 - 0x00007ffb7689a000 	C:\WINDOWS\SYSTEM32\VERSION.dll
0x00007ffb808e0000 - 0x00007ffb808f2000 	C:\WINDOWS\SYSTEM32\UMPDC.dll
0x00007ffb7f2c0000 - 0x00007ffb7f2d2000 	C:\WINDOWS\SYSTEM32\kernel.appcore.dll
0x00007ffb78320000 - 0x00007ffb7832a000 	C:\Program Files\Java\jdk-23\bin\jimage.dll
0x00007ffb7b7d0000 - 0x00007ffb7b9b4000 	C:\WINDOWS\SYSTEM32\DBGHELP.DLL
0x00007ffb62950000 - 0x00007ffb62984000 	C:\WINDOWS\SYSTEM32\dbgcore.DLL
0x00007ffb81300000 - 0x00007ffb81382000 	C:\WINDOWS\System32\bcryptPrimitives.dll
0x00007ffb77410000 - 0x00007ffb7742e000 	C:\Program Files\Java\jdk-23\bin\java.dll
0x00007ffb82d60000 - 0x00007ffb82e8b000 	C:\WINDOWS\System32\ole32.dll
0x00007ffb82020000 - 0x00007ffb82375000 	C:\WINDOWS\System32\combase.dll
0x00007ffb81710000 - 0x00007ffb81e7f000 	C:\WINDOWS\System32\SHELL32.dll
0x00007ffb7b9c0000 - 0x00007ffb7c163000 	C:\WINDOWS\SYSTEM32\windows.storage.dll
0x00007ffb80400000 - 0x00007ffb8042b000 	C:\WINDOWS\SYSTEM32\Wldp.dll
0x00007ffb82520000 - 0x00007ffb825ed000 	C:\WINDOWS\System32\OLEAUT32.dll
0x00007ffb82380000 - 0x00007ffb8242d000 	C:\WINDOWS\System32\SHCORE.dll
0x00007ffb825f0000 - 0x00007ffb82645000 	C:\WINDOWS\System32\shlwapi.dll
0x00007ffb809d0000 - 0x00007ffb809f5000 	C:\WINDOWS\SYSTEM32\profapi.dll
0x00007ffb56480000 - 0x00007ffb56557000 	C:\Program Files\Java\jdk-23\bin\jsvml.dll
0x00007ffb782f0000 - 0x00007ffb78300000 	C:\Program Files\Java\jdk-23\bin\net.dll
0x00007ffb80160000 - 0x00007ffb801cc000 	C:\WINDOWS\system32\mswsock.dll
0x00007ffb6b0e0000 - 0x00007ffb6b0f6000 	C:\Program Files\Java\jdk-23\bin\nio.dll
0x00007ffb667d0000 - 0x00007ffb667e7000 	C:\Program Files\Java\jdk-23\bin\zip.dll
0x00007ffb562f0000 - 0x00007ffb5647e000 	C:\Program Files\Java\jdk-23\bin\awt.dll
0x00007ffb79b80000 - 0x00007ffb79c14000 	C:\WINDOWS\SYSTEM32\apphelp.dll
0x00007ffb7b210000 - 0x00007ffb7b23f000 	C:\WINDOWS\system32\DWMAPI.DLL
0x00007ffb7b020000 - 0x00007ffb7b0be000 	C:\WINDOWS\system32\uxtheme.dll
0x00007ffb61550000 - 0x00007ffb61678000 	C:\WINDOWS\system32\opengl32.dll
0x00007ffb614d0000 - 0x00007ffb614fc000 	C:\WINDOWS\SYSTEM32\GLU32.dll
0x00007ffb82c40000 - 0x00007ffb82d55000 	C:\WINDOWS\System32\MSCTF.dll
0x00007ffb58380000 - 0x00007ffb583ae000 	C:\Program Files\Java\jdk-23\bin\javajpeg.dll
0x00007ffb44230000 - 0x00007ffb442b7000 	C:\Program Files\Java\jdk-23\bin\freetype.dll
0x00007ffb44150000 - 0x00007ffb44227000 	C:\Program Files\Java\jdk-23\bin\fontmanager.dll
0x00007ffb72aa0000 - 0x00007ffb72b99000 	C:\WINDOWS\SYSTEM32\textinputframework.dll
0x00007ffb791e0000 - 0x00007ffb7953b000 	C:\WINDOWS\System32\CoreUIComponents.dll
0x00007ffb795f0000 - 0x00007ffb796e2000 	C:\WINDOWS\System32\CoreMessaging.dll
0x00007ffb7fcd0000 - 0x00007ffb7fd03000 	C:\WINDOWS\SYSTEM32\ntmarta.dll
0x00007ffb7a060000 - 0x00007ffb7a1b7000 	C:\WINDOWS\SYSTEM32\wintypes.dll

dbghelp: loaded successfully - version: 4.0.5 - missing functions: none
symbol engine: initialized successfully - sym options: 0x614 - pdb path: .;C:\Program Files\Java\jdk-23\bin;C:\WINDOWS\SYSTEM32;C:\WINDOWS\WinSxS\amd64_microsoft.windows.common-controls_6595b64144ccf1df_6.0.19041.4355_none_60b8b9eb71f62e16;C:\Program Files\Java\jdk-23\bin\server

VM Arguments:
jvm_args: -Dfile.encoding=UTF-8 --module-path=C:\Users\ergik\Documents\NetBeansProjects\bank management\build\classes 
java_command: bank.management.Transactions
java_class_path (initial): C:\Program Files;C:\Program Files\Java;C:\Users\ergik\Downloads\jcalendar-1.4.zip;C:\Users\ergik\Downloads\jcalendar-1.4-javadoc.jar;C:\Users\ergik\Downloads\jcalendar-1.4.jar;C:\Users\ergik\Downloads\mysql-connector-java-8.0.28.jar;C:\Users\ergik\Documents\NetBeansProjects\bank management\build\classes
Launcher Type: SUN_STANDARD

[Global flags]
     intx CICompilerCount                          = 3                                         {product} {ergonomic}
     uint ConcGCThreads                            = 1                                         {product} {ergonomic}
     uint G1ConcRefinementThreads                  = 4                                         {product} {ergonomic}
   size_t G1HeapRegionSize                         = 2097152                                   {product} {ergonomic}
   size_t InitialHeapSize                          = 266338304                                 {product} {ergonomic}
   size_t MarkStackSize                            = 4194304                                   {product} {ergonomic}
   size_t MarkStackSizeMax                         = 536870912                                 {product} {ergonomic}
   size_t MaxHeapSize                              = 4259315712                                {product} {ergonomic}
   size_t MaxNewSize                               = 2554331136                                {product} {ergonomic}
   size_t MinHeapDeltaBytes                        = 2097152                                   {product} {ergonomic}
   size_t MinHeapSize                              = 8388608                                   {product} {ergonomic}
    uintx NonNMethodCodeHeapSize                   = 5832704                                {pd product} {ergonomic}
    uintx NonProfiledCodeHeapSize                  = 122945536                              {pd product} {ergonomic}
    uintx ProfiledCodeHeapSize                     = 122880000                              {pd product} {ergonomic}
    uintx ReservedCodeCacheSize                    = 251658240                              {pd product} {ergonomic}
     bool SegmentedCodeCache                       = true                                      {product} {ergonomic}
   size_t SoftMaxHeapSize                          = 4259315712                             {manageable} {ergonomic}
     bool UseCompressedOops                        = true                           {product lp64_product} {ergonomic}
     bool UseG1GC                                  = true                                      {product} {ergonomic}
     bool UseLargePagesIndividualAllocation        = false                                  {pd product} {ergonomic}

Logging:
Log output configuration:
 #0: stdout all=warning uptime,level,tags foldmultilines=false
 #1: stderr all=off uptime,level,tags foldmultilines=false

Environment Variables:
PATH=C:\Program Files\Common Files\Oracle\Java\javapath;C:\WINDOWS\system32;C:\WINDOWS;C:\WINDOWS\System32\Wbem;C:\WINDOWS\System32\WindowsPowerShell\v1.0\;C:\WINDOWS\System32\OpenSSH\;C:\Program Files\MySQL\MySQL Shell 8.0\bin\;C:\Users\ergik\AppData\Local\Programs\Python\Python312\Scripts\;C:\Users\ergik\AppData\Local\Programs\Python\Python312\;C:\Users\ergik\AppData\Local\Programs\Python\Launcher\;C:\Users\ergik\AppData\Local\Microsoft\WindowsApps;C:\Users\ergik\AppData\Local\Programs\Microsoft VS Code\bin;C:\Users\ergik\AppData\Local\GitHubDesktop\bin
USERNAME=ergik
OS=Windows_NT
PROCESSOR_IDENTIFIER=Intel64 Family 6 Model 142 Stepping 9, GenuineIntel
TMP=C:\Users\ergik\AppData\Local\Temp
TEMP=C:\Users\ergik\AppData\Local\Temp




Periodic native trim disabled

---------------  S Y S T E M  ---------------

OS:
 Windows 10 , 64 bit Build 19041 (10.0.19041.5678)
OS uptime: 2 days 1:51 hours

CPU: total 4 (initial active 4) (2 cores per cpu, 2 threads per core) family 6 model 142 stepping 9 microcode 0xf6, cx8, cmov, fxsr, ht, mmx, 3dnowpref, sse, sse2, sse3, ssse3, sse4.1, sse4.2, popcnt, lzcnt, tsc, tscinvbit, avx, avx2, aes, erms, clmul, bmi1, bmi2, rtm, adx, fma, vzeroupper, clflush, clflushopt, rdtscp, f16c
Processor Information for the first 4 processors :
  Max Mhz: 2712, Current Mhz: 2611, Mhz Limit: 2603

Memory: 4k page, system-wide physical 16242M (9563M free)
TotalPageFile size 18674M (AvailPageFile size 7129M)
current process WorkingSet (physical memory assigned to process): 80M, peak: 82M
current process commit charge ("private bytes"): 345M, peak: 347M

vm_info: Java HotSpot(TM) 64-Bit Server VM (23+37-2369) for windows-amd64 JRE (23+37-2369), built on 2024-08-20T16:01:23Z with MS VC++ 17.6 (VS2022)

END.
